#
# There is insufficient memory for the Java Runtime Environment to continue.
# Native memory allocation (mmap) failed to map 165675008 bytes for Failed to commit area from 0x0000000089800000 to 0x0000000093600000 of length 165675008.
# Possible reasons:
#   The system is out of physical RAM or swap space
#   The process is running with CompressedOops enabled, and the Java Heap may be blocking the growth of the native heap
# Possible solutions:
#   Reduce memory load on the system
#   Increase physical memory or swap space
#   Check if swap backing store is full
#   Decrease Java heap size (-Xmx/-Xms)
#   Decrease number of Java threads
#   Decrease Java thread stack sizes (-Xss)
#   Set larger code cache with -XX:ReservedCodeCacheSize=
#   JVM is running with Unscaled Compressed Oops mode in which the Java heap is
#     placed in the first 4GB address space. The Java Heap base address is the
#     maximum limit for the native heap growth. Please use -XX:HeapBaseMinAddress
#     to set the Java Heap base and to place the Java Heap above 4GB virtual address.
# This output file may be truncated or incomplete.
#
#  Out of Memory Error (./src/hotspot/os/windows/os_windows.cpp:3521), pid=12340, tid=23832
#
# JRE version: OpenJDK Runtime Environment (11.0.12+7) (build 11.0.12+7-b1504.28-7817840)
# Java VM: OpenJDK 64-Bit Server VM (11.0.12+7-b1504.28-7817840, mixed mode, tiered, compressed oops, g1 gc, windows-amd64)
# No core dump will be written. Minidumps are not enabled by default on client versions of Windows
#

---------------  S U M M A R Y ------------

Command Line: --add-opens=java.base/java.util=ALL-UNNAMED --add-opens=java.base/java.lang=ALL-UNNAMED --add-opens=java.base/java.lang.invoke=ALL-UNNAMED --add-opens=java.base/java.util=ALL-UNNAMED --add-opens=java.prefs/java.util.prefs=ALL-UNNAMED --add-opens=java.prefs/java.util.prefs=ALL-UNNAMED --add-opens=java.base/java.nio.charset=ALL-UNNAMED --add-opens=java.base/java.net=ALL-UNNAMED --add-opens=java.base/java.util.concurrent.atomic=ALL-UNNAMED -Xmx2048m -Dfile.encoding=UTF-8 -Duser.country=CN -Duser.language=zh -Duser.variant org.gradle.launcher.daemon.bootstrap.GradleDaemon 7.3.3

Host: Intel(R) Core(TM) i5-9300H CPU @ 2.40GHz, 8 cores, 7G,  Windows 10 , 64 bit Build 22000 (10.0.22000.708)
Time: Sun Sep 18 11:44:28 2022 中国标准时间 elapsed time: 1733.791340 seconds (0d 0h 28m 53s)

---------------  T H R E A D  ---------------

Current thread (0x0000028a96426000):  VMThread "VM Thread" [stack: 0x000000927c300000,0x000000927c400000] [id=23832]

Stack: [0x000000927c300000,0x000000927c400000]
[error occurred during error reporting (printing stack bounds), id 0xc0000005, EXCEPTION_ACCESS_VIOLATION (0xc0000005) at pc=0x0000028a8000112d]

Native frames: (J=compiled Java code, j=interpreted, Vv=VM code, C=native code)
V  [jvm.dll+0x5fbcea]
V  [jvm.dll+0x731905]
V  [jvm.dll+0x732f1d]
V  [jvm.dll+0x733535]
V  [jvm.dll+0x7334eb]
V  [jvm.dll+0x5fb080]
V  [jvm.dll+0x5fb818]
C  [ntdll.dll+0xa8b1f]
C  [ntdll.dll+0x35b9a]
C  [ntdll.dll+0xa7b2e]
C  0x0000028a8000112d

VM_Operation (0x00000092003f9320): G1CollectForAllocation, mode: safepoint, requested by thread 0x0000028a9d2b9000


---------------  P R O C E S S  ---------------

Threads class SMR info:
_java_thread_list=0x0000028a992fc0f0, length=123, elements={
0x0000028afbf31800, 0x0000028a96429000, 0x0000028a96434800, 0x0000028a96caa000,
0x0000028a96cab800, 0x0000028a96cb2800, 0x0000028a96cb3800, 0x0000028a96cb8000,
0x0000028a96ccb800, 0x0000028a96e15000, 0x0000028a97c56800, 0x0000028a98367000,
0x0000028a993f6800, 0x0000028a986d3800, 0x0000028a986d4800, 0x0000028a986d5000,
0x0000028a986d0800, 0x0000028a986d7000, 0x0000028a98e87800, 0x0000028a98e88800,
0x0000028a98e84800, 0x0000028a98e82800, 0x0000028a98e89000, 0x0000028a9c04d800,
0x0000028a9c050000, 0x0000028a9c04d000, 0x0000028a9c051000, 0x0000028a9c052000,
0x0000028a9d2bb800, 0x0000028a9d2bc800, 0x0000028a9d2be000, 0x0000028a9d2ba800,
0x0000028a9d2b9000, 0x0000028a9d2ba000, 0x0000028a9d2b8800, 0x0000028a9d2bf000,
0x0000028a9d2c0800, 0x0000028a9d2c3800, 0x0000028a9d2c1800, 0x0000028a9d2c4800,
0x0000028a9d2c5800, 0x0000028a9d2c2000, 0x0000028a9d2c3000, 0x0000028a9d2bf800,
0x0000028a9d2c6000, 0x0000028a9d2c7000, 0x0000028a9c048000, 0x0000028a9c045800,
0x0000028a9c046800, 0x0000028a9c044000, 0x0000028a9c049000, 0x0000028a9c047000,
0x0000028a9c044800, 0x0000028a9c043000, 0x0000028a9c04b800, 0x0000028a9c04e800,
0x0000028a9c04f800, 0x0000028a9c04c000, 0x0000028a9c049800, 0x0000028a9c04a800,
0x0000028a98e8a000, 0x0000028a98e8b000, 0x0000028a98e85000, 0x0000028a98e8b800,
0x0000028a98e86800, 0x0000028a98e86000, 0x0000028a98e8f000, 0x0000028a98e8c800,
0x0000028a98e8d800, 0x0000028a98e8e000, 0x0000028a98e8f800, 0x0000028a98e90800,
0x0000028a986d1000, 0x0000028a986d2000, 0x0000028a986d6000, 0x0000028a986d2800,
0x0000028a98730800, 0x0000028a98733800, 0x0000028a98736000, 0x0000028a98734800,
0x0000028a98732000, 0x0000028a98735000, 0x0000028a98737000, 0x0000028a98732800,
0x0000028a98731000, 0x0000028a98737800, 0x0000028a9873e000, 0x0000028a9873b000,
0x0000028a9873c800, 0x0000028a98738800, 0x0000028a9873d800, 0x0000028a9873f000,
0x0000028a9873b800, 0x0000028a98739800, 0x0000028a9873a000, 0x0000028aa03f9800,
0x0000028aa03fa800, 0x0000028aa03f9000, 0x0000028aa03fb800, 0x0000028aa03fc000,
0x0000028aa03fd000, 0x0000028aa03f7000, 0x0000028aa03fd800, 0x0000028aa03f8000,
0x0000028aa0401000, 0x0000028aa0404800, 0x0000028aa03ff800, 0x0000028aa0402000,
0x0000028aa0402800, 0x0000028aa03fe800, 0x0000028aa0405000, 0x0000028aa0403800,
0x0000028aa0406000, 0x0000028aa0400000, 0x0000028a9be37000, 0x0000028a9be35800,
0x0000028a9be38000, 0x0000028a9be34800, 0x0000028a9be36800, 0x0000028a9be38800,
0x0000028a9be39800, 0x0000028a9be34000, 0x0000028a9be41000
}

Java Threads: ( => current thread )
  0x0000028afbf31800 JavaThread "main" [_thread_blocked, id=10988, stack(0x000000927bd00000,0x000000927be00000)]
  0x0000028a96429000 JavaThread "Reference Handler" daemon [_thread_blocked, id=22232, stack(0x000000927c400000,0x000000927c500000)]
  0x0000028a96434800 JavaThread "Finalizer" daemon [_thread_blocked, id=2348, stack(0x000000927c500000,0x000000927c600000)]
  0x0000028a96caa000 JavaThread "Signal Dispatcher" daemon [_thread_blocked, id=16316, stack(0x000000927c600000,0x000000927c700000)]
  0x0000028a96cab800 JavaThread "Attach Listener" daemon [_thread_blocked, id=20600, stack(0x000000927c700000,0x000000927c800000)]
  0x0000028a96cb2800 JavaThread "Service Thread" daemon [_thread_blocked, id=23120, stack(0x000000927c800000,0x000000927c900000)]
  0x0000028a96cb3800 JavaThread "C2 CompilerThread0" daemon [_thread_blocked, id=20776, stack(0x000000927c900000,0x000000927ca00000)]
  0x0000028a96cb8000 JavaThread "C1 CompilerThread0" daemon [_thread_blocked, id=23988, stack(0x000000927ca00000,0x000000927cb00000)]
  0x0000028a96ccb800 JavaThread "Sweeper thread" daemon [_thread_blocked, id=3744, stack(0x000000927cb00000,0x000000927cc00000)]
  0x0000028a96e15000 JavaThread "Common-Cleaner" daemon [_thread_blocked, id=20024, stack(0x000000927cc00000,0x000000927cd00000)]
  0x0000028a97c56800 JavaThread "Daemon health stats" [_thread_blocked, id=14744, stack(0x000000927ce00000,0x000000927cf00000)]
  0x0000028a98367000 JavaThread "Incoming local TCP Connector on port 62930" [_thread_in_native, id=15004, stack(0x000000927d100000,0x000000927d200000)]
  0x0000028a993f6800 JavaThread "Daemon periodic checks" [_thread_blocked, id=16544, stack(0x000000927d200000,0x000000927d300000)]
  0x0000028a986d3800 JavaThread "Cache worker for journal cache (C:\Users\86176\.gradle\caches\journal-1)" [_thread_blocked, id=14516, stack(0x000000927df00000,0x000000927e000000)]
  0x0000028a986d4800 JavaThread "File lock request listener" [_thread_in_native, id=21200, stack(0x000000927e000000,0x000000927e100000)]
  0x0000028a986d5000 JavaThread "Cache worker for file hash cache (C:\Users\86176\.gradle\caches\7.3.3\fileHashes)" [_thread_blocked, id=22888, stack(0x000000927e100000,0x000000927e200000)]
  0x0000028a986d0800 JavaThread "File watcher server" daemon [_thread_blocked, id=17660, stack(0x000000927e500000,0x000000927e600000)]
  0x0000028a986d7000 JavaThread "File watcher consumer" daemon [_thread_blocked, id=15848, stack(0x000000927e600000,0x000000927e700000)]
  0x0000028a98e87800 JavaThread "Cache worker for execution history cache (C:\Users\86176\.gradle\caches\7.3.3\executionHistory)" [_thread_blocked, id=20808, stack(0x000000927ea00000,0x000000927eb00000)]
  0x0000028a98e88800 JavaThread "jar transforms" [_thread_blocked, id=13452, stack(0x000000927eb00000,0x000000927ec00000)]
  0x0000028a98e84800 JavaThread "Cache worker for file content cache (C:\Users\86176\.gradle\caches\7.3.3\fileContent)" [_thread_blocked, id=22832, stack(0x000000927ec00000,0x000000927ed00000)]
  0x0000028a98e82800 JavaThread "jar transforms Thread 2" [_thread_blocked, id=19264, stack(0x000000927ed00000,0x000000927ee00000)]
  0x0000028a98e89000 JavaThread "jar transforms Thread 3" [_thread_blocked, id=21420, stack(0x000000927ef00000,0x000000927f000000)]
  0x0000028a9c04d800 JavaThread "jar transforms Thread 4" [_thread_blocked, id=6712, stack(0x0000009204000000,0x0000009204100000)]
  0x0000028a9c050000 JavaThread "jar transforms Thread 5" [_thread_blocked, id=9676, stack(0x0000009204100000,0x0000009204200000)]
  0x0000028a9c04d000 JavaThread "jar transforms Thread 6" [_thread_blocked, id=9884, stack(0x0000009204200000,0x0000009204300000)]
  0x0000028a9c051000 JavaThread "jar transforms Thread 7" [_thread_blocked, id=12608, stack(0x0000009204300000,0x0000009204400000)]
  0x0000028a9c052000 JavaThread "jar transforms Thread 8" [_thread_blocked, id=17740, stack(0x0000009204400000,0x0000009204500000)]
  0x0000028a9d2bb800 JavaThread "Memory manager" [_thread_blocked, id=12448, stack(0x0000009204500000,0x0000009204600000)]
  0x0000028a9d2bc800 JavaThread "Daemon Thread 3" [_thread_blocked, id=14784, stack(0x0000009200000000,0x0000009200100000)]
  0x0000028a9d2be000 JavaThread "Handler for socket connection from /127.0.0.1:62930 to /127.0.0.1:64329" [_thread_in_native, id=13912, stack(0x0000009200100000,0x0000009200200000)]
  0x0000028a9d2ba800 JavaThread "Cancel handler" [_thread_blocked, id=13924, stack(0x0000009200200000,0x0000009200300000)]
  0x0000028a9d2b9000 JavaThread "Daemon worker Thread 3" [_thread_blocked, id=2196, stack(0x0000009200300000,0x0000009200400000)]
  0x0000028a9d2ba000 JavaThread "Asynchronous log dispatcher for DefaultDaemonConnection: socket connection from /127.0.0.1:62930 to /127.0.0.1:64329" [_thread_blocked, id=23048, stack(0x0000009200400000,0x0000009200500000)]
  0x0000028a9d2b8800 JavaThread "Stdin handler" [_thread_blocked, id=5112, stack(0x0000009200500000,0x0000009200600000)]
  0x0000028a9d2bf000 JavaThread "Daemon client event forwarder" [_thread_blocked, id=17892, stack(0x0000009200600000,0x0000009200700000)]
  0x0000028a9d2c0800 JavaThread "Cache worker for file hash cache (D:\Android Studio\project\Login\.gradle\7.3.3\fileHashes)" [_thread_blocked, id=11416, stack(0x0000009200700000,0x0000009200800000)]
  0x0000028a9d2c3800 JavaThread "Cache worker for checksums cache (D:\Android Studio\project\Login\.gradle\7.3.3\checksums)" [_thread_blocked, id=684, stack(0x0000009200800000,0x0000009200900000)]
  0x0000028a9d2c1800 JavaThread "Cache worker for cache directory md-supplier (C:\Users\86176\.gradle\caches\7.3.3\md-supplier)" [_thread_blocked, id=2668, stack(0x0000009200900000,0x0000009200a00000)]
  0x0000028a9d2c4800 JavaThread "Cache worker for cache directory md-rule (C:\Users\86176\.gradle\caches\7.3.3\md-rule)" [_thread_blocked, id=16160, stack(0x0000009200a00000,0x0000009200b00000)]
  0x0000028a9d2c5800 JavaThread "Cache worker for dependencies-accessors (D:\Android Studio\project\Login\.gradle\7.3.3\dependencies-accessors)" [_thread_blocked, id=7428, stack(0x0000009200b00000,0x0000009200c00000)]
  0x0000028a9d2c2000 JavaThread "Cache worker for Build Output Cleanup Cache (D:\Android Studio\project\Login\.gradle\buildOutputCleanup)" [_thread_blocked, id=24016, stack(0x0000009200c00000,0x0000009200d00000)]
  0x0000028a9d2c3000 JavaThread "Unconstrained build operations" [_thread_blocked, id=11884, stack(0x0000009200d00000,0x0000009200e00000)]
  0x0000028a9d2bf800 JavaThread "Unconstrained build operations Thread 2" [_thread_blocked, id=20476, stack(0x0000009200e00000,0x0000009200f00000)]
  0x0000028a9d2c6000 JavaThread "Unconstrained build operations Thread 3" [_thread_blocked, id=1540, stack(0x0000009200f00000,0x0000009201000000)]
  0x0000028a9d2c7000 JavaThread "Unconstrained build operations Thread 4" [_thread_blocked, id=17972, stack(0x0000009201000000,0x0000009201100000)]
  0x0000028a9c048000 JavaThread "Unconstrained build operations Thread 5" [_thread_blocked, id=16948, stack(0x0000009201100000,0x0000009201200000)]
  0x0000028a9c045800 JavaThread "Unconstrained build operations Thread 6" [_thread_blocked, id=18636, stack(0x0000009201200000,0x0000009201300000)]
  0x0000028a9c046800 JavaThread "Unconstrained build operations Thread 7" [_thread_blocked, id=21056, stack(0x0000009201300000,0x0000009201400000)]
  0x0000028a9c044000 JavaThread "Unconstrained build operations Thread 8" [_thread_blocked, id=16024, stack(0x0000009201400000,0x0000009201500000)]
  0x0000028a9c049000 JavaThread "Unconstrained build operations Thread 9" [_thread_blocked, id=19496, stack(0x0000009201500000,0x0000009201600000)]
  0x0000028a9c047000 JavaThread "Unconstrained build operations Thread 10" [_thread_blocked, id=22252, stack(0x0000009201600000,0x0000009201700000)]
  0x0000028a9c044800 JavaThread "Unconstrained build operations Thread 11" [_thread_blocked, id=16372, stack(0x0000009201700000,0x0000009201800000)]
  0x0000028a9c043000 JavaThread "Unconstrained build operations Thread 12" [_thread_blocked, id=17312, stack(0x0000009201800000,0x0000009201900000)]
  0x0000028a9c04b800 JavaThread "Unconstrained build operations Thread 13" [_thread_blocked, id=4200, stack(0x0000009201900000,0x0000009201a00000)]
  0x0000028a9c04e800 JavaThread "Unconstrained build operations Thread 14" [_thread_blocked, id=14152, stack(0x0000009201a00000,0x0000009201b00000)]
  0x0000028a9c04f800 JavaThread "Unconstrained build operations Thread 15" [_thread_blocked, id=24348, stack(0x0000009201b00000,0x0000009201c00000)]
  0x0000028a9c04c000 JavaThread "Unconstrained build operations Thread 16" [_thread_blocked, id=3580, stack(0x0000009201c00000,0x0000009201d00000)]
  0x0000028a9c049800 JavaThread "Unconstrained build operations Thread 17" [_thread_blocked, id=2932, stack(0x0000009201d00000,0x0000009201e00000)]
  0x0000028a9c04a800 JavaThread "Unconstrained build operations Thread 18" [_thread_blocked, id=23772, stack(0x0000009201e00000,0x0000009201f00000)]
  0x0000028a98e8a000 JavaThread "Unconstrained build operations Thread 19" [_thread_blocked, id=5520, stack(0x0000009201f00000,0x0000009202000000)]
  0x0000028a98e8b000 JavaThread "Unconstrained build operations Thread 20" [_thread_blocked, id=9404, stack(0x0000009202000000,0x0000009202100000)]
  0x0000028a98e85000 JavaThread "Unconstrained build operations Thread 21" [_thread_blocked, id=23856, stack(0x0000009202100000,0x0000009202200000)]
  0x0000028a98e8b800 JavaThread "Unconstrained build operations Thread 22" [_thread_blocked, id=21508, stack(0x0000009202200000,0x0000009202300000)]
  0x0000028a98e86800 JavaThread "Unconstrained build operations Thread 23" [_thread_blocked, id=2468, stack(0x0000009202300000,0x0000009202400000)]
  0x0000028a98e86000 JavaThread "Unconstrained build operations Thread 24" [_thread_blocked, id=9800, stack(0x0000009202400000,0x0000009202500000)]
  0x0000028a98e8f000 JavaThread "Unconstrained build operations Thread 25" [_thread_blocked, id=18304, stack(0x0000009202500000,0x0000009202600000)]
  0x0000028a98e8c800 JavaThread "Unconstrained build operations Thread 26" [_thread_blocked, id=24304, stack(0x0000009202600000,0x0000009202700000)]
  0x0000028a98e8d800 JavaThread "Unconstrained build operations Thread 27" [_thread_blocked, id=15756, stack(0x0000009202700000,0x0000009202800000)]
  0x0000028a98e8e000 JavaThread "Unconstrained build operations Thread 28" [_thread_blocked, id=19676, stack(0x0000009202800000,0x0000009202900000)]
  0x0000028a98e8f800 JavaThread "Unconstrained build operations Thread 29" [_thread_blocked, id=20444, stack(0x0000009202900000,0x0000009202a00000)]
  0x0000028a98e90800 JavaThread "Unconstrained build operations Thread 30" [_thread_blocked, id=12952, stack(0x0000009202a00000,0x0000009202b00000)]
  0x0000028a986d1000 JavaThread "Unconstrained build operations Thread 31" [_thread_blocked, id=16104, stack(0x0000009202b00000,0x0000009202c00000)]
  0x0000028a986d2000 JavaThread "Unconstrained build operations Thread 32" [_thread_blocked, id=14060, stack(0x0000009202c00000,0x0000009202d00000)]
  0x0000028a986d6000 JavaThread "Unconstrained build operations Thread 33" [_thread_blocked, id=6080, stack(0x0000009202d00000,0x0000009202e00000)]
  0x0000028a986d2800 JavaThread "Unconstrained build operations Thread 34" [_thread_blocked, id=22768, stack(0x0000009202e00000,0x0000009202f00000)]
  0x0000028a98730800 JavaThread "Unconstrained build operations Thread 35" [_thread_blocked, id=24220, stack(0x0000009202f00000,0x0000009203000000)]
  0x0000028a98733800 JavaThread "Unconstrained build operations Thread 36" [_thread_blocked, id=7524, stack(0x0000009203000000,0x0000009203100000)]
  0x0000028a98736000 JavaThread "Unconstrained build operations Thread 37" [_thread_blocked, id=16664, stack(0x0000009203100000,0x0000009203200000)]
  0x0000028a98734800 JavaThread "Unconstrained build operations Thread 38" [_thread_blocked, id=17264, stack(0x0000009203200000,0x0000009203300000)]
  0x0000028a98732000 JavaThread "Unconstrained build operations Thread 39" [_thread_blocked, id=13376, stack(0x0000009203300000,0x0000009203400000)]
  0x0000028a98735000 JavaThread "Unconstrained build operations Thread 40" [_thread_blocked, id=17384, stack(0x0000009203400000,0x0000009203500000)]
  0x0000028a98737000 JavaThread "Unconstrained build operations Thread 41" [_thread_blocked, id=4016, stack(0x0000009203500000,0x0000009203600000)]
  0x0000028a98732800 JavaThread "Unconstrained build operations Thread 42" [_thread_blocked, id=11712, stack(0x0000009203600000,0x0000009203700000)]
  0x0000028a98731000 JavaThread "Unconstrained build operations Thread 43" [_thread_blocked, id=16612, stack(0x0000009203700000,0x0000009203800000)]
  0x0000028a98737800 JavaThread "Unconstrained build operations Thread 44" [_thread_blocked, id=16120, stack(0x0000009203800000,0x0000009203900000)]
  0x0000028a9873e000 JavaThread "Unconstrained build operations Thread 45" [_thread_blocked, id=11276, stack(0x0000009203900000,0x0000009203a00000)]
  0x0000028a9873b000 JavaThread "Unconstrained build operations Thread 46" [_thread_blocked, id=23488, stack(0x0000009203a00000,0x0000009203b00000)]
  0x0000028a9873c800 JavaThread "Unconstrained build operations Thread 47" [_thread_blocked, id=2836, stack(0x0000009203b00000,0x0000009203c00000)]
  0x0000028a98738800 JavaThread "Unconstrained build operations Thread 48" [_thread_blocked, id=16368, stack(0x0000009203c00000,0x0000009203d00000)]
  0x0000028a9873d800 JavaThread "Unconstrained build operations Thread 49" [_thread_blocked, id=9984, stack(0x0000009203d00000,0x0000009203e00000)]
  0x0000028a9873f000 JavaThread "Unconstrained build operations Thread 50" [_thread_blocked, id=4256, stack(0x0000009203e00000,0x0000009203f00000)]
  0x0000028a9873b800 JavaThread "Unconstrained build operations Thread 51" [_thread_blocked, id=17904, stack(0x0000009203f00000,0x0000009204000000)]
  0x0000028a98739800 JavaThread "Unconstrained build operations Thread 52" [_thread_blocked, id=14264, stack(0x0000009204600000,0x0000009204700000)]
  0x0000028a9873a000 JavaThread "Unconstrained build operations Thread 53" [_thread_blocked, id=4972, stack(0x0000009204700000,0x0000009204800000)]
  0x0000028aa03f9800 JavaThread "Unconstrained build operations Thread 54" [_thread_blocked, id=5032, stack(0x0000009204800000,0x0000009204900000)]
  0x0000028aa03fa800 JavaThread "Unconstrained build operations Thread 55" [_thread_blocked, id=10720, stack(0x0000009204900000,0x0000009204a00000)]
  0x0000028aa03f9000 JavaThread "Unconstrained build operations Thread 56" [_thread_blocked, id=23412, stack(0x0000009204a00000,0x0000009204b00000)]
  0x0000028aa03fb800 JavaThread "Unconstrained build operations Thread 57" [_thread_blocked, id=18676, stack(0x0000009204b00000,0x0000009204c00000)]
  0x0000028aa03fc000 JavaThread "Unconstrained build operations Thread 58" [_thread_blocked, id=10120, stack(0x0000009204c00000,0x0000009204d00000)]
  0x0000028aa03fd000 JavaThread "Unconstrained build operations Thread 59" [_thread_blocked, id=19208, stack(0x0000009204d00000,0x0000009204e00000)]
  0x0000028aa03f7000 JavaThread "Unconstrained build operations Thread 60" [_thread_blocked, id=17552, stack(0x0000009204e00000,0x0000009204f00000)]
  0x0000028aa03fd800 JavaThread "Unconstrained build operations Thread 61" [_thread_blocked, id=7072, stack(0x0000009204f00000,0x0000009205000000)]
  0x0000028aa03f8000 JavaThread "Unconstrained build operations Thread 62" [_thread_blocked, id=21708, stack(0x0000009205000000,0x0000009205100000)]
  0x0000028aa0401000 JavaThread "Unconstrained build operations Thread 63" [_thread_blocked, id=11676, stack(0x0000009205100000,0x0000009205200000)]
  0x0000028aa0404800 JavaThread "Unconstrained build operations Thread 64" [_thread_blocked, id=8036, stack(0x0000009205200000,0x0000009205300000)]
  0x0000028aa03ff800 JavaThread "Unconstrained build operations Thread 65" [_thread_blocked, id=17912, stack(0x0000009205300000,0x0000009205400000)]
  0x0000028aa0402000 JavaThread "Unconstrained build operations Thread 66" [_thread_blocked, id=17156, stack(0x0000009205400000,0x0000009205500000)]
  0x0000028aa0402800 JavaThread "Unconstrained build operations Thread 67" [_thread_blocked, id=20252, stack(0x0000009205500000,0x0000009205600000)]
  0x0000028aa03fe800 JavaThread "Unconstrained build operations Thread 68" [_thread_blocked, id=22628, stack(0x0000009205600000,0x0000009205700000)]
  0x0000028aa0405000 JavaThread "Unconstrained build operations Thread 69" [_thread_blocked, id=14160, stack(0x0000009205700000,0x0000009205800000)]
  0x0000028aa0403800 JavaThread "Unconstrained build operations Thread 70" [_thread_blocked, id=23844, stack(0x0000009205800000,0x0000009205900000)]
  0x0000028aa0406000 JavaThread "Unconstrained build operations Thread 71" [_thread_blocked, id=6416, stack(0x0000009205900000,0x0000009205a00000)]
  0x0000028aa0400000 JavaThread "Unconstrained build operations Thread 72" [_thread_blocked, id=19956, stack(0x0000009205a00000,0x0000009205b00000)]
  0x0000028a9be37000 JavaThread "Unconstrained build operations Thread 73" [_thread_blocked, id=21900, stack(0x0000009205b00000,0x0000009205c00000)]
  0x0000028a9be35800 JavaThread "Unconstrained build operations Thread 74" [_thread_blocked, id=14008, stack(0x0000009205c00000,0x0000009205d00000)]
  0x0000028a9be38000 JavaThread "Unconstrained build operations Thread 75" [_thread_blocked, id=22216, stack(0x0000009205d00000,0x0000009205e00000)]
  0x0000028a9be34800 JavaThread "Unconstrained build operations Thread 76" [_thread_blocked, id=7132, stack(0x0000009205e00000,0x0000009205f00000)]
  0x0000028a9be36800 JavaThread "Unconstrained build operations Thread 77" [_thread_blocked, id=21780, stack(0x0000009205f00000,0x0000009206000000)]
  0x0000028a9be38800 JavaThread "Unconstrained build operations Thread 78" [_thread_blocked, id=13408, stack(0x0000009206000000,0x0000009206100000)]
  0x0000028a9be39800 JavaThread "Unconstrained build operations Thread 79" [_thread_blocked, id=12984, stack(0x0000009206100000,0x0000009206200000)]
  0x0000028a9be34000 JavaThread "Unconstrained build operations Thread 80" [_thread_blocked, id=15580, stack(0x0000009206200000,0x0000009206300000)]
  0x0000028a9be41000 JavaThread "Cache worker for execution history cache (D:\Android Studio\project\Login\.gradle\7.3.3\executionHistory)" [_thread_blocked, id=9508, stack(0x0000009206a00000,0x0000009206b00000)]

Other Threads:
=>0x0000028a96426000 VMThread "VM Thread" [stack: 0x000000927c300000,0x000000927c400000] [id=23832]
  0x0000028a96e30000 WatcherThread [stack: 0x000000927cd00000,0x000000927ce00000] [id=17192]
  0x0000028afbf49800 GCTaskThread "GC Thread#0" [stack: 0x000000927be00000,0x000000927bf00000] [id=6856]
  0x0000028a97a56000 GCTaskThread "GC Thread#1" [stack: 0x000000927cf00000,0x000000927d000000] [id=20820]
  0x0000028a979e0800 GCTaskThread "GC Thread#2" [stack: 0x000000927d000000,0x000000927d100000] [id=564]
  0x0000028a97d75800 GCTaskThread "GC Thread#3" [stack: 0x000000927da00000,0x000000927db00000] [id=14828]
  0x0000028a971b1000 GCTaskThread "GC Thread#4" [stack: 0x000000927db00000,0x000000927dc00000] [id=8772]
  0x0000028a97df3800 GCTaskThread "GC Thread#5" [stack: 0x000000927dc00000,0x000000927dd00000] [id=24064]
  0x0000028a97df4800 GCTaskThread "GC Thread#6" [stack: 0x000000927dd00000,0x000000927de00000] [id=10892]
  0x0000028a98006000 GCTaskThread "GC Thread#7" [stack: 0x000000927de00000,0x000000927df00000] [id=18084]
  0x0000028afbf7b800 ConcurrentGCThread "G1 Main Marker" [stack: 0x000000927bf00000,0x000000927c000000] [id=1848]
  0x0000028afbf7e800 ConcurrentGCThread "G1 Conc#0" [stack: 0x000000927c000000,0x000000927c100000] [id=3740]
  0x0000028a96f89000 ConcurrentGCThread "G1 Conc#1" [stack: 0x000000927e200000,0x000000927e300000] [id=23172]
  0x0000028a96270800 ConcurrentGCThread "G1 Refine#0" [stack: 0x000000927c100000,0x000000927c200000] [id=18020]
  0x0000028a96271800 ConcurrentGCThread "G1 Young RemSet Sampling" [stack: 0x000000927c200000,0x000000927c300000] [id=328]

Threads with active compile tasks:
C2 CompilerThread01734476 13500       4       org.gradle.api.attributes.Attribute::of (10 bytes)
C1 CompilerThread01734477 13508       3       com.android.build.gradle.internal.dependency.ConstraintHandler$alignWith$1$1::execute (379 bytes)

VM state:at safepoint (normal execution)

VM Mutex/Monitor currently owned by a thread:  ([mutex/lock_event])
[0x0000028afbf2c160] Threads_lock - owner thread: 0x0000028a96426000
[0x0000028afbf2c9d0] Heap_lock - owner thread: 0x0000028a9d2b9000

Heap address: 0x0000000080000000, size: 2048 MB, Compressed Oops mode: 32-bit
Narrow klass base: 0x0000000000000000, Narrow klass shift: 3
Compressed class space size: 1073741824 Address: 0x0000000100000000

Heap:
 garbage-first heap   total 317440K, used 120323K [0x0000000080000000, 0x0000000100000000)
  region size 1024K, 2 young (2048K), 2 survivors (2048K)
 Metaspace       used 95533K, capacity 98246K, committed 98432K, reserved 1134592K
  class space    used 12215K, capacity 13168K, committed 13184K, reserved 1048576K
Heap Regions: E=young(eden), S=young(survivor), O=old, HS=humongous(starts), HC=humongous(continues), CS=collection set, F=free, A=archive, TAMS=top-at-mark-start (previous, next)
|   0|0x0000000080000000, 0x0000000080100000, 0x0000000080100000|100%| O|  |TAMS 0x0000000080100000, 0x0000000080000000| Untracked 
|   1|0x0000000080100000, 0x0000000080200000, 0x0000000080200000|100%| O|  |TAMS 0x0000000080200000, 0x0000000080100000| Untracked 
|   2|0x0000000080200000, 0x0000000080300000, 0x0000000080300000|100%| O|  |TAMS 0x0000000080300000, 0x0000000080200000| Untracked 
|   3|0x0000000080300000, 0x0000000080400000, 0x0000000080400000|100%|HS|  |TAMS 0x0000000080400000, 0x0000000080300000| Complete 
|   4|0x0000000080400000, 0x0000000080500000, 0x0000000080500000|100%|HC|  |TAMS 0x0000000080500000, 0x0000000080400000| Complete 
|   5|0x0000000080500000, 0x0000000080600000, 0x0000000080600000|100%|HC|  |TAMS 0x0000000080600000, 0x0000000080500000| Complete 
|   6|0x0000000080600000, 0x0000000080700000, 0x0000000080700000|100%| O|  |TAMS 0x0000000080700000, 0x0000000080600000| Untracked 
|   7|0x0000000080700000, 0x0000000080800000, 0x0000000080800000|100%| O|  |TAMS 0x0000000080800000, 0x0000000080700000| Untracked 
|   8|0x0000000080800000, 0x0000000080900000, 0x0000000080900000|100%| O|  |TAMS 0x0000000080900000, 0x0000000080800000| Untracked 
|   9|0x0000000080900000, 0x0000000080a00000, 0x0000000080a00000|100%| O|  |TAMS 0x0000000080a00000, 0x0000000080900000| Untracked 
|  10|0x0000000080a00000, 0x0000000080b00000, 0x0000000080b00000|100%| O|  |TAMS 0x0000000080b00000, 0x0000000080a00000| Untracked 
|  11|0x0000000080b00000, 0x0000000080c00000, 0x0000000080c00000|100%| O|  |TAMS 0x0000000080c00000, 0x0000000080b00000| Untracked 
|  12|0x0000000080c00000, 0x0000000080d00000, 0x0000000080d00000|100%| O|  |TAMS 0x0000000080d00000, 0x0000000080c00000| Untracked 
|  13|0x0000000080d00000, 0x0000000080e00000, 0x0000000080e00000|100%| O|  |TAMS 0x0000000080e00000, 0x0000000080d00000| Untracked 
|  14|0x0000000080e00000, 0x0000000080f00000, 0x0000000080f00000|100%| O|  |TAMS 0x0000000080f00000, 0x0000000080e00000| Untracked 
|  15|0x0000000080f00000, 0x0000000081000000, 0x0000000081000000|100%| O|  |TAMS 0x0000000081000000, 0x0000000080f00000| Untracked 
|  16|0x0000000081000000, 0x0000000081100000, 0x0000000081100000|100%|HS|  |TAMS 0x0000000081100000, 0x0000000081000000| Complete 
|  17|0x0000000081100000, 0x0000000081200000, 0x0000000081200000|100%| O|  |TAMS 0x0000000081200000, 0x0000000081100000| Untracked 
|  18|0x0000000081200000, 0x0000000081300000, 0x0000000081300000|100%| O|  |TAMS 0x0000000081300000, 0x0000000081200000| Untracked 
|  19|0x0000000081300000, 0x0000000081400000, 0x0000000081400000|100%| O|  |TAMS 0x0000000081400000, 0x0000000081300000| Untracked 
|  20|0x0000000081400000, 0x0000000081500000, 0x0000000081500000|100%| O|  |TAMS 0x0000000081500000, 0x0000000081400000| Untracked 
|  21|0x0000000081500000, 0x0000000081600000, 0x0000000081600000|100%| O|  |TAMS 0x0000000081600000, 0x0000000081500000| Untracked 
|  22|0x0000000081600000, 0x0000000081700000, 0x0000000081700000|100%| O|  |TAMS 0x0000000081700000, 0x0000000081600000| Untracked 
|  23|0x0000000081700000, 0x0000000081800000, 0x0000000081800000|100%| O|  |TAMS 0x0000000081800000, 0x0000000081700000| Untracked 
|  24|0x0000000081800000, 0x0000000081900000, 0x0000000081900000|100%| O|  |TAMS 0x0000000081900000, 0x0000000081800000| Untracked 
|  25|0x0000000081900000, 0x0000000081a00000, 0x0000000081a00000|100%| O|  |TAMS 0x0000000081a00000, 0x0000000081900000| Untracked 
|  26|0x0000000081a00000, 0x0000000081b00000, 0x0000000081b00000|100%| O|  |TAMS 0x0000000081b00000, 0x0000000081a00000| Untracked 
|  27|0x0000000081b00000, 0x0000000081c00000, 0x0000000081c00000|100%|HS|  |TAMS 0x0000000081c00000, 0x0000000081b00000| Complete 
|  28|0x0000000081c00000, 0x0000000081d00000, 0x0000000081d00000|100%|HS|  |TAMS 0x0000000081d00000, 0x0000000081c00000| Complete 
|  29|0x0000000081d00000, 0x0000000081e00000, 0x0000000081e00000|100%|HC|  |TAMS 0x0000000081e00000, 0x0000000081d00000| Complete 
|  30|0x0000000081e00000, 0x0000000081f00000, 0x0000000081f00000|100%| O|  |TAMS 0x0000000081f00000, 0x0000000081e00000| Untracked 
|  31|0x0000000081f00000, 0x0000000082000000, 0x0000000082000000|100%| O|  |TAMS 0x0000000082000000, 0x0000000081f00000| Untracked 
|  32|0x0000000082000000, 0x0000000082100000, 0x0000000082100000|100%| O|  |TAMS 0x0000000082100000, 0x0000000082000000| Untracked 
|  33|0x0000000082100000, 0x0000000082200000, 0x0000000082200000|100%| O|  |TAMS 0x0000000082200000, 0x0000000082100000| Untracked 
|  34|0x0000000082200000, 0x0000000082300000, 0x0000000082300000|100%| O|  |TAMS 0x0000000082300000, 0x0000000082200000| Untracked 
|  35|0x0000000082300000, 0x0000000082400000, 0x0000000082400000|100%| O|  |TAMS 0x0000000082400000, 0x0000000082300000| Untracked 
|  36|0x0000000082400000, 0x0000000082500000, 0x0000000082500000|100%| O|  |TAMS 0x0000000082500000, 0x0000000082400000| Untracked 
|  37|0x0000000082500000, 0x0000000082600000, 0x0000000082600000|100%| O|  |TAMS 0x0000000082600000, 0x0000000082500000| Untracked 
|  38|0x0000000082600000, 0x0000000082700000, 0x0000000082700000|100%| O|  |TAMS 0x0000000082700000, 0x0000000082600000| Untracked 
|  39|0x0000000082700000, 0x0000000082800000, 0x0000000082800000|100%| O|  |TAMS 0x0000000082800000, 0x0000000082700000| Untracked 
|  40|0x0000000082800000, 0x0000000082900000, 0x0000000082900000|100%| O|  |TAMS 0x0000000082900000, 0x0000000082800000| Untracked 
|  41|0x0000000082900000, 0x0000000082a00000, 0x0000000082a00000|100%| O|  |TAMS 0x0000000082a00000, 0x0000000082900000| Untracked 
|  42|0x0000000082a00000, 0x0000000082b00000, 0x0000000082b00000|100%| O|  |TAMS 0x0000000082b00000, 0x0000000082a00000| Untracked 
|  43|0x0000000082b00000, 0x0000000082c00000, 0x0000000082c00000|100%| O|  |TAMS 0x0000000082c00000, 0x0000000082b00000| Untracked 
|  44|0x0000000082c00000, 0x0000000082d00000, 0x0000000082d00000|100%| O|  |TAMS 0x0000000082d00000, 0x0000000082c00000| Untracked 
|  45|0x0000000082d00000, 0x0000000082e00000, 0x0000000082e00000|100%| O|  |TAMS 0x0000000082e00000, 0x0000000082d00000| Untracked 
|  46|0x0000000082e00000, 0x0000000082f00000, 0x0000000082f00000|100%| O|  |TAMS 0x0000000082f00000, 0x0000000082e00000| Untracked 
|  47|0x0000000082f00000, 0x0000000083000000, 0x0000000083000000|100%| O|  |TAMS 0x0000000083000000, 0x0000000082f00000| Untracked 
|  48|0x0000000083000000, 0x0000000083100000, 0x0000000083100000|100%| O|  |TAMS 0x0000000083100000, 0x0000000083000000| Untracked 
|  49|0x0000000083100000, 0x0000000083200000, 0x0000000083200000|100%| O|  |TAMS 0x0000000083200000, 0x0000000083100000| Untracked 
|  50|0x0000000083200000, 0x0000000083300000, 0x0000000083300000|100%| O|  |TAMS 0x0000000083300000, 0x0000000083200000| Untracked 
|  51|0x0000000083300000, 0x0000000083400000, 0x0000000083400000|100%| O|  |TAMS 0x0000000083400000, 0x0000000083300000| Untracked 
|  52|0x0000000083400000, 0x0000000083500000, 0x0000000083500000|100%| O|  |TAMS 0x0000000083500000, 0x0000000083400000| Untracked 
|  53|0x0000000083500000, 0x0000000083600000, 0x0000000083600000|100%| O|  |TAMS 0x0000000083600000, 0x0000000083500000| Untracked 
|  54|0x0000000083600000, 0x0000000083700000, 0x0000000083700000|100%| O|  |TAMS 0x0000000083700000, 0x0000000083600000| Untracked 
|  55|0x0000000083700000, 0x0000000083800000, 0x0000000083800000|100%| O|  |TAMS 0x0000000083800000, 0x0000000083700000| Untracked 
|  56|0x0000000083800000, 0x0000000083900000, 0x0000000083900000|100%| O|  |TAMS 0x0000000083900000, 0x0000000083800000| Untracked 
|  57|0x0000000083900000, 0x0000000083a00000, 0x0000000083a00000|100%| O|  |TAMS 0x0000000083a00000, 0x0000000083900000| Untracked 
|  58|0x0000000083a00000, 0x0000000083b00000, 0x0000000083b00000|100%| O|  |TAMS 0x0000000083b00000, 0x0000000083a00000| Untracked 
|  59|0x0000000083b00000, 0x0000000083c00000, 0x0000000083c00000|100%| O|  |TAMS 0x0000000083c00000, 0x0000000083b00000| Untracked 
|  60|0x0000000083c00000, 0x0000000083d00000, 0x0000000083d00000|100%|HS|  |TAMS 0x0000000083d00000, 0x0000000083c00000| Complete 
|  61|0x0000000083d00000, 0x0000000083e00000, 0x0000000083e00000|100%| O|  |TAMS 0x0000000083e00000, 0x0000000083d00000| Untracked 
|  62|0x0000000083e00000, 0x0000000083f00000, 0x0000000083f00000|100%| O|  |TAMS 0x0000000083f00000, 0x0000000083e00000| Untracked 
|  63|0x0000000083f00000, 0x0000000084000000, 0x0000000084000000|100%| O|  |TAMS 0x0000000084000000, 0x0000000083f00000| Untracked 
|  64|0x0000000084000000, 0x0000000084100000, 0x0000000084100000|100%| O|  |TAMS 0x0000000084100000, 0x0000000084000000| Untracked 
|  65|0x0000000084100000, 0x0000000084200000, 0x0000000084200000|100%| O|  |TAMS 0x0000000084200000, 0x0000000084100000| Untracked 
|  66|0x0000000084200000, 0x0000000084300000, 0x0000000084300000|100%| O|  |TAMS 0x0000000084300000, 0x0000000084200000| Untracked 
|  67|0x0000000084300000, 0x0000000084400000, 0x0000000084400000|100%| O|  |TAMS 0x0000000084400000, 0x0000000084300000| Untracked 
|  68|0x0000000084400000, 0x0000000084500000, 0x0000000084500000|100%| O|  |TAMS 0x0000000084500000, 0x0000000084400000| Untracked 
|  69|0x0000000084500000, 0x0000000084600000, 0x0000000084600000|100%| O|  |TAMS 0x0000000084600000, 0x0000000084500000| Untracked 
|  70|0x0000000084600000, 0x0000000084700000, 0x0000000084700000|100%| O|  |TAMS 0x0000000084700000, 0x0000000084600000| Untracked 
|  71|0x0000000084700000, 0x0000000084800000, 0x0000000084800000|100%| O|  |TAMS 0x0000000084800000, 0x0000000084700000| Untracked 
|  72|0x0000000084800000, 0x0000000084900000, 0x0000000084900000|100%|HS|  |TAMS 0x0000000084900000, 0x0000000084800000| Complete 
|  73|0x0000000084900000, 0x0000000084a00000, 0x0000000084a00000|100%|HC|  |TAMS 0x0000000084a00000, 0x0000000084900000| Complete 
|  74|0x0000000084a00000, 0x0000000084b00000, 0x0000000084b00000|100%|HC|  |TAMS 0x0000000084b00000, 0x0000000084a00000| Complete 
|  75|0x0000000084b00000, 0x0000000084c00000, 0x0000000084c00000|100%|HC|  |TAMS 0x0000000084c00000, 0x0000000084b00000| Complete 
|  76|0x0000000084c00000, 0x0000000084d00000, 0x0000000084d00000|100%|HS|  |TAMS 0x0000000084d00000, 0x0000000084c00000| Complete 
|  77|0x0000000084d00000, 0x0000000084e00000, 0x0000000084e00000|100%|HC|  |TAMS 0x0000000084e00000, 0x0000000084d00000| Complete 
|  78|0x0000000084e00000, 0x0000000084f00000, 0x0000000084f00000|100%|HS|  |TAMS 0x0000000084f00000, 0x0000000084e00000| Complete 
|  79|0x0000000084f00000, 0x0000000085000000, 0x0000000085000000|100%|HC|  |TAMS 0x0000000085000000, 0x0000000084f00000| Complete 
|  80|0x0000000085000000, 0x0000000085100000, 0x0000000085100000|100%|HC|  |TAMS 0x0000000085100000, 0x0000000085000000| Complete 
|  81|0x0000000085100000, 0x0000000085200000, 0x0000000085200000|100%|HS|  |TAMS 0x0000000085200000, 0x0000000085100000| Complete 
|  82|0x0000000085200000, 0x0000000085300000, 0x0000000085300000|100%|HS|  |TAMS 0x0000000085300000, 0x0000000085200000| Complete 
|  83|0x0000000085300000, 0x0000000085400000, 0x0000000085400000|100%|HC|  |TAMS 0x0000000085400000, 0x0000000085300000| Complete 
|  84|0x0000000085400000, 0x0000000085500000, 0x0000000085500000|100%|HC|  |TAMS 0x0000000085500000, 0x0000000085400000| Complete 
|  85|0x0000000085500000, 0x0000000085600000, 0x0000000085600000|100%|HC|  |TAMS 0x0000000085600000, 0x0000000085500000| Complete 
|  86|0x0000000085600000, 0x0000000085700000, 0x0000000085700000|100%| O|  |TAMS 0x0000000085700000, 0x0000000085600000| Untracked 
|  87|0x0000000085700000, 0x0000000085800000, 0x0000000085800000|100%| O|  |TAMS 0x0000000085800000, 0x0000000085700000| Untracked 
|  88|0x0000000085800000, 0x0000000085900000, 0x0000000085900000|100%| O|  |TAMS 0x0000000085900000, 0x0000000085800000| Untracked 
|  89|0x0000000085900000, 0x0000000085a00000, 0x0000000085a00000|100%| O|  |TAMS 0x0000000085a00000, 0x0000000085900000| Untracked 
|  90|0x0000000085a00000, 0x0000000085b00000, 0x0000000085b00000|100%| O|  |TAMS 0x0000000085b00000, 0x0000000085a00000| Untracked 
|  91|0x0000000085b00000, 0x0000000085c00000, 0x0000000085c00000|100%| O|  |TAMS 0x0000000085c00000, 0x0000000085b00000| Untracked 
|  92|0x0000000085c00000, 0x0000000085d00000, 0x0000000085d00000|100%|HS|  |TAMS 0x0000000085d00000, 0x0000000085c00000| Complete 
|  93|0x0000000085d00000, 0x0000000085e00000, 0x0000000085e00000|100%|HC|  |TAMS 0x0000000085e00000, 0x0000000085d00000| Complete 
|  94|0x0000000085e00000, 0x0000000085f00000, 0x0000000085f00000|100%|HC|  |TAMS 0x0000000085f00000, 0x0000000085e00000| Complete 
|  95|0x0000000085f00000, 0x0000000086000000, 0x0000000086000000|100%| O|  |TAMS 0x0000000086000000, 0x0000000085f00000| Untracked 
|  96|0x0000000086000000, 0x0000000086100000, 0x0000000086100000|100%| O|  |TAMS 0x0000000086100000, 0x0000000086000000| Untracked 
|  97|0x0000000086100000, 0x0000000086200000, 0x0000000086200000|100%| O|  |TAMS 0x0000000086200000, 0x0000000086100000| Untracked 
|  98|0x0000000086200000, 0x0000000086300000, 0x0000000086300000|100%|HS|  |TAMS 0x0000000086300000, 0x0000000086200000| Complete 
|  99|0x0000000086300000, 0x0000000086400000, 0x0000000086400000|100%|HC|  |TAMS 0x0000000086400000, 0x0000000086300000| Complete 
| 100|0x0000000086400000, 0x0000000086500000, 0x0000000086500000|100%|HS|  |TAMS 0x0000000086500000, 0x0000000086400000| Complete 
| 101|0x0000000086500000, 0x0000000086600000, 0x0000000086600000|100%|HC|  |TAMS 0x0000000086600000, 0x0000000086500000| Complete 
| 102|0x0000000086600000, 0x0000000086700000, 0x0000000086700000|100%|HC|  |TAMS 0x0000000086700000, 0x0000000086600000| Complete 
| 103|0x0000000086700000, 0x0000000086800000, 0x0000000086800000|100%|HS|  |TAMS 0x0000000086800000, 0x0000000086700000| Complete 
| 104|0x0000000086800000, 0x0000000086900000, 0x0000000086900000|100%|HS|  |TAMS 0x0000000086900000, 0x0000000086800000| Complete 
| 105|0x0000000086900000, 0x0000000086a00000, 0x0000000086a00000|100%|HC|  |TAMS 0x0000000086a00000, 0x0000000086900000| Complete 
| 106|0x0000000086a00000, 0x0000000086b00000, 0x0000000086b00000|100%|HC|  |TAMS 0x0000000086b00000, 0x0000000086a00000| Complete 
| 107|0x0000000086b00000, 0x0000000086c00000, 0x0000000086c00000|100%|HC|  |TAMS 0x0000000086c00000, 0x0000000086b00000| Complete 
| 108|0x0000000086c00000, 0x0000000086d00000, 0x0000000086d00000|100%| O|  |TAMS 0x0000000086d00000, 0x0000000086c00000| Untracked 
| 109|0x0000000086d00000, 0x0000000086e00000, 0x0000000086e00000|100%| O|  |TAMS 0x0000000086e00000, 0x0000000086d00000| Untracked 
| 110|0x0000000086e00000, 0x0000000086f00000, 0x0000000086f00000|100%| O|  |TAMS 0x0000000086f00000, 0x0000000086e00000| Untracked 
| 111|0x0000000086f00000, 0x0000000087000000, 0x0000000087000000|100%| O|  |TAMS 0x0000000087000000, 0x0000000086f00000| Untracked 
| 112|0x0000000087000000, 0x0000000087100000, 0x0000000087100000|100%| O|  |TAMS 0x0000000087100000, 0x0000000087000000| Untracked 
| 113|0x0000000087100000, 0x0000000087200000, 0x0000000087200000|100%| O|  |TAMS 0x0000000087200000, 0x0000000087100000| Untracked 
| 114|0x0000000087200000, 0x0000000087300000, 0x0000000087300000|100%| O|  |TAMS 0x0000000087300000, 0x0000000087200000| Untracked 
| 115|0x0000000087300000, 0x00000000873e6000, 0x0000000087400000| 89%| O|  |TAMS 0x00000000873e6000, 0x0000000087300000| Untracked 
| 116|0x0000000087400000, 0x0000000087400000, 0x0000000087500000|  0%| F|  |TAMS 0x0000000087400000, 0x0000000087400000| Untracked 
| 117|0x0000000087500000, 0x0000000087500000, 0x0000000087600000|  0%| F|  |TAMS 0x0000000087500000, 0x0000000087500000| Untracked 
| 118|0x0000000087600000, 0x0000000087600000, 0x0000000087700000|  0%| F|  |TAMS 0x0000000087600000, 0x0000000087600000| Untracked 
| 119|0x0000000087700000, 0x0000000087700000, 0x0000000087800000|  0%| F|  |TAMS 0x0000000087700000, 0x0000000087700000| Untracked 
| 120|0x0000000087800000, 0x0000000087800000, 0x0000000087900000|  0%| F|  |TAMS 0x0000000087800000, 0x0000000087800000| Untracked 
| 121|0x0000000087900000, 0x0000000087900000, 0x0000000087a00000|  0%| F|  |TAMS 0x0000000087900000, 0x0000000087900000| Untracked 
| 122|0x0000000087a00000, 0x0000000087a00000, 0x0000000087b00000|  0%| F|  |TAMS 0x0000000087a00000, 0x0000000087a00000| Untracked 
| 123|0x0000000087b00000, 0x0000000087b00000, 0x0000000087c00000|  0%| F|  |TAMS 0x0000000087b00000, 0x0000000087b00000| Untracked 
| 124|0x0000000087c00000, 0x0000000087c00000, 0x0000000087d00000|  0%| F|  |TAMS 0x0000000087c00000, 0x0000000087c00000| Untracked 
| 125|0x0000000087d00000, 0x0000000087d00000, 0x0000000087e00000|  0%| F|  |TAMS 0x0000000087d00000, 0x0000000087d00000| Untracked 
| 126|0x0000000087e00000, 0x0000000087e00000, 0x0000000087f00000|  0%| F|  |TAMS 0x0000000087e00000, 0x0000000087e00000| Untracked 
| 127|0x0000000087f00000, 0x0000000087f00000, 0x0000000088000000|  0%| F|  |TAMS 0x0000000087f00000, 0x0000000087f00000| Untracked 
| 128|0x0000000088000000, 0x0000000088000000, 0x0000000088100000|  0%| F|  |TAMS 0x0000000088000000, 0x0000000088000000| Untracked 
| 129|0x0000000088100000, 0x0000000088100000, 0x0000000088200000|  0%| F|  |TAMS 0x0000000088100000, 0x0000000088100000| Untracked 
| 130|0x0000000088200000, 0x0000000088200000, 0x0000000088300000|  0%| F|  |TAMS 0x0000000088200000, 0x0000000088200000| Untracked 
| 131|0x0000000088300000, 0x0000000088300000, 0x0000000088400000|  0%| F|  |TAMS 0x0000000088300000, 0x0000000088300000| Untracked 
| 132|0x0000000088400000, 0x0000000088400000, 0x0000000088500000|  0%| F|  |TAMS 0x0000000088400000, 0x0000000088400000| Untracked 
| 133|0x0000000088500000, 0x0000000088500000, 0x0000000088600000|  0%| F|  |TAMS 0x0000000088500000, 0x0000000088500000| Untracked 
| 134|0x0000000088600000, 0x0000000088600000, 0x0000000088700000|  0%| F|  |TAMS 0x0000000088600000, 0x0000000088600000| Untracked 
| 135|0x0000000088700000, 0x0000000088700000, 0x0000000088800000|  0%| F|  |TAMS 0x0000000088700000, 0x0000000088700000| Untracked 
| 136|0x0000000088800000, 0x0000000088800000, 0x0000000088900000|  0%| F|  |TAMS 0x0000000088800000, 0x0000000088800000| Untracked 
| 137|0x0000000088900000, 0x0000000088900000, 0x0000000088a00000|  0%| F|  |TAMS 0x0000000088900000, 0x0000000088900000| Untracked 
| 138|0x0000000088a00000, 0x0000000088a9ac80, 0x0000000088b00000| 60%| S|CS|TAMS 0x0000000088a00000, 0x0000000088a00000| Complete 
| 139|0x0000000088b00000, 0x0000000088c00000, 0x0000000088c00000|100%| S|CS|TAMS 0x0000000088b00000, 0x0000000088b00000| Complete 
| 140|0x0000000088c00000, 0x0000000088c00000, 0x0000000088d00000|  0%| F|  |TAMS 0x0000000088c00000, 0x0000000088c00000| Untracked 
| 141|0x0000000088d00000, 0x0000000088d00000, 0x0000000088e00000|  0%| F|  |TAMS 0x0000000088d00000, 0x0000000088d00000| Untracked 
| 142|0x0000000088e00000, 0x0000000088e00000, 0x0000000088f00000|  0%| F|  |TAMS 0x0000000088e00000, 0x0000000088e00000| Untracked 
| 143|0x0000000088f00000, 0x0000000088f00000, 0x0000000089000000|  0%| F|  |TAMS 0x0000000088f00000, 0x0000000088f00000| Untracked 
| 144|0x0000000089000000, 0x0000000089000000, 0x0000000089100000|  0%| F|  |TAMS 0x0000000089000000, 0x0000000089000000| Untracked 
| 145|0x0000000089100000, 0x0000000089100000, 0x0000000089200000|  0%| F|  |TAMS 0x0000000089100000, 0x0000000089100000| Untracked 
| 146|0x0000000089200000, 0x0000000089200000, 0x0000000089300000|  0%| F|  |TAMS 0x0000000089200000, 0x0000000089200000| Untracked 
| 147|0x0000000089300000, 0x0000000089300000, 0x0000000089400000|  0%| F|  |TAMS 0x0000000089300000, 0x0000000089300000| Untracked 
| 148|0x0000000089400000, 0x0000000089400000, 0x0000000089500000|  0%| F|  |TAMS 0x0000000089400000, 0x0000000089400000| Untracked 
| 149|0x0000000089500000, 0x0000000089500000, 0x0000000089600000|  0%| F|  |TAMS 0x0000000089500000, 0x0000000089500000| Untracked 
| 150|0x0000000089600000, 0x0000000089600000, 0x0000000089700000|  0%| F|  |TAMS 0x0000000089600000, 0x0000000089600000| Untracked 
| 151|0x0000000089700000, 0x0000000089700000, 0x0000000089800000|  0%| F|  |TAMS 0x0000000089700000, 0x0000000089700000| Untracked 

Card table byte_map: [0x0000028a8f400000,0x0000028a8f800000] _byte_map_base: 0x0000028a8f000000

Marking Bits (Prev, Next): (CMBitMap*) 0x0000028afbf727a8, (CMBitMap*) 0x0000028afbf727e0
 Prev Bits: [0x0000028a8fc00000, 0x0000028a91c00000)
 Next Bits: [0x0000028a91c00000, 0x0000028a93c00000)

Polling page: 0x0000028af9ed0000

Metaspace:

Usage:
  Non-class:     83.08 MB capacity,    81.37 MB ( 98%) used,     1.43 MB (  2%) free+waste,   295.00 KB ( <1%) overhead. 
      Class:     12.86 MB capacity,    11.93 MB ( 93%) used,   821.84 KB (  6%) free+waste,   131.00 KB ( <1%) overhead. 
       Both:     95.94 MB capacity,    93.29 MB ( 97%) used,     2.23 MB (  2%) free+waste,   426.00 KB ( <1%) overhead. 

Virtual space:
  Non-class space:       84.00 MB reserved,      83.25 MB (>99%) committed 
      Class space:        1.00 GB reserved,      12.88 MB (  1%) committed 
             Both:        1.08 GB reserved,      96.13 MB (  9%) committed 

Chunk freelists:
   Non-Class:  42.00 KB
       Class:  16.00 KB
        Both:  58.00 KB

MaxMetaspaceSize: 17179869184.00 GB
CompressedClassSpaceSize: 1.00 GB
Initial GC threshold: 20.80 MB
Current GC threshold: 160.21 MB
CDS: off

CodeHeap 'non-profiled nmethods': size=120000Kb used=8660Kb max_used=8660Kb free=111339Kb
 bounds [0x0000028a87ad0000, 0x0000028a88350000, 0x0000028a8f000000]
CodeHeap 'profiled nmethods': size=120000Kb used=30156Kb max_used=30156Kb free=89843Kb
 bounds [0x0000028a805a0000, 0x0000028a82320000, 0x0000028a87ad0000]
CodeHeap 'non-nmethods': size=5760Kb used=2404Kb max_used=2440Kb free=3356Kb
 bounds [0x0000028a80000000, 0x0000028a80270000, 0x0000028a805a0000]
 total_blobs=14293 nmethods=13373 adapters=832
 compilation: enabled
              stopped_count=0, restarted_count=0
 full_count=0

Compilation events (20 events):
Event: 1733.305 Thread 0x0000028a96cb8000 13493       3       org.gradle.internal.component.model.ComponentAttributeMatcher$CachedQuery::select (102 bytes)
Event: 1733.305 Thread 0x0000028a96cb3800 13494       4       java.util.ArrayDeque::getFirst (26 bytes)
Event: 1733.306 Thread 0x0000028a96cb8000 nmethod 13493 0x0000028a8230c990 code [0x0000028a8230cc40, 0x0000028a8230dac8]
Event: 1733.306 Thread 0x0000028a96cb3800 nmethod 13494 0x0000028a88344b10 code [0x0000028a88344ca0, 0x0000028a88344d58]
Event: 1733.306 Thread 0x0000028a96cb8000 13495       3       org.gradle.api.internal.artifacts.ivyservice.resolveengine.graph.builder.DependencyState::addSelectionReasons (50 bytes)
Event: 1733.307 Thread 0x0000028a96cb8000 nmethod 13495 0x0000028a8230e010 code [0x0000028a8230e240, 0x0000028a8230e948]
Event: 1733.307 Thread 0x0000028a96cb8000 13496       3       org.gradle.api.internal.artifacts.ivyservice.resolveengine.graph.builder.SelectorState::trackDetailsForOverrideMetadata (107 bytes)
Event: 1733.307 Thread 0x0000028a96cb3800 13500       4       org.gradle.api.attributes.Attribute::of (10 bytes)
Event: 1733.308 Thread 0x0000028a96cb8000 nmethod 13496 0x0000028a8230eb10 code [0x0000028a8230ee20, 0x0000028a82310118]
Event: 1733.308 Thread 0x0000028a96cb8000 13498       3       org.gradle.api.internal.artifacts.ivyservice.resolveengine.graph.builder.ComponentState::hasMoreThanOneSelectedNodeUsingVariantAwareResolution (53 bytes)
Event: 1733.309 Thread 0x0000028a96cb8000 nmethod 13498 0x0000028a82310610 code [0x0000028a82310820, 0x0000028a82310fb8]
Event: 1733.309 Thread 0x0000028a96cb8000 13497       3       org.gradle.api.internal.artifacts.ivyservice.resolveengine.result.DefaultComponentSelectionDescriptor::withDescription (31 bytes)
Event: 1733.309 Thread 0x0000028a96cb8000 nmethod 13497 0x0000028a82311190 code [0x0000028a82311360, 0x0000028a82311638]
Event: 1733.309 Thread 0x0000028a96cb8000 13492       3       com.google.common.base.Optional::of (12 bytes)
Event: 1733.309 Thread 0x0000028a96cb8000 nmethod 13492 0x0000028a82311790 code [0x0000028a82311980, 0x0000028a82311d88]
Event: 1733.309 Thread 0x0000028a96cb8000 13502       3       org.gradle.api.internal.artifacts.ivyservice.resolveengine.artifact.DefaultArtifactSet::createForConfiguration (83 bytes)
Event: 1733.310 Thread 0x0000028a96cb8000 nmethod 13502 0x0000028a82311f10 code [0x0000028a82312180, 0x0000028a82312d08]
Event: 1733.310 Thread 0x0000028a96cb8000 13499       1       org.gradle.api.attributes.Usage$Impl::toString (5 bytes)
Event: 1733.310 Thread 0x0000028a96cb8000 nmethod 13499 0x0000028a88344e90 code [0x0000028a88345040, 0x0000028a883450f8]
Event: 1733.313 Thread 0x0000028a96cb8000 13508       3       com.android.build.gradle.internal.dependency.ConstraintHandler$alignWith$1$1::execute (379 bytes)

GC Heap History (20 events):
Event: 1730.690 GC heap after
{Heap after GC invocations=59 (full 0):
 garbage-first heap   total 129024K, used 115704K [0x0000000080000000, 0x0000000100000000)
  region size 1024K, 1 young (1024K), 1 survivors (1024K)
 Metaspace       used 89907K, capacity 92604K, committed 92800K, reserved 1130496K
  class space    used 11642K, capacity 12612K, committed 12672K, reserved 1048576K
}
Event: 1730.733 GC heap before
{Heap before GC invocations=59 (full 0):
 garbage-first heap   total 129024K, used 116728K [0x0000000080000000, 0x0000000100000000)
  region size 1024K, 4 young (4096K), 1 survivors (1024K)
 Metaspace       used 90297K, capacity 93020K, committed 93056K, reserved 1130496K
  class space    used 11674K, capacity 12644K, committed 12672K, reserved 1048576K
}
Event: 1730.735 GC heap after
{Heap after GC invocations=60 (full 0):
 garbage-first heap   total 129024K, used 116135K [0x0000000080000000, 0x0000000100000000)
  region size 1024K, 1 young (1024K), 1 survivors (1024K)
 Metaspace       used 90297K, capacity 93020K, committed 93056K, reserved 1130496K
  class space    used 11674K, capacity 12644K, committed 12672K, reserved 1048576K
}
Event: 1730.923 GC heap before
{Heap before GC invocations=61 (full 0):
 garbage-first heap   total 129024K, used 122279K [0x0000000080000000, 0x0000000100000000)
  region size 1024K, 6 young (6144K), 1 survivors (1024K)
 Metaspace       used 91356K, capacity 94045K, committed 94208K, reserved 1130496K
  class space    used 11721K, capacity 12708K, committed 12800K, reserved 1048576K
}
Event: 1730.925 GC heap after
{Heap after GC invocations=62 (full 0):
 garbage-first heap   total 129024K, used 115691K [0x0000000080000000, 0x0000000100000000)
  region size 1024K, 1 young (1024K), 1 survivors (1024K)
 Metaspace       used 91356K, capacity 94045K, committed 94208K, reserved 1130496K
  class space    used 11721K, capacity 12708K, committed 12800K, reserved 1048576K
}
Event: 1730.994 GC heap before
{Heap before GC invocations=62 (full 0):
 garbage-first heap   total 129024K, used 120811K [0x0000000080000000, 0x0000000100000000)
  region size 1024K, 6 young (6144K), 1 survivors (1024K)
 Metaspace       used 91669K, capacity 94340K, committed 94464K, reserved 1130496K
  class space    used 11760K, capacity 12742K, committed 12800K, reserved 1048576K
}
Event: 1730.996 GC heap after
{Heap after GC invocations=63 (full 0):
 garbage-first heap   total 129024K, used 115763K [0x0000000080000000, 0x0000000100000000)
  region size 1024K, 1 young (1024K), 1 survivors (1024K)
 Metaspace       used 91669K, capacity 94340K, committed 94464K, reserved 1130496K
  class space    used 11760K, capacity 12742K, committed 12800K, reserved 1048576K
}
Event: 1731.322 GC heap before
{Heap before GC invocations=64 (full 0):
 garbage-first heap   total 129024K, used 120883K [0x0000000080000000, 0x0000000100000000)
  region size 1024K, 6 young (6144K), 1 survivors (1024K)
 Metaspace       used 92380K, capacity 95012K, committed 95104K, reserved 1132544K
  class space    used 11862K, capacity 12838K, committed 12928K, reserved 1048576K
}
Event: 1731.326 GC heap after
{Heap after GC invocations=65 (full 0):
 garbage-first heap   total 129024K, used 116040K [0x0000000080000000, 0x0000000100000000)
  region size 1024K, 1 young (1024K), 1 survivors (1024K)
 Metaspace       used 92380K, capacity 95012K, committed 95104K, reserved 1132544K
  class space    used 11862K, capacity 12838K, committed 12928K, reserved 1048576K
}
Event: 1731.745 GC heap before
{Heap before GC invocations=65 (full 0):
 garbage-first heap   total 129024K, used 120136K [0x0000000080000000, 0x0000000100000000)
  region size 1024K, 6 young (6144K), 1 survivors (1024K)
 Metaspace       used 92766K, capacity 95443K, committed 95616K, reserved 1132544K
  class space    used 11904K, capacity 12874K, committed 12928K, reserved 1048576K
}
Event: 1731.747 GC heap after
{Heap after GC invocations=66 (full 0):
 garbage-first heap   total 129024K, used 116680K [0x0000000080000000, 0x0000000100000000)
  region size 1024K, 1 young (1024K), 1 survivors (1024K)
 Metaspace       used 92766K, capacity 95443K, committed 95616K, reserved 1132544K
  class space    used 11904K, capacity 12874K, committed 12928K, reserved 1048576K
}
Event: 1731.982 GC heap before
{Heap before GC invocations=67 (full 0):
 garbage-first heap   total 129024K, used 120776K [0x0000000080000000, 0x0000000100000000)
  region size 1024K, 6 young (6144K), 1 survivors (1024K)
 Metaspace       used 93650K, capacity 96382K, committed 96512K, reserved 1132544K
  class space    used 12000K, capacity 12973K, committed 13056K, reserved 1048576K
}
Event: 1732.052 GC heap after
{Heap after GC invocations=68 (full 0):
 garbage-first heap   total 155648K, used 117018K [0x0000000080000000, 0x0000000100000000)
  region size 1024K, 1 young (1024K), 1 survivors (1024K)
 Metaspace       used 93650K, capacity 96382K, committed 96512K, reserved 1132544K
  class space    used 12000K, capacity 12973K, committed 13056K, reserved 1048576K
}
Event: 1732.316 GC heap before
{Heap before GC invocations=68 (full 0):
 garbage-first heap   total 155648K, used 126234K [0x0000000080000000, 0x0000000100000000)
  region size 1024K, 11 young (11264K), 1 survivors (1024K)
 Metaspace       used 94855K, capacity 97584K, committed 97920K, reserved 1134592K
  class space    used 12122K, capacity 13075K, committed 13184K, reserved 1048576K
}
Event: 1732.320 GC heap after
{Heap after GC invocations=69 (full 0):
 garbage-first heap   total 155648K, used 117647K [0x0000000080000000, 0x0000000100000000)
  region size 1024K, 1 young (1024K), 1 survivors (1024K)
 Metaspace       used 94855K, capacity 97584K, committed 97920K, reserved 1134592K
  class space    used 12122K, capacity 13075K, committed 13184K, reserved 1048576K
}
Event: 1732.633 GC heap before
{Heap before GC invocations=70 (full 0):
 garbage-first heap   total 155648K, used 127887K [0x0000000080000000, 0x0000000100000000)
  region size 1024K, 12 young (12288K), 1 survivors (1024K)
 Metaspace       used 94955K, capacity 97659K, committed 97920K, reserved 1134592K
  class space    used 12131K, capacity 13079K, committed 13184K, reserved 1048576K
}
Event: 1732.637 GC heap after
{Heap after GC invocations=71 (full 0):
 garbage-first heap   total 155648K, used 118821K [0x0000000080000000, 0x0000000100000000)
  region size 1024K, 2 young (2048K), 2 survivors (2048K)
 Metaspace       used 94955K, capacity 97659K, committed 97920K, reserved 1134592K
  class space    used 12131K, capacity 13079K, committed 13184K, reserved 1048576K
}
Event: 1733.110 GC heap before
{Heap before GC invocations=71 (full 0):
 garbage-first heap   total 155648K, used 128037K [0x0000000080000000, 0x0000000100000000)
  region size 1024K, 12 young (12288K), 2 survivors (2048K)
 Metaspace       used 95434K, capacity 98105K, committed 98176K, reserved 1134592K
  class space    used 12205K, capacity 13164K, committed 13184K, reserved 1048576K
}
Event: 1733.125 GC heap after
{Heap after GC invocations=72 (full 0):
 garbage-first heap   total 155648K, used 119670K [0x0000000080000000, 0x0000000100000000)
  region size 1024K, 1 young (1024K), 1 survivors (1024K)
 Metaspace       used 95434K, capacity 98105K, committed 98176K, reserved 1134592K
  class space    used 12205K, capacity 13164K, committed 13184K, reserved 1048576K
}
Event: 1733.316 GC heap before
{Heap before GC invocations=73 (full 0):
 garbage-first heap   total 155648K, used 129910K [0x0000000080000000, 0x0000000100000000)
  region size 1024K, 12 young (12288K), 1 survivors (1024K)
 Metaspace       used 95533K, capacity 98246K, committed 98432K, reserved 1134592K
  class space    used 12215K, capacity 13168K, committed 13184K, reserved 1048576K
}

Deoptimization events (20 events):
Event: 1733.056 Thread 0x0000028a9d2b9000 Uncommon trap: trap_request=0xffffffc6 fr.pc=0x0000028a8829e8f0 relative=0x00000000000008d0
Event: 1733.056 Thread 0x0000028a9d2b9000 Uncommon trap: reason=bimorphic_or_optimized_type_check action=maybe_recompile pc=0x0000028a8829e8f0 method=com.google.common.collect.AbstractMapBasedMultimap$WrappedCollection.refreshIfEmpty()V @ 59 c2
Event: 1733.056 Thread 0x0000028a9d2b9000 DEOPT PACKING pc=0x0000028a8829e8f0 sp=0x00000092003fa600
Event: 1733.056 Thread 0x0000028a9d2b9000 DEOPT UNPACKING pc=0x0000028a8004a1af sp=0x00000092003fa5b8 mode 2
Event: 1733.201 Thread 0x0000028a9d2b9000 Uncommon trap: trap_request=0xffffffc6 fr.pc=0x0000028a87f4da48 relative=0x0000000000000068
Event: 1733.201 Thread 0x0000028a9d2b9000 Uncommon trap: reason=bimorphic_or_optimized_type_check action=maybe_recompile pc=0x0000028a87f4da48 method=com.google.common.collect.ImmutableList.copyOf(Ljava/util/Collection;)Lcom/google/common/collect/ImmutableList; @ 16 c2
Event: 1733.201 Thread 0x0000028a9d2b9000 DEOPT PACKING pc=0x0000028a87f4da48 sp=0x00000092003f9d10
Event: 1733.201 Thread 0x0000028a9d2b9000 DEOPT UNPACKING pc=0x0000028a8004a1af sp=0x00000092003f9cd8 mode 2
Event: 1733.263 Thread 0x0000028a9d2b9000 Uncommon trap: trap_request=0xffffffc6 fr.pc=0x0000028a87f4da48 relative=0x0000000000000068
Event: 1733.263 Thread 0x0000028a9d2b9000 Uncommon trap: reason=bimorphic_or_optimized_type_check action=maybe_recompile pc=0x0000028a87f4da48 method=com.google.common.collect.ImmutableList.copyOf(Ljava/util/Collection;)Lcom/google/common/collect/ImmutableList; @ 16 c2
Event: 1733.263 Thread 0x0000028a9d2b9000 DEOPT PACKING pc=0x0000028a87f4da48 sp=0x00000092003f9d10
Event: 1733.263 Thread 0x0000028a9d2b9000 DEOPT UNPACKING pc=0x0000028a8004a1af sp=0x00000092003f9cd8 mode 2
Event: 1733.264 Thread 0x0000028a9d2b9000 Uncommon trap: trap_request=0xffffffc6 fr.pc=0x0000028a87f4da48 relative=0x0000000000000068
Event: 1733.264 Thread 0x0000028a9d2b9000 Uncommon trap: reason=bimorphic_or_optimized_type_check action=maybe_recompile pc=0x0000028a87f4da48 method=com.google.common.collect.ImmutableList.copyOf(Ljava/util/Collection;)Lcom/google/common/collect/ImmutableList; @ 16 c2
Event: 1733.264 Thread 0x0000028a9d2b9000 DEOPT PACKING pc=0x0000028a87f4da48 sp=0x00000092003f9d10
Event: 1733.264 Thread 0x0000028a9d2b9000 DEOPT UNPACKING pc=0x0000028a8004a1af sp=0x00000092003f9cd8 mode 2
Event: 1733.275 Thread 0x0000028a9d2b9000 Uncommon trap: trap_request=0xffffffc6 fr.pc=0x0000028a87f4da48 relative=0x0000000000000068
Event: 1733.275 Thread 0x0000028a9d2b9000 Uncommon trap: reason=bimorphic_or_optimized_type_check action=maybe_recompile pc=0x0000028a87f4da48 method=com.google.common.collect.ImmutableList.copyOf(Ljava/util/Collection;)Lcom/google/common/collect/ImmutableList; @ 16 c2
Event: 1733.275 Thread 0x0000028a9d2b9000 DEOPT PACKING pc=0x0000028a87f4da48 sp=0x00000092003f9d30
Event: 1733.275 Thread 0x0000028a9d2b9000 DEOPT UNPACKING pc=0x0000028a8004a1af sp=0x00000092003f9cf8 mode 2

Classes redefined (0 events):
No events

Internal exceptions (20 events):
Event: 1730.495 Thread 0x0000028a9d2b9000 Exception <a 'java/lang/ClassNotFoundException'{0x0000000087de2f80}: org/gradle/internal/extensibility/ExtensionsStorage$ExtensionHolderBeanInfo> (0x0000000087de2f80) thrown at [./src/hotspot/share/classfile/systemDictionary.cpp, line 231]
Event: 1730.495 Thread 0x0000028a9d2b9000 Exception <a 'java/lang/ClassNotFoundException'{0x0000000087dfce70}: org/gradle/internal/extensibility/ExtensionsStorage$ExtensionHolderCustomizer> (0x0000000087dfce70) thrown at [./src/hotspot/share/classfile/systemDictionary.cpp, line 231]
Event: 1730.509 Thread 0x0000028a9d2b9000 Exception <a 'java/lang/ClassNotFoundException'{0x0000000087a35be0}: org/codehaus/groovy/runtime/NullObjectBeanInfo> (0x0000000087a35be0) thrown at [./src/hotspot/share/classfile/systemDictionary.cpp, line 231]
Event: 1730.516 Thread 0x0000028a9d2b9000 Exception <a 'java/lang/ClassNotFoundException'{0x0000000087d0eed0}: org/codehaus/groovy/runtime/NullObjectCustomizer> (0x0000000087d0eed0) thrown at [./src/hotspot/share/classfile/systemDictionary.cpp, line 231]
Event: 1730.527 Thread 0x0000028a9d2b9000 Exception <a 'java/lang/ClassNotFoundException'{0x0000000087b90d00}: org/gradle/api/internal/tasks/DefaultSourceSetContainer_DecoratedBeanInfo> (0x0000000087b90d00) thrown at [./src/hotspot/share/classfile/systemDictionary.cpp, line 231]
Event: 1730.527 Thread 0x0000028a9d2b9000 Exception <a 'java/lang/ClassNotFoundException'{0x0000000087bb5e88}: org/gradle/api/internal/tasks/DefaultSourceSetContainerBeanInfo> (0x0000000087bb5e88) thrown at [./src/hotspot/share/classfile/systemDictionary.cpp, line 231]
Event: 1730.528 Thread 0x0000028a9d2b9000 Exception <a 'java/lang/ClassNotFoundException'{0x0000000087bdb2b8}: org/gradle/api/internal/tasks/DefaultSourceSetContainerCustomizer> (0x0000000087bdb2b8) thrown at [./src/hotspot/share/classfile/systemDictionary.cpp, line 231]
Event: 1730.537 Thread 0x0000028a9d2b9000 Exception <a 'java/lang/ClassNotFoundException'{0x0000000087a10350}: org/gradle/api/internal/tasks/DefaultSourceSetContainer_DecoratedCustomizer> (0x0000000087a10350) thrown at [./src/hotspot/share/classfile/systemDictionary.cpp, line 231]
Event: 1730.631 Thread 0x0000028a9d2b9000 Exception <a 'java/lang/NoSuchMethodError'{0x0000000087a36588}: <clinit>> (0x0000000087a36588) thrown at [./src/hotspot/share/prims/jni.cpp, line 1365]
Event: 1730.632 Thread 0x0000028a9d2b9000 Exception <a 'java/lang/NoSuchMethodError'{0x0000000087a451d0}: <clinit>> (0x0000000087a451d0) thrown at [./src/hotspot/share/prims/jni.cpp, line 1365]
Event: 1730.633 Thread 0x0000028a9d2b9000 Exception <a 'java/lang/NoSuchMethodError'{0x0000000087a530a0}: <clinit>> (0x0000000087a530a0) thrown at [./src/hotspot/share/prims/jni.cpp, line 1365]
Event: 1730.633 Thread 0x0000028a9d2b9000 Exception <a 'java/lang/NoSuchMethodError'{0x0000000087a60230}: <clinit>> (0x0000000087a60230) thrown at [./src/hotspot/share/prims/jni.cpp, line 1365]
Event: 1730.634 Thread 0x0000028a9d2b9000 Exception <a 'java/lang/NoSuchMethodError'{0x0000000087a6d638}: <clinit>> (0x0000000087a6d638) thrown at [./src/hotspot/share/prims/jni.cpp, line 1365]
Event: 1731.183 Thread 0x0000028a9d2b9000 Exception <a 'sun/nio/fs/WindowsException'{0x000000008798c648}> (0x000000008798c648) thrown at [./src/hotspot/share/prims/jni.cpp, line 615]
Event: 1731.380 Thread 0x0000028a9d2b9000 Exception <a 'sun/nio/fs/WindowsException'{0x0000000087d2f470}> (0x0000000087d2f470) thrown at [./src/hotspot/share/prims/jni.cpp, line 615]
Event: 1731.380 Thread 0x0000028a9d2b9000 Exception <a 'sun/nio/fs/WindowsException'{0x0000000087d304c0}> (0x0000000087d304c0) thrown at [./src/hotspot/share/prims/jni.cpp, line 615]
Event: 1731.380 Thread 0x0000028a9d2b9000 Exception <a 'sun/nio/fs/WindowsException'{0x0000000087d31560}> (0x0000000087d31560) thrown at [./src/hotspot/share/prims/jni.cpp, line 615]
Event: 1731.381 Thread 0x0000028a9d2b9000 Exception <a 'sun/nio/fs/WindowsException'{0x0000000087d32600}> (0x0000000087d32600) thrown at [./src/hotspot/share/prims/jni.cpp, line 615]
Event: 1731.698 Thread 0x0000028a9d2b9000 Exception <a 'java/lang/NoSuchMethodError'{0x0000000087a61708}: 'int java.lang.invoke.DirectMethodHandle$Holder.invokeSpecialIFC(java.lang.Object, java.lang.Object, java.lang.Object)'> (0x0000000087a61708) thrown at [./src/hotspot/share/interpreter/linkResolver.cpp, line 773]
Event: 1732.857 Thread 0x0000028a98e8b800 Exception <a 'java/lang/NoSuchMethodError'{0x00000000893be4f0}: 'java.lang.Object java.lang.invoke.DirectMethodHandle$Holder.newInvokeSpecial(java.lang.Object, java.lang.Object, java.lang.Object, java.lang.Object)'> (0x00000000893be4f0) thrown at [./src/hotspot/share/interpreter/linkResolver.cpp, line 773]

Events (20 events):
Event: 1733.276 loading class org/gradle/api/internal/artifacts/ivyservice/projectmodule/ProjectArtifactResolver$ResolvingCalculator done
Event: 1733.282 Executing VM operation: CGC_Operation
Event: 1733.282 Executing VM operation: CGC_Operation done
Event: 1733.288 loading class com/android/build/gradle/internal/ide/dependencies/LibraryServiceImpl$getProjectInfo$1
Event: 1733.288 loading class com/android/build/gradle/internal/ide/dependencies/LibraryServiceImpl$getProjectInfo$1 done
Event: 1733.289 loading class org/gradle/api/artifacts/component/BuildIdentifier
Event: 1733.289 loading class org/gradle/api/artifacts/component/BuildIdentifier done
Event: 1733.289 loading class com/android/build/gradle/internal/ide/v2/ProjectInfoImpl
Event: 1733.289 loading class com/android/build/gradle/internal/ide/v2/ProjectInfoImpl done
Event: 1733.290 loading class com/android/builder/model/v2/ide/ProjectInfo
Event: 1733.290 loading class com/android/builder/model/v2/ide/ProjectInfo done
Event: 1733.291 loading class com/android/build/gradle/internal/ide/v2/ProjectInfoImpl$Companion
Event: 1733.291 loading class com/android/build/gradle/internal/ide/v2/ProjectInfoImpl$Companion done
Event: 1733.292 loading class com/android/build/gradle/internal/ide/v2/ProjectInfoImpl$toKeyComponent$$inlined$sortedBy$1
Event: 1733.292 loading class com/android/build/gradle/internal/ide/v2/ProjectInfoImpl$toKeyComponent$$inlined$sortedBy$1 done
Event: 1733.292 loading class com/android/build/gradle/internal/ide/v2/ProjectInfoImpl$toKeyComponent$2
Event: 1733.292 loading class com/android/build/gradle/internal/ide/v2/ProjectInfoImpl$toKeyComponent$2 done
Event: 1733.311 loading class org/gradle/api/artifacts/component/ModuleComponentSelector
Event: 1733.311 loading class org/gradle/api/artifacts/component/ModuleComponentSelector done
Event: 1733.316 Executing VM operation: G1CollectForAllocation


Dynamic libraries:
0x00007ff76af20000 - 0x00007ff76af2a000 	D:\Android Studio\path\jre\bin\java.exe
0x00007ffe2a240000 - 0x00007ffe2a449000 	C:\windows\SYSTEM32\ntdll.dll
0x00007ffe29230000 - 0x00007ffe292ed000 	C:\windows\System32\KERNEL32.DLL
0x00007ffe27a70000 - 0x00007ffe27dec000 	C:\windows\System32\KERNELBASE.dll
0x00007ffe27f80000 - 0x00007ffe28091000 	C:\windows\System32\ucrtbase.dll
0x00007ffe10cd0000 - 0x00007ffe10ce7000 	D:\Android Studio\path\jre\bin\VCRUNTIME140.dll
0x00007ffe16ec0000 - 0x00007ffe16ed9000 	D:\Android Studio\path\jre\bin\jli.dll
0x00007ffe28b70000 - 0x00007ffe28d1d000 	C:\windows\System32\USER32.dll
0x00007ffe280a0000 - 0x00007ffe280c6000 	C:\windows\System32\win32u.dll
0x00007ffe28b20000 - 0x00007ffe28b49000 	C:\windows\System32\GDI32.dll
0x00007ffe02660000 - 0x00007ffe02905000 	C:\windows\WinSxS\amd64_microsoft.windows.common-controls_6595b64144ccf1df_6.0.22000.120_none_9d947278b86cc467\COMCTL32.dll
0x00007ffe27890000 - 0x00007ffe279a9000 	C:\windows\System32\gdi32full.dll
0x00007ffe280d0000 - 0x00007ffe28173000 	C:\windows\System32\msvcrt.dll
0x00007ffe27ee0000 - 0x00007ffe27f7d000 	C:\windows\System32\msvcp_win.dll
0x00007ffe29ef0000 - 0x00007ffe29f21000 	C:\windows\System32\IMM32.DLL
0x00007ffdb5610000 - 0x00007ffdb56ad000 	D:\Android Studio\path\jre\bin\msvcp140.dll
0x00007ffd884b0000 - 0x00007ffd88f95000 	D:\Android Studio\path\jre\bin\server\jvm.dll
0x00007ffe289f0000 - 0x00007ffe28a9e000 	C:\windows\System32\ADVAPI32.dll
0x00007ffe29190000 - 0x00007ffe2922e000 	C:\windows\System32\sechost.dll
0x00007ffe28750000 - 0x00007ffe28870000 	C:\windows\System32\RPCRT4.dll
0x00007ffe296c0000 - 0x00007ffe296c8000 	C:\windows\System32\PSAPI.DLL
0x00007ffdd57f0000 - 0x00007ffdd57f9000 	C:\windows\SYSTEM32\WSOCK32.dll
0x00007ffe1dff0000 - 0x00007ffe1e023000 	C:\windows\SYSTEM32\WINMM.dll
0x00007ffe1ce60000 - 0x00007ffe1ce6a000 	C:\windows\SYSTEM32\VERSION.dll
0x00007ffe28670000 - 0x00007ffe286df000 	C:\windows\System32\WS2_32.dll
0x00007ffe26900000 - 0x00007ffe26918000 	C:\windows\SYSTEM32\kernel.appcore.dll
0x00007ffe172d0000 - 0x00007ffe172e1000 	D:\Android Studio\path\jre\bin\verify.dll
0x00007ffe25290000 - 0x00007ffe254b1000 	C:\windows\SYSTEM32\DBGHELP.DLL
0x00007ffe16df0000 - 0x00007ffe16e21000 	C:\windows\SYSTEM32\dbgcore.DLL
0x00007ffe27e60000 - 0x00007ffe27edf000 	C:\windows\System32\bcryptPrimitives.dll
0x00007ffe17280000 - 0x00007ffe172a9000 	D:\Android Studio\path\jre\bin\java.dll
0x00007ffe1f000000 - 0x00007ffe1f00b000 	D:\Android Studio\path\jre\bin\jimage.dll
0x00007ffe11c70000 - 0x00007ffe11c88000 	D:\Android Studio\path\jre\bin\zip.dll
0x00007ffe29730000 - 0x00007ffe29ee8000 	C:\windows\System32\SHELL32.dll
0x00007ffe25890000 - 0x00007ffe260f8000 	C:\windows\SYSTEM32\windows.storage.dll
0x00007ffe28d20000 - 0x00007ffe29099000 	C:\windows\System32\combase.dll
0x00007ffe25720000 - 0x00007ffe25886000 	C:\windows\SYSTEM32\wintypes.dll
0x00007ffe290a0000 - 0x00007ffe2918a000 	C:\windows\System32\SHCORE.dll
0x00007ffe296d0000 - 0x00007ffe2972d000 	C:\windows\System32\shlwapi.dll
0x00007ffe27650000 - 0x00007ffe27671000 	C:\windows\SYSTEM32\profapi.dll
0x00007ffe119e0000 - 0x00007ffe119fa000 	D:\Android Studio\path\jre\bin\net.dll
0x00007ffe1e380000 - 0x00007ffe1e48c000 	C:\windows\SYSTEM32\WINHTTP.dll
0x00007ffe26d30000 - 0x00007ffe26d97000 	C:\windows\system32\mswsock.dll
0x00007ffe11930000 - 0x00007ffe11944000 	D:\Android Studio\path\jre\bin\nio.dll
0x00007ffde41c0000 - 0x00007ffde41e7000 	C:\Users\86176\.gradle\native\e1d6ef7f7dcc3fd88c89a11ec53ec762bb8ba0a96d01ffa2cd45eb1d1d8dd5c5\windows-amd64\native-platform.dll
0x00007ffdb1a50000 - 0x00007ffdb1b94000 	C:\Users\86176\.gradle\native\5664cfc778a61ccfe75a443a1ab52a65af34e5dc3c78e0209fed803814484fcb\windows-amd64\native-platform-file-events.dll
0x00007ffe17600000 - 0x00007ffe1760a000 	D:\Android Studio\path\jre\bin\management.dll
0x00007ffe16e80000 - 0x00007ffe16e8d000 	D:\Android Studio\path\jre\bin\management_ext.dll
0x00007ffe26f80000 - 0x00007ffe26f98000 	C:\windows\SYSTEM32\CRYPTSP.dll
0x00007ffe26860000 - 0x00007ffe26895000 	C:\windows\system32\rsaenh.dll
0x00007ffe26e20000 - 0x00007ffe26e49000 	C:\windows\SYSTEM32\USERENV.dll
0x00007ffe27100000 - 0x00007ffe27127000 	C:\windows\SYSTEM32\bcrypt.dll
0x00007ffe26f70000 - 0x00007ffe26f7c000 	C:\windows\SYSTEM32\CRYPTBASE.dll
0x00007ffe26430000 - 0x00007ffe2645d000 	C:\windows\SYSTEM32\IPHLPAPI.DLL
0x00007ffe286e0000 - 0x00007ffe286e9000 	C:\windows\System32\NSI.dll
0x00007ffe1de70000 - 0x00007ffe1de89000 	C:\windows\SYSTEM32\dhcpcsvc6.DLL
0x00007ffe1e360000 - 0x00007ffe1e37e000 	C:\windows\SYSTEM32\dhcpcsvc.DLL
0x00007ffe26460000 - 0x00007ffe26548000 	C:\windows\SYSTEM32\DNSAPI.dll

dbghelp: loaded successfully - version: 4.0.5 - missing functions: none
symbol engine: initialized successfully - sym options: 0x614 - pdb path: .;D:\Android Studio\path\jre\bin;C:\windows\SYSTEM32;C:\windows\WinSxS\amd64_microsoft.windows.common-controls_6595b64144ccf1df_6.0.22000.120_none_9d947278b86cc467;D:\Android Studio\path\jre\bin\server;C:\Users\86176\.gradle\native\e1d6ef7f7dcc3fd88c89a11ec53ec762bb8ba0a96d01ffa2cd45eb1d1d8dd5c5\windows-amd64;C:\Users\86176\.gradle\native\5664cfc778a61ccfe75a443a1ab52a65af34e5dc3c78e0209fed803814484fcb\windows-amd64

VM Arguments:
jvm_args: --add-opens=java.base/java.util=ALL-UNNAMED --add-opens=java.base/java.lang=ALL-UNNAMED --add-opens=java.base/java.lang.invoke=ALL-UNNAMED --add-opens=java.base/java.util=ALL-UNNAMED --add-opens=java.prefs/java.util.prefs=ALL-UNNAMED --add-opens=java.prefs/java.util.prefs=ALL-UNNAMED --add-opens=java.base/java.nio.charset=ALL-UNNAMED --add-opens=java.base/java.net=ALL-UNNAMED --add-opens=java.base/java.util.concurrent.atomic=ALL-UNNAMED -Xmx2048m -Dfile.encoding=UTF-8 -Duser.country=CN -Duser.language=zh -Duser.variant 
java_command: org.gradle.launcher.daemon.bootstrap.GradleDaemon 7.3.3
java_class_path (initial): C:\Users\86176\.gradle\wrapper\dists\gradle-7.3.3-bin\6a41zxkdtcxs8rphpq6y0069z\gradle-7.3.3\lib\gradle-launcher-7.3.3.jar
Launcher Type: SUN_STANDARD

[Global flags]
     intx CICompilerCount                          = 4                                         {product} {ergonomic}
     uint ConcGCThreads                            = 2                                         {product} {ergonomic}
     uint G1ConcRefinementThreads                  = 8                                         {product} {ergonomic}
   size_t G1HeapRegionSize                         = 1048576                                   {product} {ergonomic}
    uintx GCDrainStackTargetSize                   = 64                                        {product} {ergonomic}
   size_t InitialHeapSize                          = 132120576                                 {product} {ergonomic}
   size_t MarkStackSize                            = 4194304                                   {product} {ergonomic}
   size_t MaxHeapSize                              = 2147483648                                {product} {command line}
   size_t MaxNewSize                               = 1287651328                                {product} {ergonomic}
   size_t MinHeapDeltaBytes                        = 1048576                                   {product} {ergonomic}
    uintx NonNMethodCodeHeapSize                   = 5836300                                {pd product} {ergonomic}
    uintx NonProfiledCodeHeapSize                  = 122910970                              {pd product} {ergonomic}
    uintx ProfiledCodeHeapSize                     = 122910970                              {pd product} {ergonomic}
    uintx ReservedCodeCacheSize                    = 251658240                              {pd product} {ergonomic}
     bool SegmentedCodeCache                       = true                                      {product} {ergonomic}
     bool UseCompressedClassPointers               = true                                 {lp64_product} {ergonomic}
     bool UseCompressedOops                        = true                                 {lp64_product} {ergonomic}
     bool UseG1GC                                  = true                                      {product} {ergonomic}
     bool UseLargePagesIndividualAllocation        = false                                  {pd product} {ergonomic}

Logging:
Log output configuration:
 #0: stdout all=warning uptime,level,tags
 #1: stderr all=off uptime,level,tags

Environment Variables:
JAVA_HOME=D:\Eclipse1\JDK
PATH=C:\Windows\system32;C:\Windows;C:\Windows\System32\Wbem;C:\Windows\System32\WindowsPowerShell\v1.0\;C:\Windows\System32\OpenSSH\;C:\Program Files\NVIDIA Corporation\NVIDIA NvDLISR;C:\Program Files\Microsoft SQL Server\Client SDK\ODBC\110\Tools\Binn\;C:\Program Files (x86)\Microsoft SQL Server\120\Tools\Binn\;C:\Program Files\Microsoft SQL Server\120\Tools\Binn\;C:\Program Files\Microsoft SQL Server\120\DTS\Binn\;C:\Program Files (x86)\Windows Kits\8.1\Windows Performance Toolkit\;C:\WINDOWS\system32;C:\WINDOWS;C:\WINDOWS\System32\Wbem;C:\WINDOWS\System32\WindowsPowerShell\v1.0\;C:\WINDOWS\System32\OpenSSH\;D:\ygprogress\graphviz2.49\Graphviz\bin;D:\Matlab2018\runtime\win64;D:\Matlab2018\bin;C:\Program Files\dotnet\;C:\Program Files (x86)\NVIDIA Corporation\PhysX\Common;C:\ProgramData\Anaconda3;C:\ProgramData\Anaconda3\Scripts;C:\ProgramData\Anaconda3\Library\bin;D:\ygprogress\graphviz（图形可视化）\path\Graphviz\bin;D:\AndroidStudio_SDK\platform-tools;D:\MySQL\MySQL Server 5.7\bin;D:\MySQL\MySQL Shell 8.0\bin\;C:\Users\86176\AppData\Local\Programs\Python\Python310\Scripts\;C:\Users\86176\AppData\Local\Programs\Python\Python310\;D:\Anaconda1;D:\Anaconda1\Library\mingw-w64\bin;D:\Anaconda1\Library\usr\bin;D:\Anaconda1\Library\bin;D:\Anaconda1\Scripts;C:\Users\86176\AppData\Local\Microsoft\WindowsApps;D:\Python\anaconda\Scripts;D:\ygprogress\graphviz\bin;D:\ygprogress\graphviz2.49\Graphviz\bin;D:\VSCode\path\Microsoft VS Code\bin;D:\Python\python-3.7.7-amd64.exe;C:\Users\86176\AppData\Roaming\Microsoft\Windows\Start Menu\Programs\Python 3.7\IDLE (Python 3.7 64-bit).lnk;D:\AndroidStudio_SDK\platform-tools;
USERNAME=86176
OS=Windows_NT
PROCESSOR_IDENTIFIER=Intel64 Family 6 Model 158 Stepping 10, GenuineIntel



---------------  S Y S T E M  ---------------

OS: Windows 10 , 64 bit Build 22000 (10.0.22000.708)
OS uptime: 1 days 21:04 hours

CPU:total 8 (initial active 8) (4 cores per cpu, 2 threads per core) family 6 model 158 stepping 10 microcode 0xde, cmov, cx8, fxsr, mmx, sse, sse2, sse3, ssse3, sse4.1, sse4.2, popcnt, avx, avx2, aes, clmul, erms, 3dnowpref, lzcnt, ht, tsc, tscinvbit, bmi1, bmi2, adx, fma

Memory: 4k page, system-wide physical 8033M (144M free)
TotalPageFile size 23176M (AvailPageFile size 118M)
current process WorkingSet (physical memory assigned to process): 270M, peak: 378M
current process commit charge ("private bytes"): 462M, peak: 620M

vm_info: OpenJDK 64-Bit Server VM (11.0.12+7-b1504.28-7817840) for windows-amd64 JRE (11.0.12+7-b1504.28-7817840), built on Oct 13 2021 22:12:33 by "builder" with MS VC++ 14.0 (VS2015)

END.
