#
# There is insufficient memory for the Java Runtime Environment to continue.
# Native memory allocation (malloc) failed to allocate 952336 bytes for Chunk::new
# Possible reasons:
#   The system is out of physical RAM or swap space
#   The process is running with CompressedOops enabled, and the Java Heap may be blocking the growth of the native heap
# Possible solutions:
#   Reduce memory load on the system
#   Increase physical memory or swap space
#   Check if swap backing store is full
#   Decrease Java heap size (-Xmx/-Xms)
#   Decrease number of Java threads
#   Decrease Java thread stack sizes (-Xss)
#   Set larger code cache with -XX:ReservedCodeCacheSize=
#
#  , pid=18892
#
# JRE version: OpenJDK Runtime Environment (11.0.12+7) (build 11.0.12+7-b1504.28-7817840)
# Java VM: OpenJDK 64-Bit Server VM (11.0.12+7-b1504.28-7817840, mixed mode, tiered, compressed oops, g1 gc, windows-amd64)
# No core dump will be written. Minidumps are not enabled by default on client versions of Windows
#

---------------  S U M M A R Y ------------

Command Line: --add-opens=java.base/java.util=ALL-UNNAMED --add-opens=java.base/java.lang=ALL-UNNAMED --add-opens=java.base/java.lang.invoke=ALL-UNNAMED --add-opens=java.base/java.util=ALL-UNNAMED --add-opens=java.prefs/java.util.prefs=ALL-UNNAMED --add-opens=java.prefs/java.util.prefs=ALL-UNNAMED --add-opens=java.base/java.nio.charset=ALL-UNNAMED --add-opens=java.base/java.net=ALL-UNNAMED --add-opens=java.base/java.util.concurrent.atomic=ALL-UNNAMED -Xmx2048m -Dfile.encoding=UTF-8 -Duser.country=CN -Duser.language=zh -Duser.variant org.gradle.launcher.daemon.bootstrap.GradleDaemon 7.3.3

Host: Intel(R) Core(TM) i5-9300H CPU @ 2.40GHz, 8 cores, 7G,  Windows 10 , 64 bit Build 22000 (10.0.22000.708)
Time: Wed Aug 31 15:43:44 2022 中国标准时间 elapsed time: 13656.309344 seconds (0d 3h 47m 36s)

---------------  T H R E A D  ---------------

Current thread (0x000001be24938000):  JavaThread "C2 CompilerThread0" daemon [_thread_in_native, id=14924, stack(0x0000002f2ed00000,0x0000002f2ee00000)]


Current CompileTask:
C2:13656309 34965       4       groovy.lang.MetaClassImpl::inheritInterfaceNewMetaMethods (195 bytes)

Stack: [0x0000002f2ed00000,0x0000002f2ee00000]
Native frames: (J=compiled Java code, j=interpreted, Vv=VM code, C=native code)
V  [jvm.dll+0x5fbcea]
V  [jvm.dll+0x731905]
V  [jvm.dll+0x732f1d]
V  [jvm.dll+0x7335d3]
V  [jvm.dll+0x247bf8]
V  [jvm.dll+0xc018c]
V  [jvm.dll+0xc06cc]
V  [jvm.dll+0x2bcc04]
V  [jvm.dll+0x5113a8]
V  [jvm.dll+0x201c5a]
V  [jvm.dll+0x1ff71f]
V  [jvm.dll+0x18868c]
V  [jvm.dll+0x20e0d7]
V  [jvm.dll+0x20c901]
V  [jvm.dll+0x6f9b7f]
V  [jvm.dll+0x6f26a5]
V  [jvm.dll+0x5fabf6]
C  [ucrtbase.dll+0x26c0c]
C  [KERNEL32.DLL+0x154e0]
C  [ntdll.dll+0x485b]


---------------  P R O C E S S  ---------------

Threads class SMR info:
_java_thread_list=0x000001be287c4d10, length=42, elements={
0x000001be09ba2800, 0x000001be24038800, 0x000001be24041800, 0x000001be24061000,
0x000001be2492c800, 0x000001be2492d800, 0x000001be24938000, 0x000001be24940000,
0x000001be24953000, 0x000001be24ab2800, 0x000001be26d3e000, 0x000001be26d3e800,
0x000001be26d3c000, 0x000001be278ac800, 0x000001be278ae800, 0x000001be278a8800,
0x000001be278ac000, 0x000001be278af000, 0x000001be278b1800, 0x000001be278b0800,
0x000001be278b4000, 0x000001be278b7000, 0x000001be278b5000, 0x000001be27f9c800,
0x000001be27fa0000, 0x000001be27fa1000, 0x000001be27f9b000, 0x000001be27fa7800,
0x000001be27fa4000, 0x000001be26e93000, 0x000001be272c9000, 0x000001be2c188800,
0x000001be2c189800, 0x000001be2c18c000, 0x000001be2c18b000, 0x000001be2c186000,
0x000001be2c18c800, 0x000001be2c187000, 0x000001be2c18d800, 0x000001be2c187800,
0x000001be2c18f000, 0x000001be2c192800
}

Java Threads: ( => current thread )
  0x000001be09ba2800 JavaThread "main" [_thread_blocked, id=19900, stack(0x0000002f2e100000,0x0000002f2e200000)]
  0x000001be24038800 JavaThread "Reference Handler" daemon [_thread_blocked, id=14288, stack(0x0000002f2e800000,0x0000002f2e900000)]
  0x000001be24041800 JavaThread "Finalizer" daemon [_thread_blocked, id=17608, stack(0x0000002f2e900000,0x0000002f2ea00000)]
  0x000001be24061000 JavaThread "Signal Dispatcher" daemon [_thread_blocked, id=3900, stack(0x0000002f2ea00000,0x0000002f2eb00000)]
  0x000001be2492c800 JavaThread "Attach Listener" daemon [_thread_blocked, id=14352, stack(0x0000002f2eb00000,0x0000002f2ec00000)]
  0x000001be2492d800 JavaThread "Service Thread" daemon [_thread_blocked, id=20712, stack(0x0000002f2ec00000,0x0000002f2ed00000)]
=>0x000001be24938000 JavaThread "C2 CompilerThread0" daemon [_thread_in_native, id=14924, stack(0x0000002f2ed00000,0x0000002f2ee00000)]
  0x000001be24940000 JavaThread "C1 CompilerThread0" daemon [_thread_blocked, id=10712, stack(0x0000002f2ee00000,0x0000002f2ef00000)]
  0x000001be24953000 JavaThread "Sweeper thread" daemon [_thread_blocked, id=16436, stack(0x0000002f2ef00000,0x0000002f2f000000)]
  0x000001be24ab2800 JavaThread "Common-Cleaner" daemon [_thread_blocked, id=12828, stack(0x0000002f2f000000,0x0000002f2f100000)]
  0x000001be26d3e000 JavaThread "Daemon health stats" [_thread_blocked, id=10428, stack(0x0000002f2f500000,0x0000002f2f600000)]
  0x000001be26d3e800 JavaThread "Incoming local TCP Connector on port 54484" [_thread_in_native, id=14780, stack(0x0000002f2f400000,0x0000002f2f500000)]
  0x000001be26d3c000 JavaThread "Daemon periodic checks" [_thread_blocked, id=11216, stack(0x0000002f2f600000,0x0000002f2f700000)]
  0x000001be278ac800 JavaThread "Cache worker for journal cache (C:\Users\86176\.gradle\caches\journal-1)" [_thread_blocked, id=15956, stack(0x0000002f30300000,0x0000002f30400000)]
  0x000001be278ae800 JavaThread "File lock request listener" [_thread_in_native, id=2688, stack(0x0000002f30400000,0x0000002f30500000)]
  0x000001be278a8800 JavaThread "Cache worker for file hash cache (C:\Users\86176\.gradle\caches\7.3.3\fileHashes)" [_thread_blocked, id=17420, stack(0x0000002f30500000,0x0000002f30600000)]
  0x000001be278ac000 JavaThread "File watcher server" daemon [_thread_in_native, id=20748, stack(0x0000002f30800000,0x0000002f30900000)]
  0x000001be278af000 JavaThread "File watcher consumer" daemon [_thread_blocked, id=18620, stack(0x0000002f30900000,0x0000002f30a00000)]
  0x000001be278b1800 JavaThread "Cache worker for execution history cache (C:\Users\86176\.gradle\caches\7.3.3\executionHistory)" [_thread_blocked, id=19120, stack(0x0000002f30d00000,0x0000002f30e00000)]
  0x000001be278b0800 JavaThread "jar transforms" [_thread_blocked, id=4684, stack(0x0000002f30e00000,0x0000002f30f00000)]
  0x000001be278b4000 JavaThread "Cache worker for file content cache (C:\Users\86176\.gradle\caches\7.3.3\fileContent)" [_thread_blocked, id=11680, stack(0x0000002f30f00000,0x0000002f31000000)]
  0x000001be278b7000 JavaThread "jar transforms Thread 2" [_thread_blocked, id=19760, stack(0x0000002f31000000,0x0000002f31100000)]
  0x000001be278b5000 JavaThread "jar transforms Thread 3" [_thread_blocked, id=11420, stack(0x0000002f31200000,0x0000002f31300000)]
  0x000001be27f9c800 JavaThread "jar transforms Thread 4" [_thread_blocked, id=19716, stack(0x0000002f36400000,0x0000002f36500000)]
  0x000001be27fa0000 JavaThread "jar transforms Thread 5" [_thread_blocked, id=20280, stack(0x0000002f36500000,0x0000002f36600000)]
  0x000001be27fa1000 JavaThread "jar transforms Thread 6" [_thread_blocked, id=18108, stack(0x0000002f36600000,0x0000002f36700000)]
  0x000001be27f9b000 JavaThread "jar transforms Thread 7" [_thread_blocked, id=20424, stack(0x0000002f36700000,0x0000002f36800000)]
  0x000001be27fa7800 JavaThread "jar transforms Thread 8" [_thread_blocked, id=13896, stack(0x0000002f36800000,0x0000002f36900000)]
  0x000001be27fa4000 JavaThread "Memory manager" [_thread_blocked, id=11404, stack(0x0000002f36900000,0x0000002f36a00000)]
  0x000001be26e93000 JavaThread "Cache worker for Java compile cache (C:\Users\86176\.gradle\caches\7.3.3\javaCompile)" [_thread_blocked, id=21420, stack(0x0000002f37500000,0x0000002f37600000)]
  0x000001be272c9000 JavaThread "ForkJoinPool.commonPool-worker-7" daemon [_thread_blocked, id=20548, stack(0x0000002f38a00000,0x0000002f38b00000)]
  0x000001be2c188800 JavaThread "Daemon Thread 6" [_thread_blocked, id=10232, stack(0x0000002f2de00000,0x0000002f2df00000)]
  0x000001be2c189800 JavaThread "Handler for socket connection from /127.0.0.1:54484 to /127.0.0.1:60047" [_thread_in_native, id=21052, stack(0x0000002f2df00000,0x0000002f2e000000)]
  0x000001be2c18c000 JavaThread "Cancel handler" [_thread_blocked, id=21412, stack(0x0000002f2e000000,0x0000002f2e100000)]
  0x000001be2c18b000 JavaThread "Daemon worker Thread 6" [_thread_in_vm, id=6924, stack(0x0000002f2f700000,0x0000002f2f800000)]
  0x000001be2c186000 JavaThread "Asynchronous log dispatcher for DefaultDaemonConnection: socket connection from /127.0.0.1:54484 to /127.0.0.1:60047" [_thread_blocked, id=5412, stack(0x0000002f2f800000,0x0000002f2f900000)]
  0x000001be2c18c800 JavaThread "Stdin handler" [_thread_blocked, id=20004, stack(0x0000002f2f900000,0x0000002f2fa00000)]
  0x000001be2c187000 JavaThread "Daemon client event forwarder" [_thread_blocked, id=14908, stack(0x0000002f2fa00000,0x0000002f2fb00000)]
  0x000001be2c18d800 JavaThread "Cache worker for file hash cache (D:\Android Studio\project\Login\.gradle\7.3.3\fileHashes)" [_thread_blocked, id=12676, stack(0x0000002f2fb00000,0x0000002f2fc00000)]
  0x000001be2c187800 JavaThread "Cache worker for checksums cache (D:\Android Studio\project\Login\.gradle\7.3.3\checksums)" [_thread_blocked, id=13716, stack(0x0000002f2fc00000,0x0000002f2fd00000)]
  0x000001be2c18f000 JavaThread "Cache worker for cache directory md-supplier (C:\Users\86176\.gradle\caches\7.3.3\md-supplier)" [_thread_blocked, id=18920, stack(0x0000002f2fd00000,0x0000002f2fe00000)]
  0x000001be2c192800 JavaThread "Cache worker for cache directory md-rule (C:\Users\86176\.gradle\caches\7.3.3\md-rule)" [_thread_blocked, id=20720, stack(0x0000002f30700000,0x0000002f30800000)]

Other Threads:
  0x000001be24035800 VMThread "VM Thread" [stack: 0x0000002f2e700000,0x0000002f2e800000] [id=21408]
  0x000001be24abf800 WatcherThread [stack: 0x0000002f2f100000,0x0000002f2f200000] [id=18400]
  0x000001be09bbb800 GCTaskThread "GC Thread#0" [stack: 0x0000002f2e200000,0x0000002f2e300000] [id=14460]
  0x000001be2536e800 GCTaskThread "GC Thread#1" [stack: 0x0000002f2f200000,0x0000002f2f300000] [id=17248]
  0x000001be25372000 GCTaskThread "GC Thread#2" [stack: 0x0000002f2f300000,0x0000002f2f400000] [id=11948]
  0x000001be25371800 GCTaskThread "GC Thread#3" [stack: 0x0000002f2fe00000,0x0000002f2ff00000] [id=7312]
  0x000001be2536c800 GCTaskThread "GC Thread#4" [stack: 0x0000002f2ff00000,0x0000002f30000000] [id=20248]
  0x000001be2536e000 GCTaskThread "GC Thread#5" [stack: 0x0000002f30000000,0x0000002f30100000] [id=11760]
  0x000001be2536d000 GCTaskThread "GC Thread#6" [stack: 0x0000002f30100000,0x0000002f30200000] [id=12136]
  0x000001be2536b800 GCTaskThread "GC Thread#7" [stack: 0x0000002f30200000,0x0000002f30300000] [id=9992]
  0x000001be09bee800 ConcurrentGCThread "G1 Main Marker" [stack: 0x0000002f2e300000,0x0000002f2e400000] [id=17660]
  0x000001be09bf0000 ConcurrentGCThread "G1 Conc#0" [stack: 0x0000002f2e400000,0x0000002f2e500000] [id=9552]
  0x000001be2536f800 ConcurrentGCThread "G1 Conc#1" [stack: 0x0000002f30600000,0x0000002f30700000] [id=10696]
  0x000001be09c7e800 ConcurrentGCThread "G1 Refine#0" [stack: 0x0000002f2e500000,0x0000002f2e600000] [id=15576]
  0x000001be23e88800 ConcurrentGCThread "G1 Young RemSet Sampling" [stack: 0x0000002f2e600000,0x0000002f2e700000] [id=20152]

Threads with active compile tasks:
C2 CompilerThread013657675 34965       4       groovy.lang.MetaClassImpl::inheritInterfaceNewMetaMethods (195 bytes)

VM state:not at safepoint (normal execution)

VM Mutex/Monitor currently owned by a thread: None

OutOfMemory and StackOverflow Exception counts:
StackOverflowErrors=1
LinkageErrors=345

Heap address: 0x0000000080000000, size: 2048 MB, Compressed Oops mode: 32-bit
Narrow klass base: 0x0000000000000000, Narrow klass shift: 3
Compressed class space size: 1073741824 Address: 0x0000000100000000

Heap:
 garbage-first heap   total 360448K, used 220718K [0x0000000080000000, 0x0000000100000000)
  region size 1024K, 61 young (62464K), 1 survivors (1024K)
 Metaspace       used 155612K, capacity 160894K, committed 163184K, reserved 1191936K
  class space    used 18983K, capacity 20960K, committed 21528K, reserved 1048576K
Heap Regions: E=young(eden), S=young(survivor), O=old, HS=humongous(starts), HC=humongous(continues), CS=collection set, F=free, A=archive, TAMS=top-at-mark-start (previous, next)
|   0|0x0000000080000000, 0x0000000080100000, 0x0000000080100000|100%| O|  |TAMS 0x0000000080100000, 0x0000000080000000| Complete 
|   1|0x0000000080100000, 0x0000000080200000, 0x0000000080200000|100%| O|  |TAMS 0x0000000080200000, 0x0000000080100000| Untracked 
|   2|0x0000000080200000, 0x0000000080300000, 0x0000000080300000|100%| O|  |TAMS 0x0000000080300000, 0x0000000080200000| Complete 
|   3|0x0000000080300000, 0x0000000080400000, 0x0000000080400000|100%|HS|  |TAMS 0x0000000080400000, 0x0000000080300000| Complete 
|   4|0x0000000080400000, 0x0000000080500000, 0x0000000080500000|100%|HC|  |TAMS 0x0000000080500000, 0x0000000080400000| Complete 
|   5|0x0000000080500000, 0x0000000080600000, 0x0000000080600000|100%|HC|  |TAMS 0x0000000080600000, 0x0000000080500000| Complete 
|   6|0x0000000080600000, 0x0000000080700000, 0x0000000080700000|100%| O|  |TAMS 0x0000000080700000, 0x0000000080600000| Untracked 
|   7|0x0000000080700000, 0x0000000080800000, 0x0000000080800000|100%| O|  |TAMS 0x0000000080800000, 0x0000000080700000| Complete 
|   8|0x0000000080800000, 0x0000000080900000, 0x0000000080900000|100%| O|  |TAMS 0x0000000080900000, 0x0000000080800000| Untracked 
|   9|0x0000000080900000, 0x0000000080a00000, 0x0000000080a00000|100%| O|  |TAMS 0x0000000080a00000, 0x0000000080900000| Complete 
|  10|0x0000000080a00000, 0x0000000080b00000, 0x0000000080b00000|100%| O|  |TAMS 0x0000000080b00000, 0x0000000080a00000| Untracked 
|  11|0x0000000080b00000, 0x0000000080c00000, 0x0000000080c00000|100%| O|  |TAMS 0x0000000080c00000, 0x0000000080b00000| Untracked 
|  12|0x0000000080c00000, 0x0000000080d00000, 0x0000000080d00000|100%| O|  |TAMS 0x0000000080d00000, 0x0000000080c00000| Untracked 
|  13|0x0000000080d00000, 0x0000000080e00000, 0x0000000080e00000|100%| O|  |TAMS 0x0000000080e00000, 0x0000000080d00000| Untracked 
|  14|0x0000000080e00000, 0x0000000080f00000, 0x0000000080f00000|100%| O|  |TAMS 0x0000000080f00000, 0x0000000080e00000| Complete 
|  15|0x0000000080f00000, 0x0000000081000000, 0x0000000081000000|100%| O|  |TAMS 0x0000000081000000, 0x0000000080f00000| Complete 
|  16|0x0000000081000000, 0x0000000081100000, 0x0000000081100000|100%| O|  |TAMS 0x0000000081100000, 0x0000000081000000| Complete 
|  17|0x0000000081100000, 0x0000000081200000, 0x0000000081200000|100%|HS|  |TAMS 0x0000000081200000, 0x0000000081100000| Complete 
|  18|0x0000000081200000, 0x0000000081300000, 0x0000000081300000|100%| O|  |TAMS 0x0000000081300000, 0x0000000081200000| Complete 
|  19|0x0000000081300000, 0x0000000081400000, 0x0000000081400000|100%| O|  |TAMS 0x0000000081400000, 0x0000000081300000| Complete 
|  20|0x0000000081400000, 0x0000000081500000, 0x0000000081500000|100%| O|  |TAMS 0x0000000081500000, 0x0000000081400000| Complete 
|  21|0x0000000081500000, 0x0000000081600000, 0x0000000081600000|100%| O|  |TAMS 0x0000000081600000, 0x0000000081500000| Complete 
|  22|0x0000000081600000, 0x0000000081700000, 0x0000000081700000|100%| O|  |TAMS 0x0000000081700000, 0x0000000081600000| Complete 
|  23|0x0000000081700000, 0x0000000081800000, 0x0000000081800000|100%| O|  |TAMS 0x0000000081800000, 0x0000000081700000| Complete 
|  24|0x0000000081800000, 0x0000000081900000, 0x0000000081900000|100%| O|  |TAMS 0x0000000081900000, 0x0000000081800000| Complete 
|  25|0x0000000081900000, 0x0000000081a00000, 0x0000000081a00000|100%| O|  |TAMS 0x0000000081a00000, 0x0000000081900000| Untracked 
|  26|0x0000000081a00000, 0x0000000081b00000, 0x0000000081b00000|100%| O|  |TAMS 0x0000000081b00000, 0x0000000081a00000| Complete 
|  27|0x0000000081b00000, 0x0000000081c00000, 0x0000000081c00000|100%| O|  |TAMS 0x0000000081c00000, 0x0000000081b00000| Complete 
|  28|0x0000000081c00000, 0x0000000081d00000, 0x0000000081d00000|100%|HS|  |TAMS 0x0000000081d00000, 0x0000000081c00000| Complete 
|  29|0x0000000081d00000, 0x0000000081e00000, 0x0000000081e00000|100%|HS|  |TAMS 0x0000000081e00000, 0x0000000081d00000| Complete 
|  30|0x0000000081e00000, 0x0000000081f00000, 0x0000000081f00000|100%|HC|  |TAMS 0x0000000081f00000, 0x0000000081e00000| Complete 
|  31|0x0000000081f00000, 0x0000000082000000, 0x0000000082000000|100%| O|  |TAMS 0x0000000082000000, 0x0000000081f00000| Complete 
|  32|0x0000000082000000, 0x0000000082100000, 0x0000000082100000|100%| O|  |TAMS 0x0000000082100000, 0x0000000082000000| Complete 
|  33|0x0000000082100000, 0x0000000082200000, 0x0000000082200000|100%| O|  |TAMS 0x0000000082200000, 0x0000000082100000| Complete 
|  34|0x0000000082200000, 0x0000000082300000, 0x0000000082300000|100%| O|  |TAMS 0x0000000082300000, 0x0000000082200000| Complete 
|  35|0x0000000082300000, 0x0000000082400000, 0x0000000082400000|100%| O|  |TAMS 0x0000000082400000, 0x0000000082300000| Complete 
|  36|0x0000000082400000, 0x0000000082500000, 0x0000000082500000|100%| O|  |TAMS 0x0000000082500000, 0x0000000082400000| Untracked 
|  37|0x0000000082500000, 0x0000000082600000, 0x0000000082600000|100%| O|  |TAMS 0x0000000082600000, 0x0000000082500000| Complete 
|  38|0x0000000082600000, 0x0000000082700000, 0x0000000082700000|100%| O|  |TAMS 0x0000000082700000, 0x0000000082600000| Untracked 
|  39|0x0000000082700000, 0x0000000082800000, 0x0000000082800000|100%| O|  |TAMS 0x0000000082800000, 0x0000000082700000| Untracked 
|  40|0x0000000082800000, 0x0000000082900000, 0x0000000082900000|100%| O|  |TAMS 0x0000000082900000, 0x0000000082800000| Untracked 
|  41|0x0000000082900000, 0x0000000082a00000, 0x0000000082a00000|100%| O|  |TAMS 0x0000000082a00000, 0x0000000082900000| Complete 
|  42|0x0000000082a00000, 0x0000000082b00000, 0x0000000082b00000|100%| O|  |TAMS 0x0000000082b00000, 0x0000000082a00000| Complete 
|  43|0x0000000082b00000, 0x0000000082c00000, 0x0000000082c00000|100%| O|  |TAMS 0x0000000082c00000, 0x0000000082b00000| Complete 
|  44|0x0000000082c00000, 0x0000000082d00000, 0x0000000082d00000|100%| O|  |TAMS 0x0000000082d00000, 0x0000000082c00000| Complete 
|  45|0x0000000082d00000, 0x0000000082e00000, 0x0000000082e00000|100%| O|  |TAMS 0x0000000082e00000, 0x0000000082d00000| Complete 
|  46|0x0000000082e00000, 0x0000000082f00000, 0x0000000082f00000|100%| O|  |TAMS 0x0000000082f00000, 0x0000000082e00000| Complete 
|  47|0x0000000082f00000, 0x0000000083000000, 0x0000000083000000|100%| O|  |TAMS 0x0000000083000000, 0x0000000082f00000| Complete 
|  48|0x0000000083000000, 0x0000000083000000, 0x0000000083100000|  0%| F|  |TAMS 0x0000000083000000, 0x0000000083000000| Untracked 
|  49|0x0000000083100000, 0x0000000083200000, 0x0000000083200000|100%| O|  |TAMS 0x0000000083200000, 0x0000000083100000| Complete 
|  50|0x0000000083200000, 0x0000000083300000, 0x0000000083300000|100%| O|  |TAMS 0x0000000083300000, 0x0000000083200000| Complete 
|  51|0x0000000083300000, 0x0000000083400000, 0x0000000083400000|100%| O|  |TAMS 0x0000000083400000, 0x0000000083300000| Complete 
|  52|0x0000000083400000, 0x0000000083500000, 0x0000000083500000|100%| O|  |TAMS 0x0000000083500000, 0x0000000083400000| Complete 
|  53|0x0000000083500000, 0x0000000083600000, 0x0000000083600000|100%| O|  |TAMS 0x0000000083600000, 0x0000000083500000| Complete 
|  54|0x0000000083600000, 0x0000000083700000, 0x0000000083700000|100%| O|  |TAMS 0x0000000083700000, 0x0000000083600000| Complete 
|  55|0x0000000083700000, 0x0000000083800000, 0x0000000083800000|100%| O|  |TAMS 0x0000000083800000, 0x0000000083700000| Complete 
|  56|0x0000000083800000, 0x0000000083900000, 0x0000000083900000|100%| O|  |TAMS 0x0000000083900000, 0x0000000083800000| Complete 
|  57|0x0000000083900000, 0x0000000083a00000, 0x0000000083a00000|100%| O|  |TAMS 0x0000000083a00000, 0x0000000083900000| Complete 
|  58|0x0000000083a00000, 0x0000000083b00000, 0x0000000083b00000|100%| O|  |TAMS 0x0000000083b00000, 0x0000000083a00000| Complete 
|  59|0x0000000083b00000, 0x0000000083c00000, 0x0000000083c00000|100%| O|  |TAMS 0x0000000083c00000, 0x0000000083b00000| Untracked 
|  60|0x0000000083c00000, 0x0000000083d00000, 0x0000000083d00000|100%| O|  |TAMS 0x0000000083d00000, 0x0000000083c00000| Complete 
|  61|0x0000000083d00000, 0x0000000083e00000, 0x0000000083e00000|100%| O|  |TAMS 0x0000000083e00000, 0x0000000083d00000| Complete 
|  62|0x0000000083e00000, 0x0000000083f00000, 0x0000000083f00000|100%| O|  |TAMS 0x0000000083f00000, 0x0000000083e00000| Complete 
|  63|0x0000000083f00000, 0x0000000083f00000, 0x0000000084000000|  0%| F|  |TAMS 0x0000000083f00000, 0x0000000083f00000| Untracked 
|  64|0x0000000084000000, 0x0000000084100000, 0x0000000084100000|100%| O|  |TAMS 0x0000000084100000, 0x0000000084000000| Complete 
|  65|0x0000000084100000, 0x0000000084200000, 0x0000000084200000|100%| O|  |TAMS 0x0000000084200000, 0x0000000084100000| Complete 
|  66|0x0000000084200000, 0x0000000084300000, 0x0000000084300000|100%| O|  |TAMS 0x0000000084300000, 0x0000000084200000| Untracked 
|  67|0x0000000084300000, 0x0000000084400000, 0x0000000084400000|100%| O|  |TAMS 0x0000000084400000, 0x0000000084300000| Complete 
|  68|0x0000000084400000, 0x0000000084500000, 0x0000000084500000|100%| O|  |TAMS 0x0000000084500000, 0x0000000084400000| Complete 
|  69|0x0000000084500000, 0x0000000084500000, 0x0000000084600000|  0%| F|  |TAMS 0x0000000084500000, 0x0000000084500000| Untracked 
|  70|0x0000000084600000, 0x0000000084600000, 0x0000000084700000|  0%| F|  |TAMS 0x0000000084600000, 0x0000000084600000| Untracked 
|  71|0x0000000084700000, 0x0000000084800000, 0x0000000084800000|100%| O|  |TAMS 0x0000000084800000, 0x0000000084700000| Complete 
|  72|0x0000000084800000, 0x0000000084900000, 0x0000000084900000|100%| O|  |TAMS 0x0000000084900000, 0x0000000084800000| Complete 
|  73|0x0000000084900000, 0x0000000084a00000, 0x0000000084a00000|100%| O|  |TAMS 0x0000000084a00000, 0x0000000084900000| Complete 
|  74|0x0000000084a00000, 0x0000000084a00000, 0x0000000084b00000|  0%| F|  |TAMS 0x0000000084a00000, 0x0000000084a00000| Untracked 
|  75|0x0000000084b00000, 0x0000000084c00000, 0x0000000084c00000|100%| O|  |TAMS 0x0000000084c00000, 0x0000000084b00000| Complete 
|  76|0x0000000084c00000, 0x0000000084c00000, 0x0000000084d00000|  0%| F|  |TAMS 0x0000000084c00000, 0x0000000084c00000| Untracked 
|  77|0x0000000084d00000, 0x0000000084e00000, 0x0000000084e00000|100%| O|  |TAMS 0x0000000084e00000, 0x0000000084d00000| Complete 
|  78|0x0000000084e00000, 0x0000000084f00000, 0x0000000084f00000|100%| O|  |TAMS 0x0000000084f00000, 0x0000000084e00000| Complete 
|  79|0x0000000084f00000, 0x0000000084f00000, 0x0000000085000000|  0%| F|  |TAMS 0x0000000084f00000, 0x0000000084f00000| Untracked 
|  80|0x0000000085000000, 0x0000000085100000, 0x0000000085100000|100%| O|  |TAMS 0x0000000085100000, 0x0000000085000000| Complete 
|  81|0x0000000085100000, 0x0000000085200000, 0x0000000085200000|100%| O|  |TAMS 0x0000000085200000, 0x0000000085100000| Untracked 
|  82|0x0000000085200000, 0x0000000085300000, 0x0000000085300000|100%| O|  |TAMS 0x0000000085300000, 0x0000000085200000| Complete 
|  83|0x0000000085300000, 0x0000000085400000, 0x0000000085400000|100%| O|  |TAMS 0x0000000085400000, 0x0000000085300000| Complete 
|  84|0x0000000085400000, 0x0000000085500000, 0x0000000085500000|100%| O|  |TAMS 0x0000000085500000, 0x0000000085400000| Complete 
|  85|0x0000000085500000, 0x0000000085500000, 0x0000000085600000|  0%| F|  |TAMS 0x0000000085500000, 0x0000000085500000| Untracked 
|  86|0x0000000085600000, 0x0000000085700000, 0x0000000085700000|100%| O|  |TAMS 0x0000000085700000, 0x0000000085600000| Complete 
|  87|0x0000000085700000, 0x0000000085800000, 0x0000000085800000|100%| O|  |TAMS 0x0000000085800000, 0x0000000085700000| Complete 
|  88|0x0000000085800000, 0x0000000085900000, 0x0000000085900000|100%| O|  |TAMS 0x0000000085900000, 0x0000000085800000| Complete 
|  89|0x0000000085900000, 0x0000000085a00000, 0x0000000085a00000|100%| O|  |TAMS 0x0000000085a00000, 0x0000000085900000| Complete 
|  90|0x0000000085a00000, 0x0000000085b00000, 0x0000000085b00000|100%| O|  |TAMS 0x0000000085b00000, 0x0000000085a00000| Untracked 
|  91|0x0000000085b00000, 0x0000000085c00000, 0x0000000085c00000|100%| O|  |TAMS 0x0000000085c00000, 0x0000000085b00000| Untracked 
|  92|0x0000000085c00000, 0x0000000085d00000, 0x0000000085d00000|100%|HS|  |TAMS 0x0000000085d00000, 0x0000000085c00000| Complete 
|  93|0x0000000085d00000, 0x0000000085e00000, 0x0000000085e00000|100%|HC|  |TAMS 0x0000000085e00000, 0x0000000085d00000| Complete 
|  94|0x0000000085e00000, 0x0000000085f00000, 0x0000000085f00000|100%| O|  |TAMS 0x0000000085f00000, 0x0000000085e00000| Untracked 
|  95|0x0000000085f00000, 0x0000000085f55000, 0x0000000086000000| 33%| O|  |TAMS 0x0000000085f55000, 0x0000000085f00000| Untracked 
|  96|0x0000000086000000, 0x0000000086000000, 0x0000000086100000|  0%| F|  |TAMS 0x0000000086000000, 0x0000000086000000| Untracked 
|  97|0x0000000086100000, 0x0000000086200000, 0x0000000086200000|100%|HS|  |TAMS 0x0000000086200000, 0x0000000086100000| Complete 
|  98|0x0000000086200000, 0x0000000086300000, 0x0000000086300000|100%|HC|  |TAMS 0x0000000086300000, 0x0000000086200000| Complete 
|  99|0x0000000086300000, 0x0000000086400000, 0x0000000086400000|100%|HC|  |TAMS 0x0000000086400000, 0x0000000086300000| Complete 
| 100|0x0000000086400000, 0x0000000086500000, 0x0000000086500000|100%| O|  |TAMS 0x0000000086500000, 0x0000000086400000| Untracked 
| 101|0x0000000086500000, 0x0000000086600000, 0x0000000086600000|100%| O|  |TAMS 0x0000000086600000, 0x0000000086500000| Complete 
| 102|0x0000000086600000, 0x0000000086600000, 0x0000000086700000|  0%| F|  |TAMS 0x0000000086600000, 0x0000000086600000| Untracked 
| 103|0x0000000086700000, 0x0000000086700000, 0x0000000086800000|  0%| F|  |TAMS 0x0000000086700000, 0x0000000086700000| Untracked 
| 104|0x0000000086800000, 0x0000000086900000, 0x0000000086900000|100%| O|  |TAMS 0x0000000086900000, 0x0000000086800000| Untracked 
| 105|0x0000000086900000, 0x0000000086900000, 0x0000000086a00000|  0%| F|  |TAMS 0x0000000086900000, 0x0000000086900000| Untracked 
| 106|0x0000000086a00000, 0x0000000086a00000, 0x0000000086b00000|  0%| F|  |TAMS 0x0000000086a00000, 0x0000000086a00000| Untracked 
| 107|0x0000000086b00000, 0x0000000086c00000, 0x0000000086c00000|100%| O|  |TAMS 0x0000000086c00000, 0x0000000086b00000| Untracked 
| 108|0x0000000086c00000, 0x0000000086d00000, 0x0000000086d00000|100%| O|  |TAMS 0x0000000086d00000, 0x0000000086c00000| Untracked 
| 109|0x0000000086d00000, 0x0000000086e00000, 0x0000000086e00000|100%| O|  |TAMS 0x0000000086e00000, 0x0000000086d00000| Untracked 
| 110|0x0000000086e00000, 0x0000000086f00000, 0x0000000086f00000|100%| O|  |TAMS 0x0000000086f00000, 0x0000000086e00000| Complete 
| 111|0x0000000086f00000, 0x0000000087000000, 0x0000000087000000|100%| O|  |TAMS 0x0000000087000000, 0x0000000086f00000| Untracked 
| 112|0x0000000087000000, 0x0000000087100000, 0x0000000087100000|100%|HS|  |TAMS 0x0000000087100000, 0x0000000087000000| Complete 
| 113|0x0000000087100000, 0x0000000087200000, 0x0000000087200000|100%|HS|  |TAMS 0x0000000087200000, 0x0000000087100000| Complete 
| 114|0x0000000087200000, 0x0000000087300000, 0x0000000087300000|100%|HC|  |TAMS 0x0000000087300000, 0x0000000087200000| Complete 
| 115|0x0000000087300000, 0x0000000087400000, 0x0000000087400000|100%|HC|  |TAMS 0x0000000087400000, 0x0000000087300000| Complete 
| 116|0x0000000087400000, 0x0000000087500000, 0x0000000087500000|100%|HC|  |TAMS 0x0000000087500000, 0x0000000087400000| Complete 
| 117|0x0000000087500000, 0x0000000087600000, 0x0000000087600000|100%|HS|  |TAMS 0x0000000087600000, 0x0000000087500000| Complete 
| 118|0x0000000087600000, 0x0000000087700000, 0x0000000087700000|100%|HC|  |TAMS 0x0000000087700000, 0x0000000087600000| Complete 
| 119|0x0000000087700000, 0x0000000087800000, 0x0000000087800000|100%|HC|  |TAMS 0x0000000087800000, 0x0000000087700000| Complete 
| 120|0x0000000087800000, 0x0000000087900000, 0x0000000087900000|100%|HS|  |TAMS 0x0000000087900000, 0x0000000087800000| Complete 
| 121|0x0000000087900000, 0x0000000087a00000, 0x0000000087a00000|100%|HS|  |TAMS 0x0000000087a00000, 0x0000000087900000| Complete 
| 122|0x0000000087a00000, 0x0000000087b00000, 0x0000000087b00000|100%|HC|  |TAMS 0x0000000087b00000, 0x0000000087a00000| Complete 
| 123|0x0000000087b00000, 0x0000000087c00000, 0x0000000087c00000|100%|HC|  |TAMS 0x0000000087c00000, 0x0000000087b00000| Complete 
| 124|0x0000000087c00000, 0x0000000087d00000, 0x0000000087d00000|100%|HC|  |TAMS 0x0000000087d00000, 0x0000000087c00000| Complete 
| 125|0x0000000087d00000, 0x0000000087d00000, 0x0000000087e00000|  0%| F|  |TAMS 0x0000000087d00000, 0x0000000087d00000| Untracked 
| 126|0x0000000087e00000, 0x0000000087e00000, 0x0000000087f00000|  0%| F|  |TAMS 0x0000000087e00000, 0x0000000087e00000| Untracked 
| 127|0x0000000087f00000, 0x0000000087f00000, 0x0000000088000000|  0%| F|  |TAMS 0x0000000087f00000, 0x0000000087f00000| Untracked 
| 128|0x0000000088000000, 0x0000000088100000, 0x0000000088100000|100%| O|  |TAMS 0x0000000088100000, 0x0000000088000000| Untracked 
| 129|0x0000000088100000, 0x0000000088200000, 0x0000000088200000|100%| O|  |TAMS 0x0000000088200000, 0x0000000088100000| Untracked 
| 130|0x0000000088200000, 0x0000000088300000, 0x0000000088300000|100%| O|  |TAMS 0x0000000088300000, 0x0000000088200000| Untracked 
| 131|0x0000000088300000, 0x0000000088400000, 0x0000000088400000|100%| O|  |TAMS 0x0000000088400000, 0x0000000088300000| Untracked 
| 132|0x0000000088400000, 0x0000000088500000, 0x0000000088500000|100%| O|  |TAMS 0x0000000088500000, 0x0000000088400000| Complete 
| 133|0x0000000088500000, 0x0000000088600000, 0x0000000088600000|100%| O|  |TAMS 0x0000000088600000, 0x0000000088500000| Untracked 
| 134|0x0000000088600000, 0x0000000088700000, 0x0000000088700000|100%| O|  |TAMS 0x0000000088700000, 0x0000000088600000| Untracked 
| 135|0x0000000088700000, 0x0000000088700000, 0x0000000088800000|  0%| F|  |TAMS 0x0000000088700000, 0x0000000088700000| Untracked 
| 136|0x0000000088800000, 0x0000000088800000, 0x0000000088900000|  0%| F|  |TAMS 0x0000000088800000, 0x0000000088800000| Untracked 
| 137|0x0000000088900000, 0x0000000088900000, 0x0000000088a00000|  0%| F|  |TAMS 0x0000000088900000, 0x0000000088900000| Untracked 
| 138|0x0000000088a00000, 0x0000000088b00000, 0x0000000088b00000|100%|HS|  |TAMS 0x0000000088b00000, 0x0000000088a00000| Complete 
| 139|0x0000000088b00000, 0x0000000088c00000, 0x0000000088c00000|100%|HC|  |TAMS 0x0000000088c00000, 0x0000000088b00000| Complete 
| 140|0x0000000088c00000, 0x0000000088d00000, 0x0000000088d00000|100%|HS|  |TAMS 0x0000000088d00000, 0x0000000088c00000| Complete 
| 141|0x0000000088d00000, 0x0000000088e00000, 0x0000000088e00000|100%|HC|  |TAMS 0x0000000088e00000, 0x0000000088d00000| Complete 
| 142|0x0000000088e00000, 0x0000000088f00000, 0x0000000088f00000|100%|HC|  |TAMS 0x0000000088f00000, 0x0000000088e00000| Complete 
| 143|0x0000000088f00000, 0x0000000089000000, 0x0000000089000000|100%|HS|  |TAMS 0x0000000089000000, 0x0000000088f00000| Complete 
| 144|0x0000000089000000, 0x0000000089100000, 0x0000000089100000|100%|HS|  |TAMS 0x0000000089100000, 0x0000000089000000| Complete 
| 145|0x0000000089100000, 0x0000000089200000, 0x0000000089200000|100%|HC|  |TAMS 0x0000000089200000, 0x0000000089100000| Complete 
| 146|0x0000000089200000, 0x0000000089300000, 0x0000000089300000|100%|HC|  |TAMS 0x0000000089300000, 0x0000000089200000| Complete 
| 147|0x0000000089300000, 0x0000000089400000, 0x0000000089400000|100%|HC|  |TAMS 0x0000000089400000, 0x0000000089300000| Complete 
| 148|0x0000000089400000, 0x0000000089500000, 0x0000000089500000|100%| O|  |TAMS 0x0000000089500000, 0x0000000089400000| Untracked 
| 149|0x0000000089500000, 0x0000000089500000, 0x0000000089600000|  0%| F|  |TAMS 0x0000000089500000, 0x0000000089500000| Untracked 
| 150|0x0000000089600000, 0x0000000089600000, 0x0000000089700000|  0%| F|  |TAMS 0x0000000089600000, 0x0000000089600000| Untracked 
| 151|0x0000000089700000, 0x0000000089700000, 0x0000000089800000|  0%| F|  |TAMS 0x0000000089700000, 0x0000000089700000| Untracked 
| 152|0x0000000089800000, 0x0000000089900000, 0x0000000089900000|100%| O|  |TAMS 0x0000000089900000, 0x0000000089800000| Complete 
| 153|0x0000000089900000, 0x0000000089900000, 0x0000000089a00000|  0%| F|  |TAMS 0x0000000089900000, 0x0000000089900000| Untracked 
| 154|0x0000000089a00000, 0x0000000089a00000, 0x0000000089b00000|  0%| F|  |TAMS 0x0000000089a00000, 0x0000000089a00000| Untracked 
| 155|0x0000000089b00000, 0x0000000089c00000, 0x0000000089c00000|100%| O|  |TAMS 0x0000000089c00000, 0x0000000089b00000| Complete 
| 156|0x0000000089c00000, 0x0000000089d00000, 0x0000000089d00000|100%| O|  |TAMS 0x0000000089d00000, 0x0000000089c00000| Untracked 
| 157|0x0000000089d00000, 0x0000000089e00000, 0x0000000089e00000|100%| O|  |TAMS 0x0000000089e00000, 0x0000000089d00000| Complete 
| 158|0x0000000089e00000, 0x0000000089e00000, 0x0000000089f00000|  0%| F|  |TAMS 0x0000000089e00000, 0x0000000089e00000| Untracked 
| 159|0x0000000089f00000, 0x000000008a000000, 0x000000008a000000|100%| O|  |TAMS 0x000000008a000000, 0x0000000089f00000| Complete 
| 160|0x000000008a000000, 0x000000008a000000, 0x000000008a100000|  0%| F|  |TAMS 0x000000008a000000, 0x000000008a000000| Untracked 
| 161|0x000000008a100000, 0x000000008a200000, 0x000000008a200000|100%| O|  |TAMS 0x000000008a200000, 0x000000008a100000| Complete 
| 162|0x000000008a200000, 0x000000008a300000, 0x000000008a300000|100%| O|  |TAMS 0x000000008a300000, 0x000000008a200000| Complete 
| 163|0x000000008a300000, 0x000000008a400000, 0x000000008a400000|100%| O|  |TAMS 0x000000008a400000, 0x000000008a300000| Untracked 
| 164|0x000000008a400000, 0x000000008a500000, 0x000000008a500000|100%| O|  |TAMS 0x000000008a500000, 0x000000008a400000| Untracked 
| 165|0x000000008a500000, 0x000000008a500000, 0x000000008a600000|  0%| F|  |TAMS 0x000000008a500000, 0x000000008a500000| Untracked 
| 166|0x000000008a600000, 0x000000008a700000, 0x000000008a700000|100%| O|  |TAMS 0x000000008a700000, 0x000000008a600000| Complete 
| 167|0x000000008a700000, 0x000000008a800000, 0x000000008a800000|100%| O|  |TAMS 0x000000008a800000, 0x000000008a700000| Complete 
| 168|0x000000008a800000, 0x000000008a900000, 0x000000008a900000|100%| O|  |TAMS 0x000000008a900000, 0x000000008a800000| Complete 
| 169|0x000000008a900000, 0x000000008a900000, 0x000000008aa00000|  0%| F|  |TAMS 0x000000008a900000, 0x000000008a900000| Untracked 
| 170|0x000000008aa00000, 0x000000008ab00000, 0x000000008ab00000|100%| O|  |TAMS 0x000000008ab00000, 0x000000008aa00000| Complete 
| 171|0x000000008ab00000, 0x000000008ac00000, 0x000000008ac00000|100%| O|  |TAMS 0x000000008ac00000, 0x000000008ab00000| Complete 
| 172|0x000000008ac00000, 0x000000008ad00000, 0x000000008ad00000|100%| O|  |TAMS 0x000000008ad00000, 0x000000008ac00000| Complete 
| 173|0x000000008ad00000, 0x000000008ae00000, 0x000000008ae00000|100%| O|  |TAMS 0x000000008ae00000, 0x000000008ad00000| Complete 
| 174|0x000000008ae00000, 0x000000008af00000, 0x000000008af00000|100%| O|  |TAMS 0x000000008af00000, 0x000000008ae00000| Complete 
| 175|0x000000008af00000, 0x000000008b000000, 0x000000008b000000|100%| O|  |TAMS 0x000000008b000000, 0x000000008af00000| Untracked 
| 176|0x000000008b000000, 0x000000008b100000, 0x000000008b100000|100%| O|  |TAMS 0x000000008b100000, 0x000000008b000000| Complete 
| 177|0x000000008b100000, 0x000000008b200000, 0x000000008b200000|100%| O|  |TAMS 0x000000008b200000, 0x000000008b100000| Complete 
| 178|0x000000008b200000, 0x000000008b300000, 0x000000008b300000|100%| O|  |TAMS 0x000000008b300000, 0x000000008b200000| Untracked 
| 179|0x000000008b300000, 0x000000008b400000, 0x000000008b400000|100%| O|  |TAMS 0x000000008b400000, 0x000000008b300000| Complete 
| 180|0x000000008b400000, 0x000000008b400000, 0x000000008b500000|  0%| F|  |TAMS 0x000000008b400000, 0x000000008b400000| Untracked 
| 181|0x000000008b500000, 0x000000008b500000, 0x000000008b600000|  0%| F|  |TAMS 0x000000008b500000, 0x000000008b500000| Untracked 
| 182|0x000000008b600000, 0x000000008b700000, 0x000000008b700000|100%| O|  |TAMS 0x000000008b700000, 0x000000008b600000| Complete 
| 183|0x000000008b700000, 0x000000008b700000, 0x000000008b800000|  0%| F|  |TAMS 0x000000008b700000, 0x000000008b700000| Untracked 
| 184|0x000000008b800000, 0x000000008b800000, 0x000000008b900000|  0%| F|  |TAMS 0x000000008b800000, 0x000000008b800000| Untracked 
| 185|0x000000008b900000, 0x000000008b900000, 0x000000008ba00000|  0%| F|  |TAMS 0x000000008b900000, 0x000000008b900000| Untracked 
| 186|0x000000008ba00000, 0x000000008ba00000, 0x000000008bb00000|  0%| F|  |TAMS 0x000000008ba00000, 0x000000008ba00000| Untracked 
| 187|0x000000008bb00000, 0x000000008bc00000, 0x000000008bc00000|100%| O|  |TAMS 0x000000008bc00000, 0x000000008bb00000| Complete 
| 188|0x000000008bc00000, 0x000000008bc00000, 0x000000008bd00000|  0%| F|  |TAMS 0x000000008bc00000, 0x000000008bc00000| Untracked 
| 189|0x000000008bd00000, 0x000000008be00000, 0x000000008be00000|100%| O|  |TAMS 0x000000008be00000, 0x000000008bd00000| Untracked 
| 190|0x000000008be00000, 0x000000008bf00000, 0x000000008bf00000|100%| O|  |TAMS 0x000000008bf00000, 0x000000008be00000| Complete 
| 191|0x000000008bf00000, 0x000000008c000000, 0x000000008c000000|100%| O|  |TAMS 0x000000008c000000, 0x000000008bf00000| Complete 
| 192|0x000000008c000000, 0x000000008c000000, 0x000000008c100000|  0%| F|  |TAMS 0x000000008c000000, 0x000000008c000000| Untracked 
| 193|0x000000008c100000, 0x000000008c100000, 0x000000008c200000|  0%| F|  |TAMS 0x000000008c100000, 0x000000008c100000| Untracked 
| 194|0x000000008c200000, 0x000000008c200000, 0x000000008c300000|  0%| F|  |TAMS 0x000000008c200000, 0x000000008c200000| Untracked 
| 195|0x000000008c300000, 0x000000008c300000, 0x000000008c400000|  0%| F|  |TAMS 0x000000008c300000, 0x000000008c300000| Untracked 
| 196|0x000000008c400000, 0x000000008c400000, 0x000000008c500000|  0%| F|  |TAMS 0x000000008c400000, 0x000000008c400000| Untracked 
| 197|0x000000008c500000, 0x000000008c500000, 0x000000008c600000|  0%| F|  |TAMS 0x000000008c500000, 0x000000008c500000| Untracked 
| 198|0x000000008c600000, 0x000000008c600000, 0x000000008c700000|  0%| F|  |TAMS 0x000000008c600000, 0x000000008c600000| Untracked 
| 199|0x000000008c700000, 0x000000008c700000, 0x000000008c800000|  0%| F|  |TAMS 0x000000008c700000, 0x000000008c700000| Untracked 
| 200|0x000000008c800000, 0x000000008c800000, 0x000000008c900000|  0%| F|  |TAMS 0x000000008c800000, 0x000000008c800000| Untracked 
| 201|0x000000008c900000, 0x000000008c900000, 0x000000008ca00000|  0%| F|  |TAMS 0x000000008c900000, 0x000000008c900000| Untracked 
| 202|0x000000008ca00000, 0x000000008ca00000, 0x000000008cb00000|  0%| F|  |TAMS 0x000000008ca00000, 0x000000008ca00000| Untracked 
| 203|0x000000008cb00000, 0x000000008cb00000, 0x000000008cc00000|  0%| F|  |TAMS 0x000000008cb00000, 0x000000008cb00000| Untracked 
| 204|0x000000008cc00000, 0x000000008cc00000, 0x000000008cd00000|  0%| F|  |TAMS 0x000000008cc00000, 0x000000008cc00000| Untracked 
| 205|0x000000008cd00000, 0x000000008cd00000, 0x000000008ce00000|  0%| F|  |TAMS 0x000000008cd00000, 0x000000008cd00000| Untracked 
| 206|0x000000008ce00000, 0x000000008ce00000, 0x000000008cf00000|  0%| F|  |TAMS 0x000000008ce00000, 0x000000008ce00000| Untracked 
| 207|0x000000008cf00000, 0x000000008cf00000, 0x000000008d000000|  0%| F|  |TAMS 0x000000008cf00000, 0x000000008cf00000| Untracked 
| 208|0x000000008d000000, 0x000000008d000000, 0x000000008d100000|  0%| F|  |TAMS 0x000000008d000000, 0x000000008d000000| Untracked 
| 209|0x000000008d100000, 0x000000008d100000, 0x000000008d200000|  0%| F|  |TAMS 0x000000008d100000, 0x000000008d100000| Untracked 
| 210|0x000000008d200000, 0x000000008d200000, 0x000000008d300000|  0%| F|  |TAMS 0x000000008d200000, 0x000000008d200000| Untracked 
| 211|0x000000008d300000, 0x000000008d300000, 0x000000008d400000|  0%| F|  |TAMS 0x000000008d300000, 0x000000008d300000| Untracked 
| 212|0x000000008d400000, 0x000000008d400000, 0x000000008d500000|  0%| F|  |TAMS 0x000000008d400000, 0x000000008d400000| Untracked 
| 213|0x000000008d500000, 0x000000008d500000, 0x000000008d600000|  0%| F|  |TAMS 0x000000008d500000, 0x000000008d500000| Untracked 
| 214|0x000000008d600000, 0x000000008d600000, 0x000000008d700000|  0%| F|  |TAMS 0x000000008d600000, 0x000000008d600000| Untracked 
| 215|0x000000008d700000, 0x000000008d700000, 0x000000008d800000|  0%| F|  |TAMS 0x000000008d700000, 0x000000008d700000| Untracked 
| 216|0x000000008d800000, 0x000000008d800000, 0x000000008d900000|  0%| F|  |TAMS 0x000000008d800000, 0x000000008d800000| Untracked 
| 217|0x000000008d900000, 0x000000008d900000, 0x000000008da00000|  0%| F|  |TAMS 0x000000008d900000, 0x000000008d900000| Untracked 
| 218|0x000000008da00000, 0x000000008da00000, 0x000000008db00000|  0%| F|  |TAMS 0x000000008da00000, 0x000000008da00000| Untracked 
| 219|0x000000008db00000, 0x000000008db00000, 0x000000008dc00000|  0%| F|  |TAMS 0x000000008db00000, 0x000000008db00000| Untracked 
| 220|0x000000008dc00000, 0x000000008dc00000, 0x000000008dd00000|  0%| F|  |TAMS 0x000000008dc00000, 0x000000008dc00000| Untracked 
| 221|0x000000008dd00000, 0x000000008dd00000, 0x000000008de00000|  0%| F|  |TAMS 0x000000008dd00000, 0x000000008dd00000| Untracked 
| 222|0x000000008de00000, 0x000000008de00000, 0x000000008df00000|  0%| F|  |TAMS 0x000000008de00000, 0x000000008de00000| Untracked 
| 223|0x000000008df00000, 0x000000008df00000, 0x000000008e000000|  0%| F|  |TAMS 0x000000008df00000, 0x000000008df00000| Untracked 
| 224|0x000000008e000000, 0x000000008e000000, 0x000000008e100000|  0%| F|  |TAMS 0x000000008e000000, 0x000000008e000000| Untracked 
| 225|0x000000008e100000, 0x000000008e100000, 0x000000008e200000|  0%| F|  |TAMS 0x000000008e100000, 0x000000008e100000| Untracked 
| 226|0x000000008e200000, 0x000000008e200000, 0x000000008e300000|  0%| F|  |TAMS 0x000000008e200000, 0x000000008e200000| Untracked 
| 227|0x000000008e300000, 0x000000008e300000, 0x000000008e400000|  0%| F|  |TAMS 0x000000008e300000, 0x000000008e300000| Untracked 
| 228|0x000000008e400000, 0x000000008e400000, 0x000000008e500000|  0%| F|  |TAMS 0x000000008e400000, 0x000000008e400000| Untracked 
| 229|0x000000008e500000, 0x000000008e500000, 0x000000008e600000|  0%| F|  |TAMS 0x000000008e500000, 0x000000008e500000| Untracked 
| 230|0x000000008e600000, 0x000000008e600000, 0x000000008e700000|  0%| F|  |TAMS 0x000000008e600000, 0x000000008e600000| Untracked 
| 231|0x000000008e700000, 0x000000008e700000, 0x000000008e800000|  0%| F|  |TAMS 0x000000008e700000, 0x000000008e700000| Untracked 
| 232|0x000000008e800000, 0x000000008e800000, 0x000000008e900000|  0%| F|  |TAMS 0x000000008e800000, 0x000000008e800000| Untracked 
| 233|0x000000008e900000, 0x000000008e900000, 0x000000008ea00000|  0%| F|  |TAMS 0x000000008e900000, 0x000000008e900000| Untracked 
| 234|0x000000008ea00000, 0x000000008ea00000, 0x000000008eb00000|  0%| F|  |TAMS 0x000000008ea00000, 0x000000008ea00000| Untracked 
| 235|0x000000008eb00000, 0x000000008eb00000, 0x000000008ec00000|  0%| F|  |TAMS 0x000000008eb00000, 0x000000008eb00000| Untracked 
| 236|0x000000008ec00000, 0x000000008ec00000, 0x000000008ed00000|  0%| F|  |TAMS 0x000000008ec00000, 0x000000008ec00000| Untracked 
| 237|0x000000008ed00000, 0x000000008ed00000, 0x000000008ee00000|  0%| F|  |TAMS 0x000000008ed00000, 0x000000008ed00000| Untracked 
| 238|0x000000008ee00000, 0x000000008ee00000, 0x000000008ef00000|  0%| F|  |TAMS 0x000000008ee00000, 0x000000008ee00000| Untracked 
| 239|0x000000008ef00000, 0x000000008ef00000, 0x000000008f000000|  0%| F|  |TAMS 0x000000008ef00000, 0x000000008ef00000| Untracked 
| 240|0x000000008f000000, 0x000000008f000000, 0x000000008f100000|  0%| F|  |TAMS 0x000000008f000000, 0x000000008f000000| Untracked 
| 241|0x000000008f100000, 0x000000008f100000, 0x000000008f200000|  0%| F|  |TAMS 0x000000008f100000, 0x000000008f100000| Untracked 
| 242|0x000000008f200000, 0x000000008f200000, 0x000000008f300000|  0%| F|  |TAMS 0x000000008f200000, 0x000000008f200000| Untracked 
| 243|0x000000008f300000, 0x000000008f300000, 0x000000008f400000|  0%| F|  |TAMS 0x000000008f300000, 0x000000008f300000| Untracked 
| 244|0x000000008f400000, 0x000000008f400000, 0x000000008f500000|  0%| F|  |TAMS 0x000000008f400000, 0x000000008f400000| Untracked 
| 245|0x000000008f500000, 0x000000008f500000, 0x000000008f600000|  0%| F|  |TAMS 0x000000008f500000, 0x000000008f500000| Untracked 
| 246|0x000000008f600000, 0x000000008f600000, 0x000000008f700000|  0%| F|  |TAMS 0x000000008f600000, 0x000000008f600000| Untracked 
| 247|0x000000008f700000, 0x000000008f700000, 0x000000008f800000|  0%| F|  |TAMS 0x000000008f700000, 0x000000008f700000| Untracked 
| 248|0x000000008f800000, 0x000000008f800000, 0x000000008f900000|  0%| F|  |TAMS 0x000000008f800000, 0x000000008f800000| Untracked 
| 249|0x000000008f900000, 0x000000008f900000, 0x000000008fa00000|  0%| F|  |TAMS 0x000000008f900000, 0x000000008f900000| Untracked 
| 250|0x000000008fa00000, 0x000000008fa00000, 0x000000008fb00000|  0%| F|  |TAMS 0x000000008fa00000, 0x000000008fa00000| Untracked 
| 251|0x000000008fb00000, 0x000000008fb00000, 0x000000008fc00000|  0%| F|  |TAMS 0x000000008fb00000, 0x000000008fb00000| Untracked 
| 252|0x000000008fc00000, 0x000000008fc00000, 0x000000008fd00000|  0%| F|  |TAMS 0x000000008fc00000, 0x000000008fc00000| Untracked 
| 253|0x000000008fd00000, 0x000000008fd00000, 0x000000008fe00000|  0%| F|  |TAMS 0x000000008fd00000, 0x000000008fd00000| Untracked 
| 254|0x000000008fe00000, 0x000000008fe00000, 0x000000008ff00000|  0%| F|  |TAMS 0x000000008fe00000, 0x000000008fe00000| Untracked 
| 255|0x000000008ff00000, 0x000000008ff00000, 0x0000000090000000|  0%| F|  |TAMS 0x000000008ff00000, 0x000000008ff00000| Untracked 
| 256|0x0000000090000000, 0x0000000090000000, 0x0000000090100000|  0%| F|  |TAMS 0x0000000090000000, 0x0000000090000000| Untracked 
| 257|0x0000000090100000, 0x0000000090100000, 0x0000000090200000|  0%| F|  |TAMS 0x0000000090100000, 0x0000000090100000| Untracked 
| 258|0x0000000090200000, 0x0000000090200000, 0x0000000090300000|  0%| F|  |TAMS 0x0000000090200000, 0x0000000090200000| Untracked 
| 259|0x0000000090300000, 0x0000000090300000, 0x0000000090400000|  0%| F|  |TAMS 0x0000000090300000, 0x0000000090300000| Untracked 
| 260|0x0000000090400000, 0x0000000090436b10, 0x0000000090500000| 21%| S|CS|TAMS 0x0000000090400000, 0x0000000090400000| Complete 
| 261|0x0000000090500000, 0x0000000090500000, 0x0000000090600000|  0%| F|  |TAMS 0x0000000090500000, 0x0000000090500000| Untracked 
| 262|0x0000000090600000, 0x0000000090600000, 0x0000000090700000|  0%| F|  |TAMS 0x0000000090600000, 0x0000000090600000| Untracked 
| 263|0x0000000090700000, 0x0000000090700000, 0x0000000090800000|  0%| F|  |TAMS 0x0000000090700000, 0x0000000090700000| Untracked 
| 264|0x0000000090800000, 0x0000000090800000, 0x0000000090900000|  0%| F|  |TAMS 0x0000000090800000, 0x0000000090800000| Untracked 
| 265|0x0000000090900000, 0x0000000090900000, 0x0000000090a00000|  0%| F|  |TAMS 0x0000000090900000, 0x0000000090900000| Untracked 
| 266|0x0000000090a00000, 0x0000000090a00000, 0x0000000090b00000|  0%| F|  |TAMS 0x0000000090a00000, 0x0000000090a00000| Untracked 
| 267|0x0000000090b00000, 0x0000000090b00000, 0x0000000090c00000|  0%| F|  |TAMS 0x0000000090b00000, 0x0000000090b00000| Untracked 
| 268|0x0000000090c00000, 0x0000000090c00000, 0x0000000090d00000|  0%| F|  |TAMS 0x0000000090c00000, 0x0000000090c00000| Untracked 
| 269|0x0000000090d00000, 0x0000000090d00000, 0x0000000090e00000|  0%| F|  |TAMS 0x0000000090d00000, 0x0000000090d00000| Untracked 
| 270|0x0000000090e00000, 0x0000000090e00000, 0x0000000090f00000|  0%| F|  |TAMS 0x0000000090e00000, 0x0000000090e00000| Untracked 
| 271|0x0000000090f00000, 0x0000000090f00000, 0x0000000091000000|  0%| F|  |TAMS 0x0000000090f00000, 0x0000000090f00000| Untracked 
| 272|0x0000000091000000, 0x0000000091000000, 0x0000000091100000|  0%| F|  |TAMS 0x0000000091000000, 0x0000000091000000| Untracked 
| 273|0x0000000091100000, 0x0000000091100000, 0x0000000091200000|  0%| F|  |TAMS 0x0000000091100000, 0x0000000091100000| Untracked 
| 274|0x0000000091200000, 0x0000000091200000, 0x0000000091300000|  0%| F|  |TAMS 0x0000000091200000, 0x0000000091200000| Untracked 
| 275|0x0000000091300000, 0x0000000091300000, 0x0000000091400000|  0%| F|  |TAMS 0x0000000091300000, 0x0000000091300000| Untracked 
| 276|0x0000000091400000, 0x0000000091400000, 0x0000000091500000|  0%| F|  |TAMS 0x0000000091400000, 0x0000000091400000| Untracked 
| 277|0x0000000091500000, 0x0000000091500000, 0x0000000091600000|  0%| F|  |TAMS 0x0000000091500000, 0x0000000091500000| Untracked 
| 278|0x0000000091600000, 0x0000000091600000, 0x0000000091700000|  0%| F|  |TAMS 0x0000000091600000, 0x0000000091600000| Untracked 
| 279|0x0000000091700000, 0x0000000091700000, 0x0000000091800000|  0%| F|  |TAMS 0x0000000091700000, 0x0000000091700000| Untracked 
| 280|0x0000000091800000, 0x0000000091800000, 0x0000000091900000|  0%| F|  |TAMS 0x0000000091800000, 0x0000000091800000| Untracked 
| 281|0x0000000091900000, 0x0000000091900000, 0x0000000091a00000|  0%| F|  |TAMS 0x0000000091900000, 0x0000000091900000| Untracked 
| 282|0x0000000091a00000, 0x0000000091a00000, 0x0000000091b00000|  0%| F|  |TAMS 0x0000000091a00000, 0x0000000091a00000| Untracked 
| 283|0x0000000091b00000, 0x0000000091b00000, 0x0000000091c00000|  0%| F|  |TAMS 0x0000000091b00000, 0x0000000091b00000| Untracked 
| 284|0x0000000091c00000, 0x0000000091c00000, 0x0000000091d00000|  0%| F|  |TAMS 0x0000000091c00000, 0x0000000091c00000| Untracked 
| 285|0x0000000091d00000, 0x0000000091d00000, 0x0000000091e00000|  0%| F|  |TAMS 0x0000000091d00000, 0x0000000091d00000| Untracked 
| 286|0x0000000091e00000, 0x0000000091e00000, 0x0000000091f00000|  0%| F|  |TAMS 0x0000000091e00000, 0x0000000091e00000| Untracked 
| 287|0x0000000091f00000, 0x0000000091f00000, 0x0000000092000000|  0%| F|  |TAMS 0x0000000091f00000, 0x0000000091f00000| Untracked 
| 288|0x0000000092000000, 0x0000000092000000, 0x0000000092100000|  0%| F|  |TAMS 0x0000000092000000, 0x0000000092000000| Untracked 
| 289|0x0000000092100000, 0x0000000092100000, 0x0000000092200000|  0%| F|  |TAMS 0x0000000092100000, 0x0000000092100000| Untracked 
| 290|0x0000000092200000, 0x0000000092200000, 0x0000000092300000|  0%| F|  |TAMS 0x0000000092200000, 0x0000000092200000| Untracked 
| 291|0x0000000092300000, 0x0000000092300000, 0x0000000092400000|  0%| F|  |TAMS 0x0000000092300000, 0x0000000092300000| Untracked 
| 292|0x0000000092400000, 0x0000000092484078, 0x0000000092500000| 51%| E|  |TAMS 0x0000000092400000, 0x0000000092400000| Complete 
| 293|0x0000000092500000, 0x0000000092600000, 0x0000000092600000|100%| E|CS|TAMS 0x0000000092500000, 0x0000000092500000| Complete 
| 294|0x0000000092600000, 0x0000000092700000, 0x0000000092700000|100%| E|CS|TAMS 0x0000000092600000, 0x0000000092600000| Complete 
| 295|0x0000000092700000, 0x0000000092800000, 0x0000000092800000|100%| E|CS|TAMS 0x0000000092700000, 0x0000000092700000| Complete 
| 296|0x0000000092800000, 0x0000000092900000, 0x0000000092900000|100%| E|CS|TAMS 0x0000000092800000, 0x0000000092800000| Complete 
| 297|0x0000000092900000, 0x0000000092a00000, 0x0000000092a00000|100%| E|CS|TAMS 0x0000000092900000, 0x0000000092900000| Complete 
| 298|0x0000000092a00000, 0x0000000092b00000, 0x0000000092b00000|100%| E|CS|TAMS 0x0000000092a00000, 0x0000000092a00000| Complete 
| 299|0x0000000092b00000, 0x0000000092c00000, 0x0000000092c00000|100%| E|CS|TAMS 0x0000000092b00000, 0x0000000092b00000| Complete 
| 300|0x0000000092c00000, 0x0000000092d00000, 0x0000000092d00000|100%| E|CS|TAMS 0x0000000092c00000, 0x0000000092c00000| Complete 
| 301|0x0000000092d00000, 0x0000000092e00000, 0x0000000092e00000|100%| E|CS|TAMS 0x0000000092d00000, 0x0000000092d00000| Complete 
| 302|0x0000000092e00000, 0x0000000092f00000, 0x0000000092f00000|100%| E|CS|TAMS 0x0000000092e00000, 0x0000000092e00000| Complete 
| 303|0x0000000092f00000, 0x0000000093000000, 0x0000000093000000|100%| E|CS|TAMS 0x0000000092f00000, 0x0000000092f00000| Complete 
| 304|0x0000000093000000, 0x0000000093100000, 0x0000000093100000|100%| E|CS|TAMS 0x0000000093000000, 0x0000000093000000| Complete 
| 305|0x0000000093100000, 0x0000000093200000, 0x0000000093200000|100%| E|CS|TAMS 0x0000000093100000, 0x0000000093100000| Complete 
| 306|0x0000000093200000, 0x0000000093300000, 0x0000000093300000|100%| E|CS|TAMS 0x0000000093200000, 0x0000000093200000| Complete 
| 307|0x0000000093300000, 0x0000000093400000, 0x0000000093400000|100%| E|CS|TAMS 0x0000000093300000, 0x0000000093300000| Complete 
| 308|0x0000000093400000, 0x0000000093500000, 0x0000000093500000|100%| E|CS|TAMS 0x0000000093400000, 0x0000000093400000| Complete 
| 309|0x0000000093500000, 0x0000000093600000, 0x0000000093600000|100%| E|CS|TAMS 0x0000000093500000, 0x0000000093500000| Complete 
| 310|0x0000000093600000, 0x0000000093700000, 0x0000000093700000|100%| E|CS|TAMS 0x0000000093600000, 0x0000000093600000| Complete 
| 311|0x0000000093700000, 0x0000000093800000, 0x0000000093800000|100%| E|CS|TAMS 0x0000000093700000, 0x0000000093700000| Complete 
| 312|0x0000000093800000, 0x0000000093900000, 0x0000000093900000|100%| E|CS|TAMS 0x0000000093800000, 0x0000000093800000| Complete 
| 313|0x0000000093900000, 0x0000000093a00000, 0x0000000093a00000|100%| E|CS|TAMS 0x0000000093900000, 0x0000000093900000| Complete 
| 314|0x0000000093a00000, 0x0000000093b00000, 0x0000000093b00000|100%| E|CS|TAMS 0x0000000093a00000, 0x0000000093a00000| Complete 
| 315|0x0000000093b00000, 0x0000000093c00000, 0x0000000093c00000|100%| E|CS|TAMS 0x0000000093b00000, 0x0000000093b00000| Complete 
| 316|0x0000000093c00000, 0x0000000093d00000, 0x0000000093d00000|100%| E|CS|TAMS 0x0000000093c00000, 0x0000000093c00000| Complete 
| 317|0x0000000093d00000, 0x0000000093e00000, 0x0000000093e00000|100%| E|CS|TAMS 0x0000000093d00000, 0x0000000093d00000| Complete 
| 318|0x0000000093e00000, 0x0000000093f00000, 0x0000000093f00000|100%| E|CS|TAMS 0x0000000093e00000, 0x0000000093e00000| Complete 
| 319|0x0000000093f00000, 0x0000000094000000, 0x0000000094000000|100%| E|CS|TAMS 0x0000000093f00000, 0x0000000093f00000| Complete 
| 320|0x0000000094000000, 0x0000000094100000, 0x0000000094100000|100%| E|CS|TAMS 0x0000000094000000, 0x0000000094000000| Complete 
| 321|0x0000000094100000, 0x0000000094200000, 0x0000000094200000|100%| E|CS|TAMS 0x0000000094100000, 0x0000000094100000| Complete 
| 322|0x0000000094200000, 0x0000000094300000, 0x0000000094300000|100%| E|CS|TAMS 0x0000000094200000, 0x0000000094200000| Complete 
| 323|0x0000000094300000, 0x0000000094400000, 0x0000000094400000|100%| E|CS|TAMS 0x0000000094300000, 0x0000000094300000| Complete 
| 324|0x0000000094400000, 0x0000000094500000, 0x0000000094500000|100%| E|CS|TAMS 0x0000000094400000, 0x0000000094400000| Complete 
| 325|0x0000000094500000, 0x0000000094600000, 0x0000000094600000|100%| E|CS|TAMS 0x0000000094500000, 0x0000000094500000| Complete 
| 326|0x0000000094600000, 0x0000000094700000, 0x0000000094700000|100%| E|CS|TAMS 0x0000000094600000, 0x0000000094600000| Complete 
| 327|0x0000000094700000, 0x0000000094800000, 0x0000000094800000|100%| E|CS|TAMS 0x0000000094700000, 0x0000000094700000| Complete 
| 328|0x0000000094800000, 0x0000000094900000, 0x0000000094900000|100%| E|CS|TAMS 0x0000000094800000, 0x0000000094800000| Complete 
| 329|0x0000000094900000, 0x0000000094a00000, 0x0000000094a00000|100%| E|CS|TAMS 0x0000000094900000, 0x0000000094900000| Complete 
| 330|0x0000000094a00000, 0x0000000094b00000, 0x0000000094b00000|100%| E|CS|TAMS 0x0000000094a00000, 0x0000000094a00000| Complete 
| 331|0x0000000094b00000, 0x0000000094c00000, 0x0000000094c00000|100%| E|CS|TAMS 0x0000000094b00000, 0x0000000094b00000| Complete 
| 332|0x0000000094c00000, 0x0000000094d00000, 0x0000000094d00000|100%| E|CS|TAMS 0x0000000094c00000, 0x0000000094c00000| Complete 
| 333|0x0000000094d00000, 0x0000000094e00000, 0x0000000094e00000|100%| E|CS|TAMS 0x0000000094d00000, 0x0000000094d00000| Complete 
| 334|0x0000000094e00000, 0x0000000094f00000, 0x0000000094f00000|100%| E|CS|TAMS 0x0000000094e00000, 0x0000000094e00000| Complete 
| 335|0x0000000094f00000, 0x0000000095000000, 0x0000000095000000|100%| E|CS|TAMS 0x0000000094f00000, 0x0000000094f00000| Complete 
| 336|0x0000000095000000, 0x0000000095100000, 0x0000000095100000|100%| E|CS|TAMS 0x0000000095000000, 0x0000000095000000| Complete 
| 337|0x0000000095100000, 0x0000000095200000, 0x0000000095200000|100%| E|CS|TAMS 0x0000000095100000, 0x0000000095100000| Complete 
| 338|0x0000000095200000, 0x0000000095300000, 0x0000000095300000|100%| E|CS|TAMS 0x0000000095200000, 0x0000000095200000| Complete 
| 339|0x0000000095300000, 0x0000000095400000, 0x0000000095400000|100%| E|CS|TAMS 0x0000000095300000, 0x0000000095300000| Complete 
| 340|0x0000000095400000, 0x0000000095500000, 0x0000000095500000|100%| E|CS|TAMS 0x0000000095400000, 0x0000000095400000| Complete 
| 341|0x0000000095500000, 0x0000000095600000, 0x0000000095600000|100%| E|CS|TAMS 0x0000000095500000, 0x0000000095500000| Complete 
| 342|0x0000000095600000, 0x0000000095700000, 0x0000000095700000|100%| E|CS|TAMS 0x0000000095600000, 0x0000000095600000| Complete 
| 343|0x0000000095700000, 0x0000000095800000, 0x0000000095800000|100%| E|CS|TAMS 0x0000000095700000, 0x0000000095700000| Complete 
| 344|0x0000000095800000, 0x0000000095900000, 0x0000000095900000|100%| E|CS|TAMS 0x0000000095800000, 0x0000000095800000| Complete 
| 345|0x0000000095900000, 0x0000000095a00000, 0x0000000095a00000|100%| E|CS|TAMS 0x0000000095900000, 0x0000000095900000| Complete 
| 346|0x0000000095a00000, 0x0000000095b00000, 0x0000000095b00000|100%| E|CS|TAMS 0x0000000095a00000, 0x0000000095a00000| Complete 
| 347|0x0000000095b00000, 0x0000000095c00000, 0x0000000095c00000|100%| E|CS|TAMS 0x0000000095b00000, 0x0000000095b00000| Complete 
| 348|0x0000000095c00000, 0x0000000095d00000, 0x0000000095d00000|100%| E|CS|TAMS 0x0000000095c00000, 0x0000000095c00000| Complete 
| 349|0x0000000095d00000, 0x0000000095e00000, 0x0000000095e00000|100%| E|CS|TAMS 0x0000000095d00000, 0x0000000095d00000| Complete 
| 350|0x0000000095e00000, 0x0000000095f00000, 0x0000000095f00000|100%| E|CS|TAMS 0x0000000095e00000, 0x0000000095e00000| Complete 
| 351|0x0000000095f00000, 0x0000000096000000, 0x0000000096000000|100%| E|CS|TAMS 0x0000000095f00000, 0x0000000095f00000| Complete 

Card table byte_map: [0x000001be1cdf0000,0x000001be1d1f0000] _byte_map_base: 0x000001be1c9f0000

Marking Bits (Prev, Next): (CMBitMap*) 0x000001be09be5790, (CMBitMap*) 0x000001be09be5758
 Prev Bits: [0x000001be1f5f0000, 0x000001be215f0000)
 Next Bits: [0x000001be1d5f0000, 0x000001be1f5f0000)

Polling page: 0x000001be09380000

Metaspace:

Usage:
  Non-class:    136.72 MB capacity,   133.44 MB ( 98%) used,     2.71 MB (  2%) free+waste,   573.25 KB ( <1%) overhead. 
      Class:     20.47 MB capacity,    18.54 MB ( 91%) used,     1.69 MB (  8%) free+waste,   247.06 KB (  1%) overhead. 
       Both:    157.19 MB capacity,   151.98 MB ( 97%) used,     4.40 MB (  3%) free+waste,   820.31 KB ( <1%) overhead. 

Virtual space:
  Non-class space:      140.00 MB reserved,     138.34 MB ( 99%) committed 
      Class space:        1.00 GB reserved,      21.02 MB (  2%) committed 
             Both:        1.14 GB reserved,     159.36 MB ( 14%) committed 

Chunk freelists:
   Non-Class:  1.43 MB
       Class:  480.00 KB
        Both:  1.90 MB

MaxMetaspaceSize: 17179869184.00 GB
CompressedClassSpaceSize: 1.00 GB
Initial GC threshold: 20.80 MB
Current GC threshold: 265.60 MB
CDS: off

CodeHeap 'non-profiled nmethods': size=120000Kb used=24133Kb max_used=24133Kb free=95866Kb
 bounds [0x000001be15180000, 0x000001be16920000, 0x000001be1c6b0000]
CodeHeap 'profiled nmethods': size=120000Kb used=65526Kb max_used=65526Kb free=54473Kb
 bounds [0x000001be0dc50000, 0x000001be11cb0000, 0x000001be15180000]
CodeHeap 'non-nmethods': size=5760Kb used=2513Kb max_used=2573Kb free=3246Kb
 bounds [0x000001be0d6b0000, 0x000001be0d940000, 0x000001be0dc50000]
 total_blobs=30153 nmethods=29104 adapters=959
 compilation: enabled
              stopped_count=0, restarted_count=0
 full_count=0

Compilation events (20 events):
Event: 13655.441 Thread 0x000001be24940000 34958       3       java.beans.MethodRef::find (62 bytes)
Event: 13655.443 Thread 0x000001be24940000 nmethod 34958 0x000001be0e760890 code [0x000001be0e760b00, 0x000001be0e761448]
Event: 13655.447 Thread 0x000001be24940000 34959       3       sun.reflect.generics.reflectiveObjects.TypeVariableImpl::make (66 bytes)
Event: 13655.475 Thread 0x000001be24940000 nmethod 34959 0x000001be0dd56b90 code [0x000001be0dd56e60, 0x000001be0dd57d48]
Event: 13655.475 Thread 0x000001be24940000 34960       3       sun.reflect.generics.parser.SignatureParser::parseArrayTypeSignature (28 bytes)
Event: 13655.477 Thread 0x000001be24940000 nmethod 34960 0x000001be0dd56410 code [0x000001be0dd56620, 0x000001be0dd56a18]
Event: 13655.485 Thread 0x000001be24940000 34961       3       org.codehaus.groovy.reflection.ClassLoaderForClassArtifacts::loadClass (38 bytes)
Event: 13655.487 Thread 0x000001be24940000 nmethod 34961 0x000001be0dd55a90 code [0x000001be0dd55c80, 0x000001be0dd56028]
Event: 13655.566 Thread 0x000001be24938000 nmethod 34954 0x000001be16905090 code [0x000001be169053e0, 0x000001be16908238]
Event: 13655.567 Thread 0x000001be24938000 34955   !   4       java.lang.reflect.Executable::sharedToGenericString (321 bytes)
Event: 13655.687 Thread 0x000001be24940000 34963       1       groovy.lang.MetaClassImpl::setInitialized (6 bytes)
Event: 13655.687 Thread 0x000001be24940000 nmethod 34963 0x000001be16909410 code [0x000001be169095c0, 0x000001be16909678]
Event: 13655.718 Thread 0x000001be24940000 34964       3       org.codehaus.groovy.runtime.metaclass.MetaMethodIndex::addMethodToList (131 bytes)
Event: 13655.720 Thread 0x000001be24940000 nmethod 34964 0x000001be0eacf490 code [0x000001be0eacf740, 0x000001be0ead0848]
Event: 13655.813 Thread 0x000001be24940000 34966       3       org.codehaus.groovy.classgen.asm.BytecodeHelper::getTypeDescription (5 bytes)
Event: 13655.814 Thread 0x000001be24940000 nmethod 34966 0x000001be0e760210 code [0x000001be0e760400, 0x000001be0e7606a8]
Event: 13655.845 Thread 0x000001be24938000 nmethod 34955 0x000001be16909710 code [0x000001be16909c00, 0x000001be1690ea08]
Event: 13655.846 Thread 0x000001be24938000 34965       4       groovy.lang.MetaClassImpl::inheritInterfaceNewMetaMethods (195 bytes)
Event: 13655.853 Thread 0x000001be24940000 34967       3       java.util.Collections$UnmodifiableMap$UnmodifiableEntrySet::iterator (9 bytes)
Event: 13655.859 Thread 0x000001be24940000 nmethod 34967 0x000001be0eaced90 code [0x000001be0eacef60, 0x000001be0eacf308]

GC Heap History (20 events):
Event: 4803.089 GC heap before
{Heap before GC invocations=186 (full 0):
 garbage-first heap   total 360448K, used 209920K [0x0000000080000000, 0x0000000100000000)
  region size 1024K, 40 young (40960K), 1 survivors (1024K)
 Metaspace       used 155247K, capacity 160738K, committed 163184K, reserved 1191936K
  class space    used 19017K, capacity 21051K, committed 21528K, reserved 1048576K
}
Event: 4803.145 GC heap after
{Heap after GC invocations=187 (full 0):
 garbage-first heap   total 360448K, used 175839K [0x0000000080000000, 0x0000000100000000)
  region size 1024K, 5 young (5120K), 5 survivors (5120K)
 Metaspace       used 155247K, capacity 160738K, committed 163184K, reserved 1191936K
  class space    used 19017K, capacity 21051K, committed 21528K, reserved 1048576K
}
Event: 4804.400 GC heap before
{Heap before GC invocations=188 (full 0):
 garbage-first heap   total 360448K, used 263903K [0x0000000080000000, 0x0000000100000000)
  region size 1024K, 91 young (93184K), 5 survivors (5120K)
 Metaspace       used 155576K, capacity 161104K, committed 163184K, reserved 1191936K
  class space    used 19039K, capacity 21089K, committed 21528K, reserved 1048576K
}
Event: 4804.417 GC heap after
{Heap after GC invocations=189 (full 0):
 garbage-first heap   total 360448K, used 187179K [0x0000000080000000, 0x0000000100000000)
  region size 1024K, 12 young (12288K), 12 survivors (12288K)
 Metaspace       used 155576K, capacity 161104K, committed 163184K, reserved 1191936K
  class space    used 19039K, capacity 21089K, committed 21528K, reserved 1048576K
}
Event: 4804.468 GC heap before
{Heap before GC invocations=189 (full 0):
 garbage-first heap   total 360448K, used 192299K [0x0000000080000000, 0x0000000100000000)
  region size 1024K, 17 young (17408K), 12 survivors (12288K)
 Metaspace       used 155578K, capacity 161104K, committed 163184K, reserved 1191936K
  class space    used 19039K, capacity 21089K, committed 21528K, reserved 1048576K
}
Event: 4804.492 GC heap after
{Heap after GC invocations=190 (full 0):
 garbage-first heap   total 360448K, used 176467K [0x0000000080000000, 0x0000000100000000)
  region size 1024K, 2 young (2048K), 2 survivors (2048K)
 Metaspace       used 155578K, capacity 161104K, committed 163184K, reserved 1191936K
  class space    used 19039K, capacity 21089K, committed 21528K, reserved 1048576K
}
Event: 4805.632 GC heap before
{Heap before GC invocations=190 (full 0):
 garbage-first heap   total 360448K, used 249171K [0x0000000080000000, 0x0000000100000000)
  region size 1024K, 75 young (76800K), 2 survivors (2048K)
 Metaspace       used 155837K, capacity 161367K, committed 163184K, reserved 1191936K
  class space    used 19039K, capacity 21089K, committed 21528K, reserved 1048576K
}
Event: 4805.643 GC heap after
{Heap after GC invocations=191 (full 0):
 garbage-first heap   total 360448K, used 177561K [0x0000000080000000, 0x0000000100000000)
  region size 1024K, 3 young (3072K), 3 survivors (3072K)
 Metaspace       used 155837K, capacity 161367K, committed 163184K, reserved 1191936K
  class space    used 19039K, capacity 21089K, committed 21528K, reserved 1048576K
}
Event: 4806.051 GC heap before
{Heap before GC invocations=192 (full 0):
 garbage-first heap   total 360448K, used 274841K [0x0000000080000000, 0x0000000100000000)
  region size 1024K, 98 young (100352K), 3 survivors (3072K)
 Metaspace       used 155888K, capacity 161381K, committed 163184K, reserved 1191936K
  class space    used 19040K, capacity 21090K, committed 21528K, reserved 1048576K
}
Event: 4806.063 GC heap after
{Heap after GC invocations=193 (full 0):
 garbage-first heap   total 360448K, used 187176K [0x0000000080000000, 0x0000000100000000)
  region size 1024K, 13 young (13312K), 13 survivors (13312K)
 Metaspace       used 155888K, capacity 161381K, committed 163184K, reserved 1191936K
  class space    used 19040K, capacity 21090K, committed 21528K, reserved 1048576K
}
Event: 4806.081 GC heap before
{Heap before GC invocations=193 (full 0):
 garbage-first heap   total 360448K, used 190248K [0x0000000080000000, 0x0000000100000000)
  region size 1024K, 17 young (17408K), 13 survivors (13312K)
 Metaspace       used 155888K, capacity 161381K, committed 163184K, reserved 1191936K
  class space    used 19040K, capacity 21090K, committed 21528K, reserved 1048576K
}
Event: 4806.104 GC heap after
{Heap after GC invocations=194 (full 0):
 garbage-first heap   total 360448K, used 180133K [0x0000000080000000, 0x0000000100000000)
  region size 1024K, 2 young (2048K), 2 survivors (2048K)
 Metaspace       used 155888K, capacity 161381K, committed 163184K, reserved 1191936K
  class space    used 19040K, capacity 21090K, committed 21528K, reserved 1048576K
}
Event: 4806.131 GC heap before
{Heap before GC invocations=194 (full 0):
 garbage-first heap   total 360448K, used 186277K [0x0000000080000000, 0x0000000100000000)
  region size 1024K, 10 young (10240K), 2 survivors (2048K)
 Metaspace       used 155888K, capacity 161381K, committed 163184K, reserved 1191936K
  class space    used 19040K, capacity 21090K, committed 21528K, reserved 1048576K
}
Event: 4806.137 GC heap after
{Heap after GC invocations=195 (full 0):
 garbage-first heap   total 360448K, used 180384K [0x0000000080000000, 0x0000000100000000)
  region size 1024K, 3 young (3072K), 3 survivors (3072K)
 Metaspace       used 155888K, capacity 161381K, committed 163184K, reserved 1191936K
  class space    used 19040K, capacity 21090K, committed 21528K, reserved 1048576K
}
Event: 6729.807 GC heap before
{Heap before GC invocations=196 (full 0):
 garbage-first heap   total 360448K, used 292000K [0x0000000080000000, 0x0000000100000000)
  region size 1024K, 101 young (103424K), 3 survivors (3072K)
 Metaspace       used 155744K, capacity 161217K, committed 163184K, reserved 1191936K
  class space    used 19017K, capacity 21050K, committed 21528K, reserved 1048576K
}
Event: 6730.011 GC heap after
{Heap after GC invocations=197 (full 0):
 garbage-first heap   total 360448K, used 177566K [0x0000000080000000, 0x0000000100000000)
  region size 1024K, 1 young (1024K), 1 survivors (1024K)
 Metaspace       used 155744K, capacity 161217K, committed 163184K, reserved 1191936K
  class space    used 19017K, capacity 21050K, committed 21528K, reserved 1048576K
}
Event: 7487.709 GC heap before
{Heap before GC invocations=197 (full 0):
 garbage-first heap   total 360448K, used 193950K [0x0000000080000000, 0x0000000100000000)
  region size 1024K, 17 young (17408K), 1 survivors (1024K)
 Metaspace       used 155744K, capacity 161217K, committed 163184K, reserved 1191936K
  class space    used 19018K, capacity 21050K, committed 21528K, reserved 1048576K
}
Event: 7488.035 GC heap after
{Heap after GC invocations=198 (full 0):
 garbage-first heap   total 360448K, used 160325K [0x0000000080000000, 0x0000000100000000)
  region size 1024K, 1 young (1024K), 1 survivors (1024K)
 Metaspace       used 155744K, capacity 161217K, committed 163184K, reserved 1191936K
  class space    used 19018K, capacity 21050K, committed 21528K, reserved 1048576K
}
Event: 11957.270 GC heap before
{Heap before GC invocations=198 (full 0):
 garbage-first heap   total 360448K, used 252485K [0x0000000080000000, 0x0000000100000000)
  region size 1024K, 91 young (93184K), 1 survivors (1024K)
 Metaspace       used 155744K, capacity 161217K, committed 163184K, reserved 1191936K
  class space    used 19018K, capacity 21050K, committed 21528K, reserved 1048576K
}
Event: 11957.442 GC heap after
{Heap after GC invocations=199 (full 0):
 garbage-first heap   total 360448K, used 160302K [0x0000000080000000, 0x0000000100000000)
  region size 1024K, 1 young (1024K), 1 survivors (1024K)
 Metaspace       used 155744K, capacity 161217K, committed 163184K, reserved 1191936K
  class space    used 19018K, capacity 21050K, committed 21528K, reserved 1048576K
}

Deoptimization events (20 events):
Event: 13652.366 Thread 0x000001be27fa1000 DEOPT PACKING pc=0x000001be168c2b20 sp=0x0000002f366fe640
Event: 13652.366 Thread 0x000001be27fa1000 DEOPT UNPACKING pc=0x000001be0d6fa1af sp=0x0000002f366fe420 mode 2
Event: 13652.371 Thread 0x000001be27fa1000 Uncommon trap: trap_request=0xffffffc6 fr.pc=0x000001be167eac08 relative=0x0000000000001108
Event: 13652.371 Thread 0x000001be27fa1000 Uncommon trap: reason=bimorphic_or_optimized_type_check action=maybe_recompile pc=0x000001be167eac08 method=org.objectweb.asm.ClassReader.readField(Lorg/objectweb/asm/ClassVisitor;Lorg/objectweb/asm/Context;I)I @ 332 c2
Event: 13652.371 Thread 0x000001be27fa1000 DEOPT PACKING pc=0x000001be167eac08 sp=0x0000002f366fe660
Event: 13652.371 Thread 0x000001be27fa1000 DEOPT UNPACKING pc=0x000001be0d6fa1af sp=0x0000002f366fe5d0 mode 2
Event: 13653.830 Thread 0x000001be2c18b000 Uncommon trap: trap_request=0xffffffc6 fr.pc=0x000001be15708208 relative=0x00000000000005c8
Event: 13653.830 Thread 0x000001be2c18b000 Uncommon trap: reason=bimorphic_or_optimized_type_check action=maybe_recompile pc=0x000001be15708208 method=org.gradle.internal.snapshot.MediumChildMap.withNode(Lorg/gradle/internal/snapshot/VfsRelativePath;Lorg/gradle/internal/snapshot/CaseSensitivity;Lo
Event: 13653.830 Thread 0x000001be2c18b000 DEOPT PACKING pc=0x000001be15708208 sp=0x0000002f2f7f90e0
Event: 13653.830 Thread 0x000001be2c18b000 DEOPT UNPACKING pc=0x000001be0d6fa1af sp=0x0000002f2f7f9088 mode 2
Event: 13653.833 Thread 0x000001be2c18b000 Uncommon trap: trap_request=0xffffffc6 fr.pc=0x000001be15708208 relative=0x00000000000005c8
Event: 13653.833 Thread 0x000001be2c18b000 Uncommon trap: reason=bimorphic_or_optimized_type_check action=maybe_recompile pc=0x000001be15708208 method=org.gradle.internal.snapshot.MediumChildMap.withNode(Lorg/gradle/internal/snapshot/VfsRelativePath;Lorg/gradle/internal/snapshot/CaseSensitivity;Lo
Event: 13653.833 Thread 0x000001be2c18b000 DEOPT PACKING pc=0x000001be15708208 sp=0x0000002f2f7f90e0
Event: 13653.833 Thread 0x000001be2c18b000 DEOPT UNPACKING pc=0x000001be0d6fa1af sp=0x0000002f2f7f9088 mode 2
Event: 13655.681 Thread 0x000001be2c18b000 Uncommon trap: trap_request=0xffffff4d fr.pc=0x000001be15fc6ed8 relative=0x00000000000010b8
Event: 13655.681 Thread 0x000001be2c18b000 Uncommon trap: reason=unstable_if action=reinterpret pc=0x000001be15fc6ed8 method=org.codehaus.groovy.runtime.metaclass.MetaMethodIndex.isOverridden(Lgroovy/lang/MetaMethod;Lgroovy/lang/MetaMethod;)Z @ 33 c2
Event: 13655.681 Thread 0x000001be2c18b000 DEOPT PACKING pc=0x000001be15fc6ed8 sp=0x0000002f2f7f8d30
Event: 13655.681 Thread 0x000001be2c18b000 DEOPT UNPACKING pc=0x000001be0d6fa1af sp=0x0000002f2f7f8c88 mode 2
Event: 13655.770 Thread 0x000001be2c18b000 DEOPT PACKING pc=0x000001be0e07fb70 sp=0x0000002f2f7f8ed0
Event: 13655.770 Thread 0x000001be2c18b000 DEOPT UNPACKING pc=0x000001be0d6fa95e sp=0x0000002f2f7f83b0 mode 0

Classes redefined (0 events):
No events

Internal exceptions (20 events):
Event: 13653.424 Thread 0x000001be2c18b000 Exception <a 'java/lang/ClassNotFoundException'{0x00000000931e3b88}: sync_studio_tooling9_8zbucmco2xmu2nqxlu4en72tcCustomizer> (0x00000000931e3b88) thrown at [./src/hotspot/share/classfile/systemDictionary.cpp, line 231]
Event: 13653.877 Thread 0x000001be27fa7800 Exception <a 'sun/nio/fs/WindowsException'{0x00000000930edff0}> (0x00000000930edff0) thrown at [./src/hotspot/share/prims/jni.cpp, line 615]
Event: 13653.891 Thread 0x000001be27fa7800 Exception <a 'sun/nio/fs/WindowsException'{0x0000000092f4cf90}> (0x0000000092f4cf90) thrown at [./src/hotspot/share/prims/jni.cpp, line 615]
Event: 13653.893 Thread 0x000001be27fa7800 Exception <a 'sun/nio/fs/WindowsException'{0x0000000092f4d0f8}> (0x0000000092f4d0f8) thrown at [./src/hotspot/share/prims/jni.cpp, line 615]
Event: 13654.918 Thread 0x000001be2c18b000 Exception <a 'java/lang/ClassNotFoundException'{0x0000000092f7e0e8}: sync_studio_tooling9_8zbucmco2xmu2nqxlu4en72tcBeanInfo> (0x0000000092f7e0e8) thrown at [./src/hotspot/share/classfile/systemDictionary.cpp, line 231]
Event: 13654.919 Thread 0x000001be2c18b000 Exception <a 'java/lang/ClassNotFoundException'{0x0000000092f8b018}: sync_studio_tooling9_8zbucmco2xmu2nqxlu4en72tcCustomizer> (0x0000000092f8b018) thrown at [./src/hotspot/share/classfile/systemDictionary.cpp, line 231]
Event: 13654.969 Thread 0x000001be2c18b000 Exception <a 'java/lang/ClassNotFoundException'{0x0000000092e29370}: ijinit_djaiyguce09tt96ii97e2to9mBeanInfo> (0x0000000092e29370) thrown at [./src/hotspot/share/classfile/systemDictionary.cpp, line 231]
Event: 13654.971 Thread 0x000001be2c18b000 Exception <a 'java/lang/ClassNotFoundException'{0x0000000092e35410}: ijinit_djaiyguce09tt96ii97e2to9mCustomizer> (0x0000000092e35410) thrown at [./src/hotspot/share/classfile/systemDictionary.cpp, line 231]
Event: 13654.995 Thread 0x000001be2c18b000 Exception <a 'java/lang/ClassNotFoundException'{0x0000000092e83ef8}: ijinit_djaiyguce09tt96ii97e2to9m$_run_closure1BeanInfo> (0x0000000092e83ef8) thrown at [./src/hotspot/share/classfile/systemDictionary.cpp, line 231]
Event: 13654.997 Thread 0x000001be2c18b000 Exception <a 'java/lang/ClassNotFoundException'{0x0000000092e88220}: ijinit_djaiyguce09tt96ii97e2to9m$_run_closure1Customizer> (0x0000000092e88220) thrown at [./src/hotspot/share/classfile/systemDictionary.cpp, line 231]
Event: 13655.099 Thread 0x000001be2c18b000 Exception <a 'java/lang/ClassNotFoundException'{0x0000000092db6048}: ijinit_djaiyguce09tt96ii97e2to9mBeanInfo> (0x0000000092db6048) thrown at [./src/hotspot/share/classfile/systemDictionary.cpp, line 231]
Event: 13655.101 Thread 0x000001be2c18b000 Exception <a 'java/lang/ClassNotFoundException'{0x0000000092dc20e8}: ijinit_djaiyguce09tt96ii97e2to9mCustomizer> (0x0000000092dc20e8) thrown at [./src/hotspot/share/classfile/systemDictionary.cpp, line 231]
Event: 13655.313 Thread 0x000001be2c18b000 Exception <a 'java/lang/ClassNotFoundException'{0x0000000092c49ab8}: JetGradlePluginBeanInfo> (0x0000000092c49ab8) thrown at [./src/hotspot/share/classfile/systemDictionary.cpp, line 231]
Event: 13655.317 Thread 0x000001be2c18b000 Exception <a 'java/lang/ClassNotFoundException'{0x0000000092c53ff0}: JetGradlePluginCustomizer> (0x0000000092c53ff0) thrown at [./src/hotspot/share/classfile/systemDictionary.cpp, line 231]
Event: 13655.372 Thread 0x000001be2c18b000 Exception <a 'java/lang/ClassNotFoundException'{0x0000000092cb4448}: org/jetbrains/plugins/gradle/model/internal/DummyModelBeanInfo> (0x0000000092cb4448) thrown at [./src/hotspot/share/classfile/systemDictionary.cpp, line 231]
Event: 13655.374 Thread 0x000001be2c18b000 Exception <a 'java/lang/ClassNotFoundException'{0x0000000092cbe8b0}: org/jetbrains/plugins/gradle/model/internal/DummyModelCustomizer> (0x0000000092cbe8b0) thrown at [./src/hotspot/share/classfile/systemDictionary.cpp, line 231]
Event: 13655.726 Thread 0x000001be2c18b000 Exception <a 'java/lang/ClassNotFoundException'{0x00000000928a9ca0}: org/jetbrains/plugins/gradle/tooling/internal/ExtraModelBuilderBeanInfo> (0x00000000928a9ca0) thrown at [./src/hotspot/share/classfile/systemDictionary.cpp, line 231]
Event: 13655.727 Thread 0x000001be2c18b000 Exception <a 'java/lang/ClassNotFoundException'{0x00000000928b3418}: org/jetbrains/plugins/gradle/tooling/internal/ExtraModelBuilderCustomizer> (0x00000000928b3418) thrown at [./src/hotspot/share/classfile/systemDictionary.cpp, line 231]
Event: 13655.851 Thread 0x000001be2c18b000 Exception <a 'java/lang/ClassNotFoundException'{0x00000000926698c8}: org/jetbrains/plugins/gradle/tooling/internal/ExtraModelBuilder$ForGradle44BeanInfo> (0x00000000926698c8) thrown at [./src/hotspot/share/classfile/systemDictionary.cpp, line 231]
Event: 13655.852 Thread 0x000001be2c18b000 Exception <a 'java/lang/ClassNotFoundException'{0x00000000926734a8}: org/jetbrains/plugins/gradle/tooling/internal/ExtraModelBuilder$ForGradle44Customizer> (0x00000000926734a8) thrown at [./src/hotspot/share/classfile/systemDictionary.cpp, line 231]

Events (20 events):
Event: 13655.676 loading class groovy/runtime/metaclass/org/gradle/util/internal/DefaultGradleVersionMetaClass
Event: 13655.676 loading class groovy/runtime/metaclass/org/gradle/util/internal/DefaultGradleVersionMetaClass done
Event: 13655.702 loading class groovy/runtime/metaclass/org/jetbrains/plugins/gradle/tooling/internal/ExtraModelBuilderMetaClass
Event: 13655.702 loading class groovy/runtime/metaclass/org/jetbrains/plugins/gradle/tooling/internal/ExtraModelBuilderMetaClass done
Event: 13655.726 loading class org/jetbrains/plugins/gradle/tooling/internal/ExtraModelBuilderBeanInfo
Event: 13655.726 loading class org/jetbrains/plugins/gradle/tooling/internal/ExtraModelBuilderBeanInfo done
Event: 13655.727 loading class org/jetbrains/plugins/gradle/tooling/internal/ExtraModelBuilderCustomizer
Event: 13655.727 loading class org/jetbrains/plugins/gradle/tooling/internal/ExtraModelBuilderCustomizer done
Event: 13655.743 loading class groovy/runtime/metaclass/java/lang/StringMetaClass
Event: 13655.743 loading class groovy/runtime/metaclass/java/lang/StringMetaClass done
Event: 13655.778 loading class groovy/runtime/metaclass/org/gradle/internal/classloader/VisitableURLClassLoaderMetaClass
Event: 13655.778 loading class groovy/runtime/metaclass/org/gradle/internal/classloader/VisitableURLClassLoaderMetaClass done
Event: 13655.815 loading class groovy/lang/GroovyRuntimeException
Event: 13655.815 loading class groovy/lang/GroovyRuntimeException done
Event: 13655.824 loading class groovy/runtime/metaclass/org/jetbrains/plugins/gradle/tooling/internal/ExtraModelBuilder$ForGradle44MetaClass
Event: 13655.824 loading class groovy/runtime/metaclass/org/jetbrains/plugins/gradle/tooling/internal/ExtraModelBuilder$ForGradle44MetaClass done
Event: 13655.849 loading class org/jetbrains/plugins/gradle/tooling/internal/ExtraModelBuilder$ForGradle44BeanInfo
Event: 13655.849 loading class org/jetbrains/plugins/gradle/tooling/internal/ExtraModelBuilder$ForGradle44BeanInfo done
Event: 13655.852 loading class org/jetbrains/plugins/gradle/tooling/internal/ExtraModelBuilder$ForGradle44Customizer
Event: 13655.852 loading class org/jetbrains/plugins/gradle/tooling/internal/ExtraModelBuilder$ForGradle44Customizer done


Dynamic libraries:
0x00007ff678870000 - 0x00007ff67887a000 	D:\Android Studio\path\jre\bin\java.exe
0x00007ffcfb0e0000 - 0x00007ffcfb2e9000 	C:\windows\SYSTEM32\ntdll.dll
0x00007ffcf9810000 - 0x00007ffcf98cd000 	C:\windows\System32\KERNEL32.DLL
0x00007ffcf89b0000 - 0x00007ffcf8d2d000 	C:\windows\System32\KERNELBASE.dll
0x00007ffcf8e50000 - 0x00007ffcf8f61000 	C:\windows\System32\ucrtbase.dll
0x00007ffcce780000 - 0x00007ffcce797000 	D:\Android Studio\path\jre\bin\VCRUNTIME140.dll
0x00007ffcbf150000 - 0x00007ffcbf169000 	D:\Android Studio\path\jre\bin\jli.dll
0x00007ffcf8fd0000 - 0x00007ffcf917d000 	C:\windows\System32\USER32.dll
0x00007ffcf8980000 - 0x00007ffcf89a6000 	C:\windows\System32\win32u.dll
0x00007ffcfae10000 - 0x00007ffcfae39000 	C:\windows\System32\GDI32.dll
0x00007ffcf8d30000 - 0x00007ffcf8e48000 	C:\windows\System32\gdi32full.dll
0x00007ffcf8730000 - 0x00007ffcf87cd000 	C:\windows\System32\msvcp_win.dll
0x00007ffcd3a30000 - 0x00007ffcd3cd5000 	C:\windows\WinSxS\amd64_microsoft.windows.common-controls_6595b64144ccf1df_6.0.22000.120_none_9d947278b86cc467\COMCTL32.dll
0x00007ffcfaff0000 - 0x00007ffcfb093000 	C:\windows\System32\msvcrt.dll
0x00007ffcfa830000 - 0x00007ffcfa861000 	C:\windows\System32\IMM32.DLL
0x00007ffc940b0000 - 0x00007ffc9414d000 	D:\Android Studio\path\jre\bin\msvcp140.dll
0x00007ffc7d520000 - 0x00007ffc7e005000 	D:\Android Studio\path\jre\bin\server\jvm.dll
0x00007ffcf9760000 - 0x00007ffcf980e000 	C:\windows\System32\ADVAPI32.dll
0x00007ffcfa510000 - 0x00007ffcfa5ae000 	C:\windows\System32\sechost.dll
0x00007ffcfa870000 - 0x00007ffcfa990000 	C:\windows\System32\RPCRT4.dll
0x00007ffcfafe0000 - 0x00007ffcfafe8000 	C:\windows\System32\PSAPI.DLL
0x00007ffcecef0000 - 0x00007ffcecefa000 	C:\windows\SYSTEM32\VERSION.dll
0x00007ffcee2a0000 - 0x00007ffcee2d3000 	C:\windows\SYSTEM32\WINMM.dll
0x00007ffced370000 - 0x00007ffced379000 	C:\windows\SYSTEM32\WSOCK32.dll
0x00007ffcf9600000 - 0x00007ffcf966f000 	C:\windows\System32\WS2_32.dll
0x00007ffcf77b0000 - 0x00007ffcf77c8000 	C:\windows\SYSTEM32\kernel.appcore.dll
0x00007ffcf0230000 - 0x00007ffcf0241000 	D:\Android Studio\path\jre\bin\verify.dll
0x00007ffcf60c0000 - 0x00007ffcf62e1000 	C:\windows\SYSTEM32\DBGHELP.DLL
0x00007ffce84f0000 - 0x00007ffce8521000 	C:\windows\SYSTEM32\dbgcore.DLL
0x00007ffcf8840000 - 0x00007ffcf88bf000 	C:\windows\System32\bcryptPrimitives.dll
0x00007ffce7e80000 - 0x00007ffce7ea9000 	D:\Android Studio\path\jre\bin\java.dll
0x00007ffcf02c0000 - 0x00007ffcf02cb000 	D:\Android Studio\path\jre\bin\jimage.dll
0x00007ffcf01f0000 - 0x00007ffcf0208000 	D:\Android Studio\path\jre\bin\zip.dll
0x00007ffcf9c50000 - 0x00007ffcfa408000 	C:\windows\System32\SHELL32.dll
0x00007ffcf6700000 - 0x00007ffcf6f68000 	C:\windows\SYSTEM32\windows.storage.dll
0x00007ffcf98d0000 - 0x00007ffcf9c49000 	C:\windows\System32\combase.dll
0x00007ffcf6590000 - 0x00007ffcf66f6000 	C:\windows\SYSTEM32\wintypes.dll
0x00007ffcf9510000 - 0x00007ffcf95fa000 	C:\windows\System32\SHCORE.dll
0x00007ffcfa410000 - 0x00007ffcfa46d000 	C:\windows\System32\shlwapi.dll
0x00007ffcf84f0000 - 0x00007ffcf8511000 	C:\windows\SYSTEM32\profapi.dll
0x00007ffcf0150000 - 0x00007ffcf016a000 	D:\Android Studio\path\jre\bin\net.dll
0x00007ffceee70000 - 0x00007ffceef7c000 	C:\windows\SYSTEM32\WINHTTP.dll
0x00007ffcf7be0000 - 0x00007ffcf7c47000 	C:\windows\system32\mswsock.dll
0x00007ffce7e60000 - 0x00007ffce7e74000 	D:\Android Studio\path\jre\bin\nio.dll
0x00007ffce0c30000 - 0x00007ffce0c57000 	C:\Users\86176\.gradle\native\e1d6ef7f7dcc3fd88c89a11ec53ec762bb8ba0a96d01ffa2cd45eb1d1d8dd5c5\windows-amd64\native-platform.dll
0x00007ffc93150000 - 0x00007ffc93294000 	C:\Users\86176\.gradle\native\5664cfc778a61ccfe75a443a1ab52a65af34e5dc3c78e0209fed803814484fcb\windows-amd64\native-platform-file-events.dll
0x00007ffcf01d0000 - 0x00007ffcf01da000 	D:\Android Studio\path\jre\bin\management.dll
0x00007ffce83f0000 - 0x00007ffce83fd000 	D:\Android Studio\path\jre\bin\management_ext.dll
0x00007ffcf7e30000 - 0x00007ffcf7e48000 	C:\windows\SYSTEM32\CRYPTSP.dll
0x00007ffcf7710000 - 0x00007ffcf7745000 	C:\windows\system32\rsaenh.dll
0x00007ffcf7cd0000 - 0x00007ffcf7cf9000 	C:\windows\SYSTEM32\USERENV.dll
0x00007ffcf7fa0000 - 0x00007ffcf7fc7000 	C:\windows\SYSTEM32\bcrypt.dll
0x00007ffcf7e20000 - 0x00007ffcf7e2c000 	C:\windows\SYSTEM32\CRYPTBASE.dll
0x00007ffcf72e0000 - 0x00007ffcf730d000 	C:\windows\SYSTEM32\IPHLPAPI.DLL
0x00007ffcfae00000 - 0x00007ffcfae09000 	C:\windows\System32\NSI.dll
0x00007ffceee50000 - 0x00007ffceee69000 	C:\windows\SYSTEM32\dhcpcsvc6.DLL
0x00007ffcef020000 - 0x00007ffcef03e000 	C:\windows\SYSTEM32\dhcpcsvc.DLL
0x00007ffcf7360000 - 0x00007ffcf7448000 	C:\windows\SYSTEM32\DNSAPI.dll
0x00007ffce7910000 - 0x00007ffce7937000 	D:\Android Studio\path\jre\bin\sunec.dll
0x00007ffcf7450000 - 0x00007ffcf7484000 	C:\windows\SYSTEM32\ntmarta.dll

dbghelp: loaded successfully - version: 4.0.5 - missing functions: none
symbol engine: initialized successfully - sym options: 0x614 - pdb path: .;D:\Android Studio\path\jre\bin;C:\windows\SYSTEM32;C:\windows\WinSxS\amd64_microsoft.windows.common-controls_6595b64144ccf1df_6.0.22000.120_none_9d947278b86cc467;D:\Android Studio\path\jre\bin\server;C:\Users\86176\.gradle\native\e1d6ef7f7dcc3fd88c89a11ec53ec762bb8ba0a96d01ffa2cd45eb1d1d8dd5c5\windows-amd64;C:\Users\86176\.gradle\native\5664cfc778a61ccfe75a443a1ab52a65af34e5dc3c78e0209fed803814484fcb\windows-amd64

VM Arguments:
jvm_args: --add-opens=java.base/java.util=ALL-UNNAMED --add-opens=java.base/java.lang=ALL-UNNAMED --add-opens=java.base/java.lang.invoke=ALL-UNNAMED --add-opens=java.base/java.util=ALL-UNNAMED --add-opens=java.prefs/java.util.prefs=ALL-UNNAMED --add-opens=java.prefs/java.util.prefs=ALL-UNNAMED --add-opens=java.base/java.nio.charset=ALL-UNNAMED --add-opens=java.base/java.net=ALL-UNNAMED --add-opens=java.base/java.util.concurrent.atomic=ALL-UNNAMED -Xmx2048m -Dfile.encoding=UTF-8 -Duser.country=CN -Duser.language=zh -Duser.variant 
java_command: org.gradle.launcher.daemon.bootstrap.GradleDaemon 7.3.3
java_class_path (initial): C:\Users\86176\.gradle\wrapper\dists\gradle-7.3.3-bin\6a41zxkdtcxs8rphpq6y0069z\gradle-7.3.3\lib\gradle-launcher-7.3.3.jar
Launcher Type: SUN_STANDARD

[Global flags]
     intx CICompilerCount                          = 4                                         {product} {ergonomic}
     uint ConcGCThreads                            = 2                                         {product} {ergonomic}
     uint G1ConcRefinementThreads                  = 8                                         {product} {ergonomic}
   size_t G1HeapRegionSize                         = 1048576                                   {product} {ergonomic}
    uintx GCDrainStackTargetSize                   = 64                                        {product} {ergonomic}
   size_t InitialHeapSize                          = 132120576                                 {product} {ergonomic}
   size_t MarkStackSize                            = 4194304                                   {product} {ergonomic}
   size_t MaxHeapSize                              = 2147483648                                {product} {command line}
   size_t MaxNewSize                               = 1287651328                                {product} {ergonomic}
   size_t MinHeapDeltaBytes                        = 1048576                                   {product} {ergonomic}
    uintx NonNMethodCodeHeapSize                   = 5836300                                {pd product} {ergonomic}
    uintx NonProfiledCodeHeapSize                  = 122910970                              {pd product} {ergonomic}
    uintx ProfiledCodeHeapSize                     = 122910970                              {pd product} {ergonomic}
    uintx ReservedCodeCacheSize                    = 251658240                              {pd product} {ergonomic}
     bool SegmentedCodeCache                       = true                                      {product} {ergonomic}
     bool UseCompressedClassPointers               = true                                 {lp64_product} {ergonomic}
     bool UseCompressedOops                        = true                                 {lp64_product} {ergonomic}
     bool UseG1GC                                  = true                                      {product} {ergonomic}
     bool UseLargePagesIndividualAllocation        = false                                  {pd product} {ergonomic}

Logging:
Log output configuration:
 #0: stdout all=warning uptime,level,tags
 #1: stderr all=off uptime,level,tags

Environment Variables:
JAVA_HOME=D:\Eclipse1\JDK
PATH=C:\Windows\system32;C:\Windows;C:\Windows\System32\Wbem;C:\Windows\System32\WindowsPowerShell\v1.0\;C:\Windows\System32\OpenSSH\;C:\Program Files\NVIDIA Corporation\NVIDIA NvDLISR;C:\Program Files\Microsoft SQL Server\Client SDK\ODBC\110\Tools\Binn\;C:\Program Files (x86)\Microsoft SQL Server\120\Tools\Binn\;C:\Program Files\Microsoft SQL Server\120\Tools\Binn\;C:\Program Files\Microsoft SQL Server\120\DTS\Binn\;C:\Program Files (x86)\Windows Kits\8.1\Windows Performance Toolkit\;C:\WINDOWS\system32;C:\WINDOWS;C:\WINDOWS\System32\Wbem;C:\WINDOWS\System32\WindowsPowerShell\v1.0\;C:\WINDOWS\System32\OpenSSH\;D:\ygprogress\graphviz2.49\Graphviz\bin;D:\Matlab2018\runtime\win64;D:\Matlab2018\bin;C:\Program Files\dotnet\;C:\Program Files (x86)\NVIDIA Corporation\PhysX\Common;C:\ProgramData\Anaconda3;C:\ProgramData\Anaconda3\Scripts;C:\ProgramData\Anaconda3\Library\bin;D:\ygprogress\graphviz（图形可视化）\path\Graphviz\bin;D:\AndroidStudio_SDK\platform-tools;C:\Users\86176\AppData\Local\Programs\Python\Python310\Scripts\;C:\Users\86176\AppData\Local\Programs\Python\Python310\;D:\Anaconda1;D:\Anaconda1\Library\mingw-w64\bin;D:\Anaconda1\Library\usr\bin;D:\Anaconda1\Library\bin;D:\Anaconda1\Scripts;C:\Users\86176\AppData\Local\Microsoft\WindowsApps;D:\Python\anaconda\Scripts;D:\ygprogress\graphviz\bin;D:\ygprogress\graphviz2.49\Graphviz\bin;D:\VSCode\path\Microsoft VS Code\bin;D:\Python\python-3.7.7-amd64.exe;C:\Users\86176\AppData\Roaming\Microsoft\Windows\Start Menu\Programs\Python 3.7\IDLE (Python 3.7 64-bit).lnk;D:\AndroidStudio_SDK\platform-tools;
USERNAME=86176
OS=Windows_NT
PROCESSOR_IDENTIFIER=Intel64 Family 6 Model 158 Stepping 10, GenuineIntel



---------------  S Y S T E M  ---------------

OS: Windows 10 , 64 bit Build 22000 (10.0.22000.708)
OS uptime: 0 days 18:49 hours

CPU:total 8 (initial active 8) (4 cores per cpu, 2 threads per core) family 6 model 158 stepping 10 microcode 0xde, cmov, cx8, fxsr, mmx, sse, sse2, sse3, ssse3, sse4.1, sse4.2, popcnt, avx, avx2, aes, clmul, erms, 3dnowpref, lzcnt, ht, tsc, tscinvbit, bmi1, bmi2, adx, fma

Memory: 4k page, system-wide physical 8033M (225M free)
TotalPageFile size 23198M (AvailPageFile size 0M)
current process WorkingSet (physical memory assigned to process): 118M, peak: 689M
current process commit charge ("private bytes"): 824M, peak: 839M

vm_info: OpenJDK 64-Bit Server VM (11.0.12+7-b1504.28-7817840) for windows-amd64 JRE (11.0.12+7-b1504.28-7817840), built on Oct 13 2021 22:12:33 by "builder" with MS VC++ 14.0 (VS2015)

END.
